T0834 301:320.529   SEGGER J-Link V7.54c Log File
T0834 301:320.619   DLL Compiled: Sep 20 2021 13:55:02
T0834 301:320.643   Logging started @ 2021-10-02 08:43
T0834 301:320.663 - 59.378ms
T0834 301:327.533 JLINK_ExecCommand("Device = ATSAM4E8E", ...). 
T0834 301:327.852   Device "ATSAM4E8E" selected.
T0834 301:328.247 - 0.692ms returns 0x00
T0834 301:328.298 JLINK_TIF_Select(JLINKARM_TIF_SWD)
T0834 301:330.181 - 1.917ms returns 0x00
T0834 301:330.233 JLINK_SetSpeed(4000)
T0834 301:330.624 - 0.411ms
T0834 301:330.662 JLINK_ResetPullsRESET(OFF)
T0834 301:330.683 - 0.032ms
T0834 301:330.707 JLINK_Connect()
T0834 301:332.223   Found SW-DP with ID 0x2BA01477
T0834 301:336.483   DPIDR: 0x2BA01477
T0834 301:336.542   Scanning AP map to find all available APs
T0834 301:337.660   AP[1]: Stopped AP scan as end of AP map has been reached
T0834 301:337.686   AP[0]: AHB-AP (IDR: 0x24770011)
T0834 301:337.707   Iterating through AP map to find AHB-AP to use
T0834 301:339.124   AP[0]: Core found
T0834 301:339.180   AP[0]: AHB-AP ROM base: 0xE00FF000
T0834 301:339.958   CPUID register: 0x410FC241. Implementer code: 0x41 (ARM)
T0834 301:339.990   Found Cortex-M4 r0p1, Little endian.
T0834 301:442.155   -- Max. mem block: 0x00010C40
T0834 301:442.657   CPU_ReadMem(4 bytes @ 0xE000EDF0)
T0834 301:443.376   CPU_WriteMem(4 bytes @ 0xE000EDF0)
T0834 301:444.059   CPU_ReadMem(4 bytes @ 0xE0002000)
T0834 301:444.715   FPUnit: 6 code (BP) slots and 2 literal slots
T0834 301:444.733   CPU_ReadMem(4 bytes @ 0xE000EDFC)
T0834 301:445.343   CPU_WriteMem(4 bytes @ 0xE000EDFC)
T0834 301:445.971   CPU_ReadMem(4 bytes @ 0xE0001000)
T0834 301:446.553   CPU_WriteMem(4 bytes @ 0xE0001000)
T0834 301:447.108   CPU_ReadMem(4 bytes @ 0xE000ED88)
T0834 301:447.694   CPU_WriteMem(4 bytes @ 0xE000ED88)
T0834 301:448.283   CPU_ReadMem(4 bytes @ 0xE000ED88)
T0834 301:448.814   CPU_WriteMem(4 bytes @ 0xE000ED88)
T0834 301:449.413   CoreSight components:
T0834 301:449.440   ROMTbl[0] @ E00FF000
T0834 301:449.453   CPU_ReadMem(64 bytes @ 0xE00FF000)
T0834 301:450.339   CPU_ReadMem(32 bytes @ 0xE000EFE0)
T0834 301:451.044   [0][0]: E000E000 CID B105E00D PID 000BB00C SCS-M7
T0834 301:451.060   CPU_ReadMem(32 bytes @ 0xE0001FE0)
T0834 301:451.731   [0][1]: E0001000 CID B105E00D PID 003BB002 DWT
T0834 301:451.747   CPU_ReadMem(32 bytes @ 0xE0002FE0)
T0834 301:452.426   [0][2]: E0002000 CID B105E00D PID 002BB003 FPB
T0834 301:452.444   CPU_ReadMem(32 bytes @ 0xE0000FE0)
T0834 301:453.210   [0][3]: E0000000 CID B105E00D PID 003BB001 ITM
T0834 301:453.228   CPU_ReadMem(32 bytes @ 0xE0040FE0)
T0834 301:453.873   [0][4]: E0040000 CID B105900D PID 000BB9A1 TPIU
T0834 301:453.895 - 123.192ms returns 0x00
T0834 301:453.970 JLINK_Halt()
T0834 301:456.686 - 2.735ms returns 0x00
T0834 301:456.845 JLINK_BeginDownload(Flags = 0x00000000)
T0834 301:456.861 - 0.020ms
T0834 301:456.885 JLINK_WriteMem(0x400E0A04, 0x4 Bytes, ...)
T0834 301:456.894   Data:  0B 01 00 5A
T0834 301:457.249   CPU_WriteMem(4 bytes @ 0x400E0A04)
T0834 301:457.790 - 0.916ms returns 0x4
T0834 301:457.846 JLINK_EndDownload()
T0834 301:457.860 - 0.018ms returns 0 (0x0)
T0834 301:457.871 JLINK_ReadMemHW(0x400E0A08, 0x0004 Bytes, ...)
T0834 301:457.882   CPU_ReadMem(4 bytes @ 0x400E0A08)
T0834 301:458.430   Data:  01 00 00 00
T0834 301:458.447 - 0.579ms returns 0
T0834 301:458.483 JLINK_SetResetType(JLINKARM_CM3_RESET_TYPE_NORMAL)
T0834 301:458.492 - 0.013ms returns JLINKARM_CM3_RESET_TYPE_NORMAL
T0834 301:458.503 JLINK_Reset()
T0834 301:459.038   CPU_ReadMem(16 bytes @ 0x20000000)
T0834 301:459.628   CPU_WriteMem(16 bytes @ 0x20000000)
T0834 301:460.231   CPU_ReadMem(4 bytes @ 0xE000EDFC)
T0834 301:460.803   CPU_WriteMem(4 bytes @ 0xE000EDFC)
T0834 301:461.413   CPU_ReadMem(4 bytes @ 0xE0001000)
T0834 301:476.885   CPU_WriteMem(4 bytes @ 0xE000EDFC)
T0834 301:477.449   CPU_WriteMem(16 bytes @ 0x20000000)
T0834 301:480.913   CPU_WriteMem(4 bytes @ 0xE0002000)
T0834 301:481.489   CPU_ReadMem(4 bytes @ 0xE000EDFC)
T0834 301:482.027   CPU_ReadMem(4 bytes @ 0xE0001000)
T0834 301:482.693 - 24.198ms
T0834 301:484.205 JLINK_JTAG_GetDeviceID(DeviceIndex = 0)
T0834 301:484.221 - 0.019ms returns 0
T0834 301:484.232 JLINK_ReadMemU32(0x400E0740, 0x1 Items)
T0834 301:484.250   CPU_ReadMem(4 bytes @ 0x400E0740)
T0834 301:484.771   Data:  E1 0C CC A3
T0834 301:484.789 - 0.561ms returns 1 (0x1)
T0834 301:484.823 JLINK_ReadMemU32(0x400E0744, 0x1 Items)
T0834 301:484.839   CPU_ReadMem(4 bytes @ 0x400E0744)
T0834 301:485.375   Data:  08 02 12 00
T0834 301:485.391 - 0.571ms returns 1 (0x1)
T2684 301:496.064 JLINK_IsHalted()
T2684 301:496.095 - 0.037ms returns TRUE
T2684 301:496.112 JLINK_GetMOEs(...)
T2684 301:496.130   CPU_ReadMem(4 bytes @ 0xE000ED30)
T2684 301:496.738 - 0.642ms returns 0x01
T2684 301:496.768 JLINK_ReadReg(R15 (PC))
T2684 301:496.784 - 0.022ms returns 0xFFFFFFFE
T0834 301:505.205 JLINK_BeginDownload(Flags = 0x00000000)
T0834 301:505.231 - 0.030ms
T0834 301:505.253 JLINK_WriteMem(0x00400000, 0x4000 Bytes, ...)
T0834 301:505.263   Data:  58 35 00 20 81 27 40 00 F1 26 40 00 F1 26 40 00 ...
T0834 301:505.907   completely In flash
T0834 301:505.962    -- Read from flash cache (16384 bytes @ 0x00400000)
T0834 301:505.980 - 0.730ms returns 0x4000
T0834 301:506.015 JLINK_WriteMem(0x00404000, 0xBC Bytes, ...)
T0834 301:506.025   Data:  1A 00 00 00 1E 00 00 00 23 00 00 00 28 00 00 00 ...
T0834 301:506.039   completely In flash
T0834 301:506.052    -- Read from flash cache (188 bytes @ 0x00404000)
T0834 301:506.064 - 0.053ms returns 0xBC
T0834 301:506.231 JLINK_WriteMem(0x004040BC, 0x8 Bytes, ...)
T0834 301:506.243   Data:  A4 F9 FF 7F 01 00 00 00
T0834 301:506.256   completely In flash
T0834 301:506.267 - 0.040ms returns 0x8
T0834 301:506.365 JLINK_WriteMem(0x004040C4, 0x43C Bytes, ...)
T0834 301:506.377   Data:  BF F3 5F 8F 01 38 FB D1 70 47 01 00 00 09 3D 00 ...
T0834 301:506.389   completely In flash
T0834 301:506.404    -- Read from flash cache (1084 bytes @ 0x004040C4)
T0834 301:506.416 - 0.055ms returns 0x43C
T0834 301:512.308 JLINK_EndDownload()
T0834 301:512.845   CPU_ReadMem(4 bytes @ 0xE000ED90)
T0834 301:513.533   CPU_ReadMem(4 bytes @ 0xE000ED94)
T0834 301:514.176    -- --------------------------------------
T0834 301:514.203   Flash bank @ 0x00400000: Default: L2 verify disabled because algorithm performs L1 verify
T0834 301:514.220    -- Start of determining dirty areas in flash cache
T0834 301:514.417    -- End of determining dirty areas
T0834 301:514.437    -- Start of preparing flash programming
T0834 301:514.454    -- Calculating RAM usage
T0834 301:514.770    -- RAM usage = 3876 Bytes
T0834 301:514.790    -- Preserving CPU registers
T0834 301:514.820    -- Preparing memory
T0834 301:514.833    -- Preparing target
T0834 301:674.135    -- Preserving target RAM temporarily used for programming
T0834 301:693.045    -- Downloading RAMCode
T0834 301:707.371    -- Preparing RAMCode
T0834 301:713.622    -- Checking target RAM
T0834 301:715.601    -- End of preparing flash programming
T0834 301:715.780   Looking for J-Link GUI Server exe at: C:\Program Files (x86)\Atmel\Studio\7.0\atbackend\JLinkGUIServer.exe
T0834 301:715.873   Looking for J-Link GUI Server exe at: C:\Program Files\SEGGER\JLink\JLinkGUIServer.exe
T0834 301:715.919   Forking J-Link GUI Server: C:\Program Files\SEGGER\JLink\JLinkGUIServer.exe
T0834 301:742.648   J-Link GUI Server info: "J-Link GUI server V7.54c "
T0834 301:755.508    -- CPU is running at 90000 kHz.
T0834 301:755.604    -- Start of comparing flash
T0834 301:755.629    -- CRC check was estimated as fastest method
T0834 301:797.954    -- Comparing range 0x400000 - 0x404FFF (5 Sectors, 20 KB), using multi-block CRC calculation
T0834 301:809.518    -- CRC does not match for sectors 0-4
T0834 301:809.552    -- End of comparing flash
T0834 301:809.566    -- Start of erasing sectors
T0834 301:809.579    -- End of erasing sectors
T0834 301:809.591    -- Start of flash programming
T0834 301:809.607    -- Programming range 0x00400000 - 0x00404FFF (  5 Sectors, 20 KB)
T0834 301:954.494    -- End of flash programming
T0834 301:954.579    -- 0x400000 - 0x404FFF (  5 Sectors, 20 KoB)
T0834 301:954.594    -- Start of restoring
T0834 301:954.607    -- Restoring RAMCode
T0834 301:970.355    -- Restoring target memory
T0834 301:984.987    -- Restore target
T0834 302:036.669    -- Restore memory
T0834 302:036.697    -- Restoring CPU registers
T0834 302:036.722    -- End of restoring
T0834 302:036.775    -- Bank 0 @ 0x00400000: 1 range affected (20480 bytes)
T0834 302:036.801    -- Total: 0.522s (Prepare: 0.241s, Compare: 0.054s, Erase: 0.000s, Program & Verify: 0.155s, Restore: 0.071s)
T0834 302:036.823    -- Program & Verify speed: 129 KB/s
T0834 302:041.780 - 529.498ms returns 20480 (0x5000)
T0834 302:041.903 JLINK_SetResetType(JLINKARM_CM3_RESET_TYPE_NORMAL)
T0834 302:041.915 - 0.016ms returns JLINKARM_CM3_RESET_TYPE_NORMAL
T0834 302:041.927 JLINK_Reset()
T0834 302:042.552   CPU_ReadMem(16 bytes @ 0x20000000)
T0834 302:043.394   CPU_WriteMem(16 bytes @ 0x20000000)
T0834 302:044.592   CPU_ReadMem(4 bytes @ 0xE000EDFC)
T0834 302:045.193   CPU_WriteMem(4 bytes @ 0xE000EDFC)
T0834 302:045.924   CPU_ReadMem(4 bytes @ 0xE0001000)
T0834 302:064.272   CPU_WriteMem(4 bytes @ 0xE000EDFC)
T0834 302:065.055   CPU_WriteMem(16 bytes @ 0x20000000)
T0834 302:068.620   CPU_WriteMem(4 bytes @ 0xE0002000)
T0834 302:069.325   CPU_ReadMem(4 bytes @ 0xE000EDFC)
T0834 302:069.882   CPU_ReadMem(4 bytes @ 0xE0001000)
T0834 302:070.440 - 28.527ms
T2684 302:102.009 JLINK_IsHalted()
T2684 302:102.038 - 0.034ms returns TRUE
T2684 302:302.151 JLINK_IsHalted()
T2684 302:302.189 - 0.043ms returns TRUE
T3A24 302:336.024 JLINK_Halt()
T3A24 302:336.053 - 0.034ms returns 0x00
T3A24 302:336.083 JLINK_ReadReg(R15 (PC))
T3A24 302:336.097 - 0.019ms returns 0x00402780
T3A24 302:336.115 JLINK_ReadReg(R13 (SP))
T3A24 302:336.126 - 0.015ms returns 0x20003558
T3A24 302:342.114 JLINK_ReadMemHW(0x00402780, 0x0004 Bytes, ...)
T3A24 302:342.148   CPU_ReadMem(4 bytes @ 0x00402780)
T3A24 302:342.659   Data:  80 B5 84 B0
T3A24 302:342.682 - 0.573ms returns 0
T3A24 302:342.917 JLINK_ReadReg(R0)
T3A24 302:342.946 - 0.034ms returns 0x00000000
T3A24 302:342.967 JLINK_ReadReg(R1)
T3A24 302:342.978 - 0.015ms returns 0x00000000
T3A24 302:342.993 JLINK_ReadReg(R2)
T3A24 302:343.003 - 0.014ms returns 0x00000000
T3A24 302:343.020 JLINK_ReadReg(R3)
T3A24 302:343.029 - 0.014ms returns 0x00000000
T3A24 302:343.044 JLINK_ReadReg(R4)
T3A24 302:343.053 - 0.013ms returns 0x00000000
T3A24 302:343.068 JLINK_ReadReg(R5)
T3A24 302:343.077 - 0.013ms returns 0x00000000
T3A24 302:343.091 JLINK_ReadReg(R6)
T3A24 302:343.101 - 0.014ms returns 0x00000000
T3A24 302:343.115 JLINK_ReadReg(R7)
T3A24 302:343.125 - 0.013ms returns 0x00000000
T3A24 302:343.139 JLINK_ReadReg(R8)
T3A24 302:343.149 - 0.014ms returns 0x00000000
T3A24 302:343.163 JLINK_ReadReg(R9)
T3A24 302:343.172 - 0.013ms returns 0x00000000
T3A24 302:343.187 JLINK_ReadReg(R10)
T3A24 302:343.197 - 0.013ms returns 0x00000000
T3A24 302:343.211 JLINK_ReadReg(R11)
T3A24 302:343.220 - 0.014ms returns 0x00000000
T3A24 302:343.235 JLINK_ReadReg(R12)
T3A24 302:343.244 - 0.013ms returns 0x00000000
T3A24 302:343.258 JLINK_ReadReg(R13 (SP))
T3A24 302:343.269 - 0.015ms returns 0x20003558
T3A24 302:343.284 JLINK_ReadReg(R14)
T3A24 302:343.294 - 0.014ms returns 0xFFFFFFFF
T3A24 302:343.308 JLINK_ReadReg(R15 (PC))
T3A24 302:343.318 - 0.014ms returns 0x00402780
T3A24 302:343.352 JLINK_ReadReg(XPSR)
T3A24 302:343.362 - 0.014ms returns 0x01000000
T3A24 302:343.376 JLINK_ReadReg(MSP)
T3A24 302:343.386 - 0.013ms returns 0x20003558
T3A24 302:343.400 JLINK_ReadReg(PSP)
T3A24 302:343.410 - 0.013ms returns 0x00000000
T3A24 302:343.424 JLINK_ReadReg(PRIMASK)
T3A24 302:343.434 - 0.014ms returns 0x00000000
T3A24 302:343.449 JLINK_ReadReg(BASEPRI)
T3A24 302:343.458 - 0.014ms returns 0x00000000
T3A24 302:343.472 JLINK_ReadReg(FAULTMASK)
T3A24 302:343.482 - 0.013ms returns 0x00000000
T3A24 302:343.496 JLINK_ReadReg(CONTROL)
T3A24 302:343.506 - 0.013ms returns 0x00000000
T3A24 302:343.525 JLINK_ReadReg(FPSCR)
T3A24 302:347.531 - 4.017ms returns 0x00000000
T3A24 302:347.562 JLINK_ReadReg(FPS0)
T3A24 302:347.575 - 0.018ms returns 0x00000000
T3A24 302:347.591 JLINK_ReadReg(FPS1)
T3A24 302:347.602 - 0.015ms returns 0x00000000
T3A24 302:347.617 JLINK_ReadReg(FPS2)
T3A24 302:347.628 - 0.014ms returns 0x00000000
T3A24 302:347.643 JLINK_ReadReg(FPS3)
T3A24 302:347.653 - 0.014ms returns 0x00000000
T3A24 302:347.668 JLINK_ReadReg(FPS4)
T3A24 302:347.678 - 0.014ms returns 0x00000000
T3A24 302:347.693 JLINK_ReadReg(FPS5)
T3A24 302:347.703 - 0.014ms returns 0x00000000
T3A24 302:347.719 JLINK_ReadReg(FPS6)
T3A24 302:347.729 - 0.014ms returns 0x00000000
T3A24 302:347.744 JLINK_ReadReg(FPS7)
T3A24 302:347.754 - 0.014ms returns 0x00000000
T3A24 302:347.769 JLINK_ReadReg(FPS8)
T3A24 302:347.779 - 0.014ms returns 0x00000000
T3A24 302:347.794 JLINK_ReadReg(FPS9)
T3A24 302:347.804 - 0.014ms returns 0x00000000
T3A24 302:347.819 JLINK_ReadReg(FPS10)
T3A24 302:347.829 - 0.014ms returns 0x00000000
T3A24 302:347.844 JLINK_ReadReg(FPS11)
T3A24 302:347.854 - 0.014ms returns 0x00000000
T3A24 302:347.869 JLINK_ReadReg(FPS12)
T3A24 302:347.879 - 0.014ms returns 0x00000000
T3A24 302:347.894 JLINK_ReadReg(FPS13)
T3A24 302:347.903 - 0.014ms returns 0x00000000
T3A24 302:347.918 JLINK_ReadReg(FPS14)
T3A24 302:347.928 - 0.014ms returns 0x00000000
T3A24 302:347.943 JLINK_ReadReg(FPS15)
T3A24 302:347.953 - 0.014ms returns 0x00000000
T3A24 302:347.968 JLINK_ReadReg(FPS16)
T3A24 302:347.978 - 0.014ms returns 0x00000000
T3A24 302:347.992 JLINK_ReadReg(FPS17)
T3A24 302:348.004 - 0.016ms returns 0x00000000
T3A24 302:348.019 JLINK_ReadReg(FPS18)
T3A24 302:348.029 - 0.014ms returns 0x00000000
T3A24 302:348.044 JLINK_ReadReg(FPS19)
T3A24 302:348.053 - 0.014ms returns 0x00000000
T3A24 302:348.068 JLINK_ReadReg(FPS20)
T3A24 302:348.078 - 0.014ms returns 0x00000000
T3A24 302:348.092 JLINK_ReadReg(FPS21)
T3A24 302:348.102 - 0.014ms returns 0x00000000
T3A24 302:348.116 JLINK_ReadReg(FPS22)
T3A24 302:348.126 - 0.014ms returns 0x00000000
T3A24 302:348.141 JLINK_ReadReg(FPS23)
T3A24 302:348.150 - 0.014ms returns 0x00000000
T3A24 302:348.165 JLINK_ReadReg(FPS24)
T3A24 302:348.175 - 0.014ms returns 0x00000000
T3A24 302:348.190 JLINK_ReadReg(FPS25)
T3A24 302:348.199 - 0.014ms returns 0x00000000
T3A24 302:348.214 JLINK_ReadReg(FPS26)
T3A24 302:348.224 - 0.014ms returns 0x00000000
T3A24 302:348.238 JLINK_ReadReg(FPS27)
T3A24 302:348.248 - 0.014ms returns 0x00000000
T3A24 302:348.263 JLINK_ReadReg(FPS28)
T3A24 302:348.273 - 0.014ms returns 0x00000000
T3A24 302:348.288 JLINK_ReadReg(FPS29)
T3A24 302:348.297 - 0.014ms returns 0x00000000
T3A24 302:348.312 JLINK_ReadReg(FPS30)
T3A24 302:348.322 - 0.014ms returns 0x00000000
T3A24 302:348.337 JLINK_ReadReg(FPS31)
T3A24 302:348.346 - 0.014ms returns 0x00000000
T3A24 302:348.678 JLINK_ReadMemHW(0x00402780, 0x0002 Bytes, ...)
T3A24 302:348.703   CPU_ReadMem(2 bytes @ 0x00402780)
T3A24 302:349.339   Data:  80 B5
T3A24 302:349.356 - 0.682ms returns 0
T3A24 302:381.404 JLINK_ReadReg(R0)
T3A24 302:381.434 - 0.035ms returns 0x00000000
T3A24 302:381.452 JLINK_ReadReg(R1)
T3A24 302:381.463 - 0.014ms returns 0x00000000
T3A24 302:381.477 JLINK_ReadReg(R2)
T3A24 302:381.487 - 0.014ms returns 0x00000000
T3A24 302:381.501 JLINK_ReadReg(R3)
T3A24 302:381.511 - 0.014ms returns 0x00000000
T3A24 302:381.526 JLINK_ReadReg(R4)
T3A24 302:381.536 - 0.014ms returns 0x00000000
T3A24 302:381.550 JLINK_ReadReg(R5)
T3A24 302:381.560 - 0.014ms returns 0x00000000
T3A24 302:381.575 JLINK_ReadReg(R6)
T3A24 302:381.584 - 0.014ms returns 0x00000000
T3A24 302:381.600 JLINK_ReadReg(R7)
T3A24 302:381.621 - 0.029ms returns 0x00000000
T3A24 302:381.644 JLINK_ReadReg(R8)
T3A24 302:381.655 - 0.015ms returns 0x00000000
T3A24 302:381.671 JLINK_ReadReg(R9)
T3A24 302:381.681 - 0.014ms returns 0x00000000
T3A24 302:381.695 JLINK_ReadReg(R10)
T3A24 302:381.705 - 0.013ms returns 0x00000000
T3A24 302:381.719 JLINK_ReadReg(R11)
T3A24 302:381.729 - 0.014ms returns 0x00000000
T3A24 302:381.807 JLINK_ReadReg(R12)
T3A24 302:381.822 - 0.019ms returns 0x00000000
T3A24 302:381.837 JLINK_ReadReg(R13 (SP))
T3A24 302:381.847 - 0.014ms returns 0x20003558
T3A24 302:381.862 JLINK_ReadReg(R14)
T3A24 302:381.872 - 0.016ms returns 0xFFFFFFFF
T3A24 302:381.901 JLINK_ReadReg(R15 (PC))
T3A24 302:381.916 - 0.019ms returns 0x00402780
T3A24 302:381.952 JLINK_ReadReg(XPSR)
T3A24 302:381.962 - 0.014ms returns 0x01000000
T3A24 302:381.977 JLINK_ReadReg(MSP)
T3A24 302:381.990 - 0.026ms returns 0x20003558
T3A24 302:382.033 JLINK_ReadReg(PSP)
T3A24 302:382.054 - 0.028ms returns 0x00000000
T3A24 302:382.086 JLINK_ReadReg(PRIMASK)
T3A24 302:382.104 - 0.025ms returns 0x00000000
T3A24 302:382.126 JLINK_ReadReg(BASEPRI)
T3A24 302:382.140 - 0.020ms returns 0x00000000
T3A24 302:382.160 JLINK_ReadReg(FAULTMASK)
T3A24 302:382.174 - 0.020ms returns 0x00000000
T3A24 302:382.194 JLINK_ReadReg(CONTROL)
T3A24 302:382.208 - 0.020ms returns 0x00000000
T3A24 302:382.229 JLINK_ReadReg(FPSCR)
T3A24 302:382.243 - 0.021ms returns 0x00000000
T3A24 302:382.264 JLINK_ReadReg(FPS0)
T3A24 302:382.278 - 0.020ms returns 0x00000000
T3A24 302:382.298 JLINK_ReadReg(FPS1)
T3A24 302:382.313 - 0.021ms returns 0x00000000
T3A24 302:382.334 JLINK_ReadReg(FPS2)
T3A24 302:382.348 - 0.020ms returns 0x00000000
T3A24 302:382.369 JLINK_ReadReg(FPS3)
T3A24 302:382.382 - 0.020ms returns 0x00000000
T3A24 302:382.403 JLINK_ReadReg(FPS4)
T3A24 302:382.417 - 0.019ms returns 0x00000000
T3A24 302:382.437 JLINK_ReadReg(FPS5)
T3A24 302:382.450 - 0.019ms returns 0x00000000
T3A24 302:382.473 JLINK_ReadReg(FPS6)
T3A24 302:382.487 - 0.020ms returns 0x00000000
T3A24 302:382.507 JLINK_ReadReg(FPS7)
T3A24 302:382.521 - 0.020ms returns 0x00000000
T3A24 302:382.541 JLINK_ReadReg(FPS8)
T3A24 302:382.555 - 0.020ms returns 0x00000000
T3A24 302:382.575 JLINK_ReadReg(FPS9)
T3A24 302:382.588 - 0.019ms returns 0x00000000
T3A24 302:382.608 JLINK_ReadReg(FPS10)
T3A24 302:382.622 - 0.020ms returns 0x00000000
T3A24 302:382.643 JLINK_ReadReg(FPS11)
T3A24 302:382.657 - 0.020ms returns 0x00000000
T3A24 302:382.677 JLINK_ReadReg(FPS12)
T3A24 302:382.691 - 0.020ms returns 0x00000000
T3A24 302:382.711 JLINK_ReadReg(FPS13)
T3A24 302:382.724 - 0.019ms returns 0x00000000
T3A24 302:382.746 JLINK_ReadReg(FPS14)
T3A24 302:382.760 - 0.020ms returns 0x00000000
T3A24 302:382.781 JLINK_ReadReg(FPS15)
T3A24 302:382.795 - 0.020ms returns 0x00000000
T3A24 302:382.815 JLINK_ReadReg(FPS16)
T3A24 302:382.828 - 0.020ms returns 0x00000000
T3A24 302:382.848 JLINK_ReadReg(FPS17)
T3A24 302:382.862 - 0.020ms returns 0x00000000
T3A24 302:382.882 JLINK_ReadReg(FPS18)
T3A24 302:382.896 - 0.020ms returns 0x00000000
T3A24 302:382.917 JLINK_ReadReg(FPS19)
T3A24 302:382.931 - 0.020ms returns 0x00000000
T3A24 302:382.952 JLINK_ReadReg(FPS20)
T3A24 302:382.967 - 0.021ms returns 0x00000000
T3A24 302:382.993 JLINK_ReadReg(FPS21)
T3A24 302:383.011 - 0.024ms returns 0x00000000
T3A24 302:383.034 JLINK_ReadReg(FPS22)
T3A24 302:383.049 - 0.020ms returns 0x00000000
T3A24 302:383.069 JLINK_ReadReg(FPS23)
T3A24 302:383.085 - 0.024ms returns 0x00000000
T3A24 302:383.109 JLINK_ReadReg(FPS24)
T3A24 302:383.125 - 0.022ms returns 0x00000000
T3A24 302:383.146 JLINK_ReadReg(FPS25)
T3A24 302:383.160 - 0.019ms returns 0x00000000
T3A24 302:383.181 JLINK_ReadReg(FPS26)
T3A24 302:383.195 - 0.020ms returns 0x00000000
T3A24 302:383.215 JLINK_ReadReg(FPS27)
T3A24 302:383.229 - 0.021ms returns 0x00000000
T3A24 302:383.251 JLINK_ReadReg(FPS28)
T3A24 302:383.265 - 0.020ms returns 0x00000000
T3A24 302:383.285 JLINK_ReadReg(FPS29)
T3A24 302:383.299 - 0.020ms returns 0x00000000
T3A24 302:383.319 JLINK_ReadReg(FPS30)
T3A24 302:383.334 - 0.020ms returns 0x00000000
T3A24 302:383.354 JLINK_ReadReg(FPS31)
T3A24 302:383.368 - 0.020ms returns 0x00000000
T3A24 302:402.035 JLINK_ReadMemHW(0x00402780, 0x0004 Bytes, ...)
T3A24 302:402.084   CPU_ReadMem(4 bytes @ 0x00402780)
T3A24 302:402.680   Data:  80 B5 84 B0
T3A24 302:402.712 - 0.684ms returns 0
