T0834 296:294.053   SEGGER J-Link V7.54c Log File
T0834 296:294.152   DLL Compiled: Sep 20 2021 13:55:02
T0834 296:294.188   Logging started @ 2021-10-02 08:43
T0834 296:294.212 - 25232.259ms
T0834 296:300.360 JLINK_ExecCommand("Device = ATSAM4E8E", ...). 
T0834 296:300.898   Device "ATSAM4E8E" selected.
T0834 296:301.570 - 1.163ms returns 0x00
T0834 296:313.983 JLINK_TIF_Select(JLINKARM_TIF_SWD)
T0834 296:315.735 - 1.784ms returns 0x00
T0834 296:315.788 JLINK_SetSpeed(4000)
T0834 296:316.252 - 0.490ms
T0834 296:316.298 JLINK_ResetPullsRESET(OFF)
T0834 296:316.323 - 0.037ms
T0834 296:316.350 JLINK_Connect()
T0834 296:317.949   Found SW-DP with ID 0x2BA01477
T0834 296:322.789   DPIDR: 0x2BA01477
T0834 296:322.868   Scanning AP map to find all available APs
T0834 296:324.237   AP[1]: Stopped AP scan as end of AP map has been reached
T0834 296:324.268   AP[0]: AHB-AP (IDR: 0x24770011)
T0834 296:324.291   Iterating through AP map to find AHB-AP to use
T0834 296:325.806   AP[0]: Core found
T0834 296:325.834   AP[0]: AHB-AP ROM base: 0xE00FF000
T0834 296:326.611   CPUID register: 0x410FC241. Implementer code: 0x41 (ARM)
T0834 296:326.638   Found Cortex-M4 r0p1, Little endian.
T0834 296:428.460   -- Max. mem block: 0x00010C40
T0834 296:428.884   CPU_ReadMem(4 bytes @ 0xE000EDF0)
T0834 296:429.463   CPU_WriteMem(4 bytes @ 0xE000EDF0)
T0834 296:430.058   CPU_ReadMem(4 bytes @ 0xE0002000)
T0834 296:430.675   FPUnit: 6 code (BP) slots and 2 literal slots
T0834 296:430.693   CPU_ReadMem(4 bytes @ 0xE000EDFC)
T0834 296:431.257   CPU_WriteMem(4 bytes @ 0xE000EDFC)
T0834 296:431.847   CPU_ReadMem(4 bytes @ 0xE0001000)
T0834 296:432.483   CPU_WriteMem(4 bytes @ 0xE0001000)
T0834 296:433.025   CPU_ReadMem(4 bytes @ 0xE000ED88)
T0834 296:433.628   CPU_WriteMem(4 bytes @ 0xE000ED88)
T0834 296:434.207   CPU_ReadMem(4 bytes @ 0xE000ED88)
T0834 296:434.755   CPU_WriteMem(4 bytes @ 0xE000ED88)
T0834 296:435.396   CoreSight components:
T0834 296:435.426   ROMTbl[0] @ E00FF000
T0834 296:435.442   CPU_ReadMem(64 bytes @ 0xE00FF000)
T0834 296:436.320   CPU_ReadMem(32 bytes @ 0xE000EFE0)
T0834 296:437.038   [0][0]: E000E000 CID B105E00D PID 000BB00C SCS-M7
T0834 296:437.056   CPU_ReadMem(32 bytes @ 0xE0001FE0)
T0834 296:437.727   [0][1]: E0001000 CID B105E00D PID 003BB002 DWT
T0834 296:437.745   CPU_ReadMem(32 bytes @ 0xE0002FE0)
T0834 296:438.417   [0][2]: E0002000 CID B105E00D PID 002BB003 FPB
T0834 296:438.434   CPU_ReadMem(32 bytes @ 0xE0000FE0)
T0834 296:439.152   [0][3]: E0000000 CID B105E00D PID 003BB001 ITM
T0834 296:439.179   CPU_ReadMem(32 bytes @ 0xE0040FE0)
T0834 296:439.861   [0][4]: E0040000 CID B105900D PID 000BB9A1 TPIU
T0834 296:439.884 - 123.538ms returns 0x00
T0834 296:439.963 JLINK_Halt()
T0834 296:442.591 - 2.642ms returns 0x00
T0834 296:442.740 JLINK_BeginDownload(Flags = 0x00000000)
T0834 296:442.753 - 0.017ms
T0834 296:442.789 JLINK_WriteMem(0x400E0A04, 0x4 Bytes, ...)
T0834 296:442.799   Data:  0B 01 00 5A
T0834 296:443.147   CPU_WriteMem(4 bytes @ 0x400E0A04)
T0834 296:443.675 - 0.894ms returns 0x4
T0834 296:443.717 JLINK_EndDownload()
T0834 296:443.729 - 0.016ms returns 0 (0x0)
T0834 296:443.740 JLINK_ReadMemHW(0x400E0A08, 0x0004 Bytes, ...)
T0834 296:443.753   CPU_ReadMem(4 bytes @ 0x400E0A08)
T0834 296:444.247   Data:  01 00 00 00
T0834 296:444.264 - 0.527ms returns 0
T0834 296:444.300 JLINK_SetResetType(JLINKARM_CM3_RESET_TYPE_NORMAL)
T0834 296:444.311 - 0.014ms returns JLINKARM_CM3_RESET_TYPE_NORMAL
T0834 296:444.322 JLINK_Reset()
T0834 296:444.851   CPU_ReadMem(16 bytes @ 0x20000000)
T0834 296:445.558   CPU_WriteMem(16 bytes @ 0x20000000)
T0834 296:446.203   CPU_ReadMem(4 bytes @ 0xE000EDFC)
T0834 296:446.811   CPU_WriteMem(4 bytes @ 0xE000EDFC)
T0834 296:447.414   CPU_ReadMem(4 bytes @ 0xE0001000)
T0834 296:463.036   CPU_WriteMem(4 bytes @ 0xE000EDFC)
T0834 296:463.647   CPU_WriteMem(16 bytes @ 0x20000000)
T0834 296:467.202   CPU_WriteMem(4 bytes @ 0xE0002000)
T0834 296:467.824   CPU_ReadMem(4 bytes @ 0xE000EDFC)
T0834 296:468.480   CPU_ReadMem(4 bytes @ 0xE0001000)
T0834 296:469.230 - 24.921ms
T2D38 296:480.079 JLINK_IsHalted()
T2D38 296:480.109 - 0.035ms returns TRUE
T2D38 296:480.123 JLINK_GetMOEs(...)
T2D38 296:480.138   CPU_ReadMem(4 bytes @ 0xE000ED30)
T2D38 296:480.691 - 0.577ms returns 0x01
T2D38 296:480.712 JLINK_ReadReg(R15 (PC))
T2D38 296:480.727 - 0.019ms returns 0x0040279C
T2D38 296:682.181 JLINK_IsHalted()
T2D38 296:682.221 - 0.050ms returns TRUE
T2D38 296:882.698 JLINK_IsHalted()
T2D38 296:882.735 - 0.042ms returns TRUE
T0834 296:985.516 JLINK_JTAG_GetDeviceID(DeviceIndex = 0)
T0834 296:985.550 - 0.042ms returns 0
T0834 296:985.572 JLINK_ReadMemU32(0x400E0740, 0x1 Items)
T0834 296:985.620   CPU_ReadMem(4 bytes @ 0x400E0740)
T0834 296:986.355   Data:  E1 0C CC A3
T0834 296:986.387 - 0.820ms returns 1 (0x1)
T0834 296:986.452 JLINK_ReadMemU32(0x400E0744, 0x1 Items)
T0834 296:986.479   CPU_ReadMem(4 bytes @ 0x400E0744)
T0834 296:987.106   Data:  08 02 12 00
T0834 296:987.128 - 0.681ms returns 1 (0x1)
T0834 296:987.222 JLINK_BeginDownload(Flags = 0x00000000)
T0834 296:987.234 - 0.016ms
T0834 296:987.258 JLINK_WriteMem(0x400E0A04, 0x4 Bytes, ...)
T0834 296:987.270   Data:  05 00 00 5A
T0834 296:987.292   CPU_WriteMem(4 bytes @ 0x400E0A04)
T0834 296:987.904 - 0.657ms returns 0x4
T0834 296:987.960 JLINK_EndDownload()
T0834 296:987.983 - 0.034ms returns 0 (0x0)
T0834 296:988.007 JLINK_ReadMemHW(0x400E0A08, 0x0004 Bytes, ...)
T0834 296:988.031   CPU_ReadMem(4 bytes @ 0x400E0A08)
T0834 296:988.614   Data:  00 00 00 00
T0834 296:988.639 - 0.638ms returns 0
T0834 296:989.960 JLINK_ReadMemHW(0x400E0A08, 0x0004 Bytes, ...)
T0834 296:990.001   CPU_ReadMem(4 bytes @ 0x400E0A08)
T0834 296:990.573   Data:  00 00 00 00
T0834 296:990.599 - 0.645ms returns 0
T0834 296:995.201 JLINK_ReadMemHW(0x400E0A08, 0x0004 Bytes, ...)
T0834 296:995.236   CPU_ReadMem(4 bytes @ 0x400E0A08)
T0834 296:995.882   Data:  00 00 00 00
T0834 296:995.908 - 0.714ms returns 0
T0834 297:012.161 JLINK_ReadMemHW(0x400E0A08, 0x0004 Bytes, ...)
T0834 297:012.207   CPU_ReadMem(4 bytes @ 0x400E0A08)
T0834 297:012.776   Data:  00 00 00 00
T0834 297:012.805 - 0.651ms returns 0
T0834 297:080.992 JLINK_ReadMemHW(0x400E0A08, 0x0004 Bytes, ...)
T0834 297:081.059   CPU_ReadMem(4 bytes @ 0x400E0A08)
T0834 297:081.629   Data:  00 00 00 00
T0834 297:081.650 - 0.663ms returns 0
T2D38 297:082.988 JLINK_IsHalted()
T2D38 297:083.599 - 0.623ms returns TRUE
T2D38 297:283.459 JLINK_IsHalted()
T2D38 297:283.497 - 0.043ms returns TRUE
T0834 297:337.338 JLINK_ReadMemHW(0x400E0A08, 0x0004 Bytes, ...)
T0834 297:337.377   CPU_ReadMem(4 bytes @ 0x400E0A08)
T0834 297:338.018   Data:  00 00 00 00
T0834 297:338.037 - 0.703ms returns 0
T2D38 297:484.445 JLINK_IsHalted()
T2D38 297:484.471 - 0.031ms returns TRUE
T2D38 297:684.879 JLINK_IsHalted()
T2D38 297:685.533 - 0.670ms returns TRUE
T2D38 297:886.497 JLINK_IsHalted()
T2D38 297:886.527 - 0.036ms returns TRUE
T2D38 298:088.573 JLINK_IsHalted()
T2D38 298:088.595 - 0.026ms returns TRUE
T2D38 298:290.000 JLINK_IsHalted()
T2D38 298:290.716 - 0.726ms returns TRUE
T0834 298:339.858 JLINK_ReadMemHW(0x400E0A08, 0x0004 Bytes, ...)
T0834 298:339.891   CPU_ReadMem(4 bytes @ 0x400E0A08)
T0834 298:340.571   Data:  00 00 00 00
T0834 298:340.590 - 0.737ms returns 0
T0834 298:340.692 JLINK_ReadMemHW(0x400E0A08, 0x0004 Bytes, ...)
T0834 298:340.709   CPU_ReadMem(4 bytes @ 0x400E0A08)
T0834 298:341.406   Data:  00 00 00 00
T0834 298:341.424 - 0.736ms returns 0
T0834 298:344.783 JLINK_ReadMemHW(0x400E0A08, 0x0004 Bytes, ...)
T0834 298:344.817   CPU_ReadMem(4 bytes @ 0x400E0A08)
T0834 298:345.429   Data:  00 00 00 00
T0834 298:345.446 - 0.667ms returns 0
T0834 298:350.763 JLINK_ReadMemHW(0x400E0A08, 0x0004 Bytes, ...)
T0834 298:350.804   CPU_ReadMem(4 bytes @ 0x400E0A08)
T0834 298:351.418   Data:  00 00 00 00
T0834 298:351.444 - 0.685ms returns 0
T0834 298:367.251 JLINK_ReadMemHW(0x400E0A08, 0x0004 Bytes, ...)
T0834 298:367.296   CPU_ReadMem(4 bytes @ 0x400E0A08)
T0834 298:367.917   Data:  00 00 00 00
T0834 298:367.934 - 0.739ms returns 0
T0834 298:435.124 JLINK_ReadMemHW(0x400E0A08, 0x0004 Bytes, ...)
T0834 298:435.167   CPU_ReadMem(4 bytes @ 0x400E0A08)
T0834 298:435.849   Data:  00 00 00 00
T0834 298:435.880 - 0.762ms returns 0
T2D38 298:490.979 JLINK_IsHalted()
T2D38 298:491.008 - 0.032ms returns TRUE
T0834 298:692.988 JLINK_ReadMemHW(0x400E0A08, 0x0004 Bytes, ...)
T0834 298:693.019   CPU_ReadMem(4 bytes @ 0x400E0A08)
T0834 298:693.709   Data:  00 00 00 00
T0834 298:693.725 - 0.741ms returns 0
T2D38 298:693.778 JLINK_IsHalted()
T2D38 298:693.794 - 0.019ms returns TRUE
T2D38 298:894.607 JLINK_IsHalted()
T2D38 298:895.271 - 0.673ms returns TRUE
T2D38 299:094.985 JLINK_IsHalted()
T2D38 299:095.015 - 0.033ms returns TRUE
T2D38 299:300.475 JLINK_IsHalted()
T2D38 299:300.500 - 0.029ms returns TRUE
T2D38 299:500.910 JLINK_IsHalted()
T2D38 299:501.546 - 0.645ms returns TRUE
T0834 299:694.125 JLINK_ReadMemHW(0x400E0A08, 0x0004 Bytes, ...)
T0834 299:694.159   CPU_ReadMem(4 bytes @ 0x400E0A08)
T0834 299:694.769   Data:  00 00 00 00
T0834 299:694.785 - 0.664ms returns 0
T0834 299:694.881 JLINK_ReadMemHW(0x400E0A08, 0x0004 Bytes, ...)
T0834 299:694.896   CPU_ReadMem(4 bytes @ 0x400E0A08)
T0834 299:695.421   Data:  00 00 00 00
T0834 299:695.445 - 0.569ms returns 0
T0834 299:699.547 JLINK_ReadMemHW(0x400E0A08, 0x0004 Bytes, ...)
T0834 299:699.602   CPU_ReadMem(4 bytes @ 0x400E0A08)
T0834 299:700.169   Data:  00 00 00 00
T0834 299:700.190 - 0.646ms returns 0
T2D38 299:701.014 JLINK_IsHalted()
T2D38 299:701.032 - 0.021ms returns TRUE
T0834 299:705.415 JLINK_ReadMemHW(0x400E0A08, 0x0004 Bytes, ...)
T0834 299:705.462   CPU_ReadMem(4 bytes @ 0x400E0A08)
T0834 299:706.032   Data:  00 00 00 00
T0834 299:706.050 - 0.639ms returns 0
T0834 299:722.083 JLINK_ReadMemHW(0x400E0A08, 0x0004 Bytes, ...)
T0834 299:722.136   CPU_ReadMem(4 bytes @ 0x400E0A08)
T0834 299:722.698   Data:  00 00 00 00
T0834 299:722.715 - 0.635ms returns 0
T0834 299:787.944 JLINK_ReadMemHW(0x400E0A08, 0x0004 Bytes, ...)
T0834 299:787.994   CPU_ReadMem(4 bytes @ 0x400E0A08)
T0834 299:788.622   Data:  00 00 00 00
T0834 299:788.641 - 0.701ms returns 0
T2D38 299:901.489 JLINK_IsHalted()
T2D38 299:901.514 - 0.029ms returns TRUE
T0834 300:049.454 JLINK_ReadMemHW(0x400E0A08, 0x0004 Bytes, ...)
T0834 300:049.516   CPU_ReadMem(4 bytes @ 0x400E0A08)
T0834 300:050.223   Data:  00 00 00 00
T0834 300:050.241 - 0.791ms returns 0
T2D38 300:102.314 JLINK_IsHalted()
T2D38 300:102.972 - 0.667ms returns TRUE
T2D38 300:303.122 JLINK_IsHalted()
T2D38 300:303.148 - 0.031ms returns TRUE
T2D38 300:503.348 JLINK_IsHalted()
T2D38 300:503.373 - 0.029ms returns TRUE
T2D38 300:703.501 JLINK_IsHalted()
T2D38 300:704.226 - 0.734ms returns TRUE
T2D38 300:905.554 JLINK_IsHalted()
T2D38 300:905.592 - 0.042ms returns TRUE
T0834 301:050.614 JLINK_ReadMemHW(0x400E0A08, 0x0004 Bytes, ...)
T0834 301:050.647   CPU_ReadMem(4 bytes @ 0x400E0A08)
T0834 301:051.303   Data:  01 00 00 00
T0834 301:051.319 - 0.709ms returns 0
T2D38 301:106.714 JLINK_IsHalted()
T2D38 301:106.739 - 0.029ms returns TRUE
T0834 301:107.406 JLINK_ResetPullsRESET(ON)
T0834 301:107.422 - 0.020ms
T0834 301:107.432 JLINK_ResetNoHalt()
T0834 301:109.135   Found SW-DP with ID 0x2BA01477
T0834 301:113.070   DPIDR: 0x2BA01477
T0834 301:113.100   AP map detection skipped. Manually configured AP map found.
T0834 301:113.120   AP[0]: AHB-AP (IDR: Not set)
T0834 301:114.576   AP[0]: Core found
T0834 301:114.601   AP[0]: AHB-AP ROM base: 0xE00FF000
T0834 301:115.370   CPUID register: 0x410FC241. Implementer code: 0x41 (ARM)
T0834 301:115.398   Found Cortex-M4 r0p1, Little endian.
T0834 301:216.483   -- Max. mem block: 0x00010B40
T0834 301:216.524   CPU_ReadMem(4 bytes @ 0xE000EDF0)
T0834 301:217.067   CPU_ReadMem(4 bytes @ 0xE0002000)
T0834 301:217.637   FPUnit: 6 code (BP) slots and 2 literal slots
T0834 301:217.654   CPU_ReadMem(4 bytes @ 0xE000EDFC)
T0834 301:218.177   CPU_ReadMem(4 bytes @ 0xE0001000)
T0834 301:218.715   CPU_ReadMem(4 bytes @ 0xE000ED88)
T0834 301:219.251   CPU_WriteMem(4 bytes @ 0xE000ED88)
T0834 301:219.831   CPU_ReadMem(4 bytes @ 0xE000ED88)
T0834 301:220.374   CPU_WriteMem(4 bytes @ 0xE000ED88)
T0834 301:220.977   CoreSight components:
T0834 301:221.003   ROMTbl[0] @ E00FF000
T0834 301:221.016   CPU_ReadMem(64 bytes @ 0xE00FF000)
T0834 301:221.870   CPU_ReadMem(32 bytes @ 0xE000EFE0)
T0834 301:222.620   [0][0]: E000E000 CID B105E00D PID 000BB00C SCS-M7
T0834 301:222.651   CPU_WriteMem(4 bytes @ 0xE0001000)
T0834 301:223.236   CPU_ReadMem(32 bytes @ 0xE0001FE0)
T0834 301:223.944   [0][1]: E0001000 CID B105E00D PID 003BB002 DWT
T0834 301:223.979   CPU_ReadMem(32 bytes @ 0xE0002FE0)
T0834 301:224.650   [0][2]: E0002000 CID B105E00D PID 002BB003 FPB
T0834 301:224.678   CPU_ReadMem(32 bytes @ 0xE0000FE0)
T0834 301:225.406   [0][3]: E0000000 CID B105E00D PID 003BB001 ITM
T0834 301:225.424   CPU_ReadMem(32 bytes @ 0xE0040FE0)
T0834 301:226.118   [0][4]: E0040000 CID B105900D PID 000BB9A1 TPIU
T0834 301:226.144   JLINK_Reset()
T0834 301:226.701     CPU_ReadMem(16 bytes @ 0x20000000)
T0834 301:227.420     CPU_WriteMem(16 bytes @ 0x20000000)
T0834 301:228.091     CPU_ReadMem(4 bytes @ 0xE000EDFC)
T0834 301:228.736     CPU_WriteMem(4 bytes @ 0xE000EDFC)
T0834 301:229.399     CPU_ReadMem(4 bytes @ 0xE0001000)
T0834 301:229.968     CPU_WriteMem(4 bytes @ 0xE0001004)
T0834 301:245.059     CPU_WriteMem(4 bytes @ 0xE000EDFC)
T0834 301:245.717     CPU_WriteMem(16 bytes @ 0x20000000)
T0834 301:249.244     CPU_WriteMem(4 bytes @ 0xE0002000)
T0834 301:249.836     CPU_ReadMem(4 bytes @ 0xE000EDFC)
T0834 301:250.446     CPU_ReadMem(4 bytes @ 0xE0001000)
T0834 301:251.056   - 24.921ms
T0834 301:251.074   JLINK_Go()
T0834 301:251.086     CPU_ReadMem(4 bytes @ 0xE0001000)
T0834 301:251.680     CPU_WriteMem(4 bytes @ 0xE0001004)
T0834 301:252.996   - 1.932ms
T0834 301:253.011 - 145.582ms
T0834 301:261.295 JLINK_Close()
T0834 301:289.952 - 28.688ms
T0834 301:289.991   
T0834 301:290.003   Closed
