T6198 23361:385.174   SEGGER J-Link V7.54c Log File
T6198 23361:385.339   DLL Compiled: Sep 20 2021 13:55:02
T6198 23361:385.437   Logging started @ 2021-10-09 08:14
T6198 23361:385.471 - 73.790ms
T6198 23361:393.538 JLINK_ExecCommand("Device = ATSAM4E8E", ...). 
T6198 23361:393.808   Device "ATSAM4E8E" selected.
T6198 23361:394.148 - 0.583ms returns 0x00
T6198 23361:394.179 JLINK_TIF_Select(JLINKARM_TIF_SWD)
T6198 23361:395.964 - 1.819ms returns 0x00
T6198 23361:396.016 JLINK_SetSpeed(4000)
T6198 23361:396.353 - 0.358ms
T6198 23361:396.392 JLINK_ResetPullsRESET(OFF)
T6198 23361:396.413 - 0.030ms
T6198 23361:396.435 JLINK_Connect()
T6198 23361:398.087   Found SW-DP with ID 0x2BA01477
T6198 23361:402.501   DPIDR: 0x2BA01477
T6198 23361:402.661   Scanning AP map to find all available APs
T6198 23361:403.687   AP[1]: Stopped AP scan as end of AP map has been reached
T6198 23361:403.712   AP[0]: AHB-AP (IDR: 0x24770011)
T6198 23361:403.731   Iterating through AP map to find AHB-AP to use
T6198 23361:405.027   AP[0]: Core found
T6198 23361:405.054   AP[0]: AHB-AP ROM base: 0xE00FF000
T6198 23361:405.730   CPUID register: 0x410FC241. Implementer code: 0x41 (ARM)
T6198 23361:405.754   Found Cortex-M4 r0p1, Little endian.
T6198 23361:507.974   -- Max. mem block: 0x00010C40
T6198 23361:508.749   CPU_ReadMem(4 bytes @ 0xE000EDF0)
T6198 23361:509.797   CPU_WriteMem(4 bytes @ 0xE000EDF0)
T6198 23361:510.972   CPU_ReadMem(4 bytes @ 0xE0002000)
T6198 23361:511.797   FPUnit: 6 code (BP) slots and 2 literal slots
T6198 23361:511.834   CPU_ReadMem(4 bytes @ 0xE000EDFC)
T6198 23361:512.547   CPU_WriteMem(4 bytes @ 0xE000EDFC)
T6198 23361:513.153   CPU_ReadMem(4 bytes @ 0xE0001000)
T6198 23361:513.756   CPU_WriteMem(4 bytes @ 0xE0001000)
T6198 23361:514.371   CPU_ReadMem(4 bytes @ 0xE000ED88)
T6198 23361:515.034   CPU_WriteMem(4 bytes @ 0xE000ED88)
T6198 23361:515.614   CPU_ReadMem(4 bytes @ 0xE000ED88)
T6198 23361:516.170   CPU_WriteMem(4 bytes @ 0xE000ED88)
T6198 23361:516.824   CoreSight components:
T6198 23361:516.847   ROMTbl[0] @ E00FF000
T6198 23361:516.860   CPU_ReadMem(64 bytes @ 0xE00FF000)
T6198 23361:517.846   CPU_ReadMem(32 bytes @ 0xE000EFE0)
T6198 23361:518.592   [0][0]: E000E000 CID B105E00D PID 000BB00C SCS-M7
T6198 23361:518.608   CPU_ReadMem(32 bytes @ 0xE0001FE0)
T6198 23361:519.294   [0][1]: E0001000 CID B105E00D PID 003BB002 DWT
T6198 23361:519.310   CPU_ReadMem(32 bytes @ 0xE0002FE0)
T6198 23361:520.017   [0][2]: E0002000 CID B105E00D PID 002BB003 FPB
T6198 23361:520.033   CPU_ReadMem(32 bytes @ 0xE0000FE0)
T6198 23361:520.739   [0][3]: E0000000 CID B105E00D PID 003BB001 ITM
T6198 23361:520.755   CPU_ReadMem(32 bytes @ 0xE0040FE0)
T6198 23361:521.491   [0][4]: E0040000 CID B105900D PID 000BB9A1 TPIU
T6198 23361:521.510 - 125.079ms returns 0x00
T6198 23361:521.597 JLINK_Halt()
T6198 23361:524.420 - 2.830ms returns 0x00
T6198 23361:524.521 JLINK_BeginDownload(Flags = 0x00000000)
T6198 23361:524.531 - 0.014ms
T6198 23361:524.553 JLINK_WriteMem(0x400E0A04, 0x4 Bytes, ...)
T6198 23361:524.562   Data:  0B 01 00 5A
T6198 23361:524.849   CPU_WriteMem(4 bytes @ 0x400E0A04)
T6198 23361:525.429 - 0.883ms returns 0x4
T6198 23361:525.476 JLINK_EndDownload()
T6198 23361:525.485 - 0.013ms returns 0 (0x0)
T6198 23361:525.495 JLINK_ReadMemHW(0x400E0A08, 0x0004 Bytes, ...)
T6198 23361:525.505   CPU_ReadMem(4 bytes @ 0x400E0A08)
T6198 23361:526.060   Data:  01 00 00 00
T6198 23361:526.074 - 0.583ms returns 0
T6198 23361:526.106 JLINK_SetResetType(JLINKARM_CM3_RESET_TYPE_NORMAL)
T6198 23361:526.115 - 0.012ms returns JLINKARM_CM3_RESET_TYPE_NORMAL
T6198 23361:526.125 JLINK_Reset()
T6198 23361:526.684   CPU_ReadMem(16 bytes @ 0x20000000)
T6198 23361:527.265   CPU_WriteMem(16 bytes @ 0x20000000)
T6198 23361:527.900   CPU_ReadMem(4 bytes @ 0xE000EDFC)
T6198 23361:528.521   CPU_WriteMem(4 bytes @ 0xE000EDFC)
T6198 23361:529.083   CPU_ReadMem(4 bytes @ 0xE0001000)
T6198 23361:544.910   CPU_WriteMem(4 bytes @ 0xE000EDFC)
T6198 23361:545.592   CPU_WriteMem(16 bytes @ 0x20000000)
T6198 23361:549.449   CPU_WriteMem(4 bytes @ 0xE0002000)
T6198 23361:550.136   CPU_ReadMem(4 bytes @ 0xE000EDFC)
T6198 23361:550.813   CPU_ReadMem(4 bytes @ 0xE0001000)
T6198 23361:551.390 - 25.274ms
T6198 23361:552.647 JLINK_JTAG_GetDeviceID(DeviceIndex = 0)
T6198 23361:552.661 - 0.018ms returns 0
T6198 23361:552.671 JLINK_ReadMemU32(0x400E0740, 0x1 Items)
T6198 23361:552.686   CPU_ReadMem(4 bytes @ 0x400E0740)
T6198 23361:553.227   Data:  E1 0C CC A3
T6198 23361:553.246 - 0.578ms returns 1 (0x1)
T6198 23361:553.277 JLINK_ReadMemU32(0x400E0744, 0x1 Items)
T6198 23361:553.291   CPU_ReadMem(4 bytes @ 0x400E0744)
T6198 23361:553.847   Data:  08 02 12 00
T6198 23361:553.862 - 0.588ms returns 1 (0x1)
T21E0 23361:562.373 JLINK_IsHalted()
T21E0 23361:562.416 - 0.047ms returns TRUE
T21E0 23361:562.428 JLINK_GetMOEs(...)
T21E0 23361:562.440   CPU_ReadMem(4 bytes @ 0xE000ED30)
T21E0 23361:563.112 - 0.694ms returns 0x01
T21E0 23361:563.132 JLINK_ReadReg(R15 (PC))
T21E0 23361:563.143 - 0.014ms returns 0xFFFFFFFE
T6198 23361:580.869 JLINK_BeginDownload(Flags = 0x00000000)
T6198 23361:580.893 - 0.028ms
T6198 23361:580.913 JLINK_WriteMem(0x00400000, 0x4000 Bytes, ...)
T6198 23361:580.922   Data:  E0 DC 00 20 D5 51 40 00 47 51 40 00 47 51 40 00 ...
T6198 23361:581.185   completely In flash
T6198 23361:581.220    -- Read from flash cache (16384 bytes @ 0x00400000)
T6198 23361:581.233 - 0.323ms returns 0x4000
T6198 23361:581.255 JLINK_WriteMem(0x00404000, 0x79A4 Bytes, ...)
T6198 23361:581.264   Data:  F9 33 40 00 E9 3A 40 00 F1 3C 40 00 A7 4A 40 00 ...
T6198 23361:581.305   completely In flash
T6198 23361:581.362    -- Read from flash cache (31140 bytes @ 0x00404000)
T6198 23361:581.378 - 0.127ms returns 0x79A4
T6198 23361:581.524 JLINK_WriteMem(0x0040B9A4, 0x8 Bytes, ...)
T6198 23361:581.535   Data:  94 AB FF 7F 01 00 00 00
T6198 23361:581.547   completely In flash
T6198 23361:581.558 - 0.037ms returns 0x8
T6198 23361:581.643 JLINK_WriteMem(0x0040B9AC, 0x9D0 Bytes, ...)
T6198 23361:581.653   Data:  BF F3 5F 8F 01 38 FB D1 70 47 00 00 AA AA AA AA ...
T6198 23361:581.668   completely In flash
T6198 23361:581.683    -- Read from flash cache (2512 bytes @ 0x0040B9AC)
T6198 23361:581.695 - 0.055ms returns 0x9D0
T6198 23361:589.429 JLINK_EndDownload()
T6198 23361:589.977   CPU_ReadMem(4 bytes @ 0xE000ED90)
T6198 23361:590.564   CPU_ReadMem(4 bytes @ 0xE000ED94)
T6198 23361:591.151    -- --------------------------------------
T6198 23361:591.184   Flash bank @ 0x00400000: Default: L2 verify disabled because algorithm performs L1 verify
T6198 23361:591.195    -- Start of determining dirty areas in flash cache
T6198 23361:591.300    -- End of determining dirty areas
T6198 23361:591.313    -- Start of preparing flash programming
T6198 23361:591.324    -- Calculating RAM usage
T6198 23361:591.341    -- RAM usage = 3876 Bytes
T6198 23361:591.351    -- Preserving CPU registers
T6198 23361:591.377    -- Preparing memory
T6198 23361:591.388    -- Preparing target
T6198 23361:754.642    -- Preserving target RAM temporarily used for programming
T6198 23361:774.040    -- Downloading RAMCode
T6198 23361:789.686    -- Preparing RAMCode
T6198 23361:797.537    -- Checking target RAM
T6198 23361:799.485    -- End of preparing flash programming
T6198 23361:799.643   Looking for J-Link GUI Server exe at: C:\Program Files (x86)\Atmel\Studio\7.0\atbackend\JLinkGUIServer.exe
T6198 23361:799.727   Looking for J-Link GUI Server exe at: C:\Program Files\SEGGER\JLink\JLinkGUIServer.exe
T6198 23361:799.770   Forking J-Link GUI Server: C:\Program Files\SEGGER\JLink\JLinkGUIServer.exe
T6198 23361:820.735   J-Link GUI Server info: "J-Link GUI server V7.54c "
T6198 23361:833.199    -- CPU is running at 90000 kHz.
T6198 23361:833.248    -- Start of comparing flash
T6198 23361:833.261    -- CRC check was estimated as fastest method
T6198 23361:867.772    -- Comparing range 0x400000 - 0x40CFFF (13 Sectors, 52 KB), using multi-block CRC calculation
T6198 23361:878.093    -- CRC does not match for sectors 0-12
T6198 23361:878.406    -- End of comparing flash
T6198 23361:878.428    -- Start of erasing sectors
T6198 23361:878.442    -- End of erasing sectors
T6198 23361:878.455    -- Start of flash programming
T6198 23361:878.474    -- Programming range 0x00400000 - 0x00407FFF (  8 Sectors, 32 KB)
T6198 23362:133.015    -- Programming range 0x00408000 - 0x0040CFFF (  5 Sectors, 20 KB)
T6198 23362:262.595    -- End of flash programming
T6198 23362:262.622    -- 0x400000 - 0x40CFFF ( 13 Sectors, 52 KoB)
T6198 23362:262.635    -- Start of restoring
T6198 23362:262.646    -- Restoring RAMCode
T6198 23362:278.111    -- Restoring target memory
T6198 23362:292.958    -- Restore target
T6198 23362:346.305    -- Restore memory
T6198 23362:346.347    -- Restoring CPU registers
T6198 23362:346.371    -- End of restoring
T6198 23362:346.423    -- Bank 0 @ 0x00400000: 1 range affected (53248 bytes)
T6198 23362:346.447    -- Total: 0.755s (Prepare: 0.241s, Compare: 0.045s, Erase: 0.000s, Program & Verify: 0.394s, Restore: 0.073s)
T6198 23362:346.468    -- Program & Verify speed: 132 KB/s
T6198 23362:351.619 - 762.207ms returns 53248 (0xD000)
T6198 23362:351.708 JLINK_SetResetType(JLINKARM_CM3_RESET_TYPE_NORMAL)
T6198 23362:351.718 - 0.014ms returns JLINKARM_CM3_RESET_TYPE_NORMAL
T6198 23362:351.728 JLINK_Reset()
T6198 23362:352.246   CPU_ReadMem(16 bytes @ 0x20000000)
T6198 23362:352.905   CPU_WriteMem(16 bytes @ 0x20000000)
T6198 23362:353.590   CPU_ReadMem(4 bytes @ 0xE000EDFC)
T6198 23362:354.180   CPU_WriteMem(4 bytes @ 0xE000EDFC)
T6198 23362:354.753   CPU_ReadMem(4 bytes @ 0xE0001000)
T6198 23362:371.324   CPU_WriteMem(4 bytes @ 0xE000EDFC)
T6198 23362:371.915   CPU_WriteMem(16 bytes @ 0x20000000)
T6198 23362:375.288   CPU_WriteMem(4 bytes @ 0xE0002000)
T6198 23362:375.871   CPU_ReadMem(4 bytes @ 0xE000EDFC)
T6198 23362:376.538   CPU_ReadMem(4 bytes @ 0xE0001000)
T6198 23362:377.172 - 25.458ms
T21E0 23362:567.009 JLINK_IsHalted()
T21E0 23362:567.036 - 0.031ms returns TRUE
T6470 23362:597.852 JLINK_Halt()
T6470 23362:597.871 - 0.023ms returns 0x00
T6470 23362:597.902 JLINK_ReadReg(R15 (PC))
T6470 23362:597.914 - 0.016ms returns 0x004051D4
T6470 23362:597.928 JLINK_ReadReg(R13 (SP))
T6470 23362:597.936 - 0.011ms returns 0x2000DCE0
T6470 23362:602.259 JLINK_ReadMemHW(0x004051D4, 0x0004 Bytes, ...)
T6470 23362:602.281   CPU_ReadMem(4 bytes @ 0x004051D4)
T6470 23362:602.969   Data:  80 B5 84 B0
T6470 23362:602.986 - 0.731ms returns 0
T6470 23362:603.171 JLINK_ReadReg(R0)
T6470 23362:603.186 - 0.020ms returns 0x00000000
T6470 23362:603.201 JLINK_ReadReg(R1)
T6470 23362:603.209 - 0.012ms returns 0x00000000
T6470 23362:603.221 JLINK_ReadReg(R2)
T6470 23362:603.229 - 0.011ms returns 0x00000000
T6470 23362:603.241 JLINK_ReadReg(R3)
T6470 23362:603.248 - 0.011ms returns 0x00000000
T6470 23362:603.260 JLINK_ReadReg(R4)
T6470 23362:603.267 - 0.011ms returns 0x00000000
T6470 23362:603.279 JLINK_ReadReg(R5)
T6470 23362:603.287 - 0.011ms returns 0x00000000
T6470 23362:603.298 JLINK_ReadReg(R6)
T6470 23362:603.306 - 0.011ms returns 0x00000000
T6470 23362:603.318 JLINK_ReadReg(R7)
T6470 23362:603.325 - 0.011ms returns 0x00000000
T6470 23362:603.337 JLINK_ReadReg(R8)
T6470 23362:603.345 - 0.011ms returns 0x00000000
T6470 23362:603.357 JLINK_ReadReg(R9)
T6470 23362:603.364 - 0.011ms returns 0x00000000
T6470 23362:603.376 JLINK_ReadReg(R10)
T6470 23362:603.383 - 0.011ms returns 0x00000000
T6470 23362:603.395 JLINK_ReadReg(R11)
T6470 23362:603.403 - 0.011ms returns 0x00000000
T6470 23362:603.414 JLINK_ReadReg(R12)
T6470 23362:603.422 - 0.011ms returns 0x00000000
T6470 23362:603.434 JLINK_ReadReg(R13 (SP))
T6470 23362:603.441 - 0.011ms returns 0x2000DCE0
T6470 23362:603.453 JLINK_ReadReg(R14)
T6470 23362:603.460 - 0.011ms returns 0xFFFFFFFF
T6470 23362:603.472 JLINK_ReadReg(R15 (PC))
T6470 23362:603.480 - 0.011ms returns 0x004051D4
T6470 23362:603.508 JLINK_ReadReg(XPSR)
T6470 23362:603.516 - 0.011ms returns 0x01000000
T6470 23362:603.527 JLINK_ReadReg(MSP)
T6470 23362:603.535 - 0.014ms returns 0x2000DCE0
T6470 23362:603.552 JLINK_ReadReg(PSP)
T6470 23362:603.560 - 0.011ms returns 0x00000000
T6470 23362:603.572 JLINK_ReadReg(PRIMASK)
T6470 23362:603.579 - 0.011ms returns 0x00000000
T6470 23362:603.591 JLINK_ReadReg(BASEPRI)
T6470 23362:603.599 - 0.011ms returns 0x00000000
T6470 23362:603.611 JLINK_ReadReg(FAULTMASK)
T6470 23362:603.618 - 0.011ms returns 0x00000000
T6470 23362:603.630 JLINK_ReadReg(CONTROL)
T6470 23362:603.638 - 0.011ms returns 0x00000000
T6470 23362:603.649 JLINK_ReadReg(FPSCR)
T6470 23362:607.736 - 4.094ms returns 0x00000000
T6470 23362:607.761 JLINK_ReadReg(FPS0)
T6470 23362:607.771 - 0.013ms returns 0x00000000
T6470 23362:607.784 JLINK_ReadReg(FPS1)
T6470 23362:607.792 - 0.012ms returns 0x00000000
T6470 23362:607.804 JLINK_ReadReg(FPS2)
T6470 23362:607.812 - 0.011ms returns 0x00000000
T6470 23362:607.824 JLINK_ReadReg(FPS3)
T6470 23362:607.832 - 0.011ms returns 0x00000000
T6470 23362:607.844 JLINK_ReadReg(FPS4)
T6470 23362:607.852 - 0.011ms returns 0x00000000
T6470 23362:607.864 JLINK_ReadReg(FPS5)
T6470 23362:607.872 - 0.011ms returns 0x00000000
T6470 23362:607.886 JLINK_ReadReg(FPS6)
T6470 23362:607.893 - 0.011ms returns 0x00000000
T6470 23362:607.906 JLINK_ReadReg(FPS7)
T6470 23362:607.913 - 0.011ms returns 0x00000000
T6470 23362:607.925 JLINK_ReadReg(FPS8)
T6470 23362:607.933 - 0.011ms returns 0x00000000
T6470 23362:607.945 JLINK_ReadReg(FPS9)
T6470 23362:607.953 - 0.011ms returns 0x00000000
T6470 23362:607.965 JLINK_ReadReg(FPS10)
T6470 23362:607.973 - 0.011ms returns 0x00000000
T6470 23362:607.984 JLINK_ReadReg(FPS11)
T6470 23362:607.992 - 0.011ms returns 0x00000000
T6470 23362:608.004 JLINK_ReadReg(FPS12)
T6470 23362:608.012 - 0.011ms returns 0x00000000
T6470 23362:608.023 JLINK_ReadReg(FPS13)
T6470 23362:608.031 - 0.011ms returns 0x00000000
T6470 23362:608.043 JLINK_ReadReg(FPS14)
T6470 23362:608.051 - 0.011ms returns 0x00000000
T6470 23362:608.062 JLINK_ReadReg(FPS15)
T6470 23362:608.070 - 0.011ms returns 0x00000000
T6470 23362:608.082 JLINK_ReadReg(FPS16)
T6470 23362:608.089 - 0.011ms returns 0x00000000
T6470 23362:608.101 JLINK_ReadReg(FPS17)
T6470 23362:608.108 - 0.010ms returns 0x00000000
T6470 23362:608.120 JLINK_ReadReg(FPS18)
T6470 23362:608.127 - 0.011ms returns 0x00000000
T6470 23362:608.139 JLINK_ReadReg(FPS19)
T6470 23362:608.146 - 0.011ms returns 0x00000000
T6470 23362:608.158 JLINK_ReadReg(FPS20)
T6470 23362:608.165 - 0.011ms returns 0x00000000
T6470 23362:608.177 JLINK_ReadReg(FPS21)
T6470 23362:608.185 - 0.011ms returns 0x00000000
T6470 23362:608.196 JLINK_ReadReg(FPS22)
T6470 23362:608.204 - 0.011ms returns 0x00000000
T6470 23362:608.215 JLINK_ReadReg(FPS23)
T6470 23362:608.224 - 0.016ms returns 0x00000000
T6470 23362:608.249 JLINK_ReadReg(FPS24)
T6470 23362:608.260 - 0.014ms returns 0x00000000
T6470 23362:608.273 JLINK_ReadReg(FPS25)
T6470 23362:608.281 - 0.011ms returns 0x00000000
T6470 23362:608.292 JLINK_ReadReg(FPS26)
T6470 23362:608.300 - 0.010ms returns 0x00000000
T6470 23362:608.311 JLINK_ReadReg(FPS27)
T6470 23362:608.318 - 0.010ms returns 0x00000000
T6470 23362:608.330 JLINK_ReadReg(FPS28)
T6470 23362:608.337 - 0.010ms returns 0x00000000
T6470 23362:608.349 JLINK_ReadReg(FPS29)
T6470 23362:608.356 - 0.010ms returns 0x00000000
T6470 23362:608.367 JLINK_ReadReg(FPS30)
T6470 23362:608.375 - 0.010ms returns 0x00000000
T6470 23362:608.387 JLINK_ReadReg(FPS31)
T6470 23362:608.394 - 0.011ms returns 0x00000000
T6470 23362:608.750 JLINK_ReadMemHW(0x004051D4, 0x0002 Bytes, ...)
T6470 23362:608.771   CPU_ReadMem(2 bytes @ 0x004051D4)
T6470 23362:609.405   Data:  80 B5
T6470 23362:609.421 - 0.675ms returns 0
T6470 23362:651.685 JLINK_ReadReg(R0)
T6470 23362:651.709 - 0.029ms returns 0x00000000
T6470 23362:651.725 JLINK_ReadReg(R1)
T6470 23362:651.733 - 0.011ms returns 0x00000000
T6470 23362:651.745 JLINK_ReadReg(R2)
T6470 23362:651.753 - 0.011ms returns 0x00000000
T6470 23362:651.766 JLINK_ReadReg(R3)
T6470 23362:651.774 - 0.011ms returns 0x00000000
T6470 23362:651.786 JLINK_ReadReg(R4)
T6470 23362:651.861 - 0.079ms returns 0x00000000
T6470 23362:651.875 JLINK_ReadReg(R5)
T6470 23362:651.883 - 0.011ms returns 0x00000000
T6470 23362:651.894 JLINK_ReadReg(R6)
T6470 23362:651.902 - 0.011ms returns 0x00000000
T6470 23362:651.914 JLINK_ReadReg(R7)
T6470 23362:651.921 - 0.011ms returns 0x00000000
T6470 23362:651.933 JLINK_ReadReg(R8)
T6470 23362:651.941 - 0.011ms returns 0x00000000
T6470 23362:651.952 JLINK_ReadReg(R9)
T6470 23362:651.960 - 0.011ms returns 0x00000000
T6470 23362:651.972 JLINK_ReadReg(R10)
T6470 23362:651.979 - 0.011ms returns 0x00000000
T6470 23362:651.991 JLINK_ReadReg(R11)
T6470 23362:651.998 - 0.011ms returns 0x00000000
T6470 23362:652.010 JLINK_ReadReg(R12)
T6470 23362:652.017 - 0.011ms returns 0x00000000
T6470 23362:652.029 JLINK_ReadReg(R13 (SP))
T6470 23362:652.037 - 0.011ms returns 0x2000DCE0
T6470 23362:652.049 JLINK_ReadReg(R14)
T6470 23362:652.056 - 0.011ms returns 0xFFFFFFFF
T6470 23362:652.068 JLINK_ReadReg(R15 (PC))
T6470 23362:652.076 - 0.011ms returns 0x004051D4
T6470 23362:652.104 JLINK_ReadReg(XPSR)
T6470 23362:652.111 - 0.011ms returns 0x01000000
T6470 23362:652.123 JLINK_ReadReg(MSP)
T6470 23362:652.130 - 0.011ms returns 0x2000DCE0
T6470 23362:652.142 JLINK_ReadReg(PSP)
T6470 23362:652.150 - 0.011ms returns 0x00000000
T6470 23362:652.162 JLINK_ReadReg(PRIMASK)
T6470 23362:652.169 - 0.011ms returns 0x00000000
T6470 23362:652.181 JLINK_ReadReg(BASEPRI)
T6470 23362:652.188 - 0.011ms returns 0x00000000
T6470 23362:652.200 JLINK_ReadReg(FAULTMASK)
T6470 23362:652.208 - 0.010ms returns 0x00000000
T6470 23362:652.219 JLINK_ReadReg(CONTROL)
T6470 23362:652.227 - 0.011ms returns 0x00000000
T6470 23362:652.238 JLINK_ReadReg(FPSCR)
T6470 23362:652.246 - 0.011ms returns 0x00000000
T6470 23362:652.258 JLINK_ReadReg(FPS0)
T6470 23362:652.265 - 0.011ms returns 0x00000000
T6470 23362:652.277 JLINK_ReadReg(FPS1)
T6470 23362:652.284 - 0.011ms returns 0x00000000
T6470 23362:652.296 JLINK_ReadReg(FPS2)
T6470 23362:652.303 - 0.011ms returns 0x00000000
T6470 23362:652.315 JLINK_ReadReg(FPS3)
T6470 23362:652.322 - 0.011ms returns 0x00000000
T6470 23362:652.334 JLINK_ReadReg(FPS4)
T6470 23362:652.341 - 0.010ms returns 0x00000000
T6470 23362:652.353 JLINK_ReadReg(FPS5)
T6470 23362:652.360 - 0.011ms returns 0x00000000
T6470 23362:652.372 JLINK_ReadReg(FPS6)
T6470 23362:652.379 - 0.010ms returns 0x00000000
T6470 23362:652.391 JLINK_ReadReg(FPS7)
T6470 23362:652.398 - 0.011ms returns 0x00000000
T6470 23362:652.410 JLINK_ReadReg(FPS8)
T6470 23362:652.418 - 0.011ms returns 0x00000000
T6470 23362:652.429 JLINK_ReadReg(FPS9)
T6470 23362:652.437 - 0.011ms returns 0x00000000
T6470 23362:652.449 JLINK_ReadReg(FPS10)
T6470 23362:652.456 - 0.011ms returns 0x00000000
T6470 23362:652.468 JLINK_ReadReg(FPS11)
T6470 23362:652.476 - 0.010ms returns 0x00000000
T6470 23362:652.487 JLINK_ReadReg(FPS12)
T6470 23362:652.495 - 0.011ms returns 0x00000000
T6470 23362:652.506 JLINK_ReadReg(FPS13)
T6470 23362:652.514 - 0.011ms returns 0x00000000
T6470 23362:652.525 JLINK_ReadReg(FPS14)
T6470 23362:652.533 - 0.010ms returns 0x00000000
T6470 23362:652.545 JLINK_ReadReg(FPS15)
T6470 23362:652.552 - 0.011ms returns 0x00000000
T6470 23362:652.564 JLINK_ReadReg(FPS16)
T6470 23362:652.571 - 0.011ms returns 0x00000000
T6470 23362:652.583 JLINK_ReadReg(FPS17)
T6470 23362:652.591 - 0.011ms returns 0x00000000
T6470 23362:652.603 JLINK_ReadReg(FPS18)
T6470 23362:652.610 - 0.011ms returns 0x00000000
T6470 23362:652.622 JLINK_ReadReg(FPS19)
T6470 23362:652.629 - 0.011ms returns 0x00000000
T6470 23362:652.641 JLINK_ReadReg(FPS20)
T6470 23362:652.648 - 0.011ms returns 0x00000000
T6470 23362:652.660 JLINK_ReadReg(FPS21)
T6470 23362:652.668 - 0.011ms returns 0x00000000
T6470 23362:652.680 JLINK_ReadReg(FPS22)
T6470 23362:652.687 - 0.011ms returns 0x00000000
T6470 23362:652.699 JLINK_ReadReg(FPS23)
T6470 23362:652.706 - 0.010ms returns 0x00000000
T6470 23362:652.718 JLINK_ReadReg(FPS24)
T6470 23362:652.726 - 0.011ms returns 0x00000000
T6470 23362:652.739 JLINK_ReadReg(FPS25)
T6470 23362:652.748 - 0.012ms returns 0x00000000
T6470 23362:652.760 JLINK_ReadReg(FPS26)
T6470 23362:652.767 - 0.011ms returns 0x00000000
T6470 23362:652.779 JLINK_ReadReg(FPS27)
T6470 23362:652.787 - 0.013ms returns 0x00000000
T6470 23362:652.802 JLINK_ReadReg(FPS28)
T6470 23362:652.812 - 0.015ms returns 0x00000000
T6470 23362:652.828 JLINK_ReadReg(FPS29)
T6470 23362:652.842 - 0.021ms returns 0x00000000
T6470 23362:652.865 JLINK_ReadReg(FPS30)
T6470 23362:652.874 - 0.012ms returns 0x00000000
T6470 23362:652.886 JLINK_ReadReg(FPS31)
T6470 23362:652.893 - 0.011ms returns 0x00000000
T6470 23362:699.350 JLINK_ReadMemHW(0x004051D4, 0x0004 Bytes, ...)
T6470 23362:699.384   CPU_ReadMem(4 bytes @ 0x004051D4)
T6470 23362:700.099   Data:  80 B5 84 B0
T6470 23362:700.118 - 0.772ms returns 0
T21E0 23362:771.833 JLINK_IsHalted()
T21E0 23362:771.851 - 0.022ms returns TRUE
T6470 23362:778.466 JLINK_SetResetType(JLINKARM_CM3_RESET_TYPE_NORMAL)
T6470 23362:778.493 - 0.031ms returns JLINKARM_CM3_RESET_TYPE_NORMAL
T6470 23362:778.506 JLINK_Reset()
T6470 23362:778.523   CPU_ReadMem(16 bytes @ 0x20000000)
T6470 23362:779.131   CPU_WriteMem(16 bytes @ 0x20000000)
T6470 23362:779.705   CPU_ReadMem(4 bytes @ 0xE000EDFC)
T6470 23362:780.271   CPU_WriteMem(4 bytes @ 0xE000EDFC)
T6470 23362:780.794   CPU_ReadMem(4 bytes @ 0xE0001000)
T6470 23362:781.353   CPU_WriteMem(4 bytes @ 0xE0001004)
T6470 23362:796.499   CPU_WriteMem(4 bytes @ 0xE000EDFC)
T6470 23362:797.085   CPU_WriteMem(16 bytes @ 0x20000000)
T6470 23362:800.552   CPU_WriteMem(4 bytes @ 0xE0002000)
T6470 23362:801.118   CPU_ReadMem(4 bytes @ 0xE000EDFC)
T6470 23362:801.706   CPU_ReadMem(4 bytes @ 0xE0001000)
T6470 23362:802.353 - 23.854ms
T21E0 23362:802.385 JLINK_IsHalted()
T21E0 23362:802.399 - 0.018ms returns TRUE
T21E0 23362:802.411 JLINK_GetMOEs(...)
T21E0 23362:802.421   CPU_ReadMem(4 bytes @ 0xE000ED30)
T21E0 23362:802.977 - 0.574ms returns 0x01
T21E0 23362:802.996 JLINK_ReadReg(R15 (PC))
T21E0 23362:803.007 - 0.014ms returns 0x004051D4
T6470 23362:812.313 JLINK_ReadReg(R15 (PC))
T6470 23362:812.334 - 0.025ms returns 0x004051D4
T6470 23362:812.350 JLINK_ReadReg(R13 (SP))
T6470 23362:812.359 - 0.012ms returns 0x2000DCE0
T6470 23362:812.723 JLINK_ReadMemHW(0x004051D4, 0x0004 Bytes, ...)
T6470 23362:812.744   CPU_ReadMem(4 bytes @ 0x004051D4)
T6470 23362:813.377   Data:  80 B5 84 B0
T6470 23362:813.393 - 0.674ms returns 0
T6470 23362:982.051 JLINK_ReadMemHW(0x004054DC, 0x0001 Bytes, ...)
T6470 23362:982.081   CPU_ReadMem(1 bytes @ 0x004054DC)
T6470 23362:982.757   Data:  80
T6470 23362:982.774 - 0.727ms returns 0
T21E0 23363:006.563 JLINK_IsHalted()
T21E0 23363:006.586 - 0.028ms returns TRUE
T6470 23363:029.787 JLINK_ReadReg(R15 (PC))
T6470 23363:029.838 - 0.057ms returns 0x004051D4
T6470 23363:029.967 JLINK_SetBPEx(Addr = 0x004054DC, Type = 0xFFFFFFF2)
T6470 23363:029.994 - 0.036ms returns 0x00000001
T6470 23363:030.019 JLINK_GetBPInfo(BPHandle = 1)
T6470 23363:030.035 - 0.022ms returns 0x0
T6470 23363:030.173 JLINK_Go()
T6470 23363:030.199   CPU_WriteMem(4 bytes @ 0xE0002000)
T6470 23363:030.841   CPU_ReadMem(4 bytes @ 0xE0001000)
T6470 23363:031.427   CPU_WriteMem(4 bytes @ 0xE000ED30)
T6470 23363:032.025   CPU_WriteMem(4 bytes @ 0xE0002008)
T6470 23363:032.041   CPU_WriteMem(4 bytes @ 0xE000200C)
T6470 23363:032.053   CPU_WriteMem(4 bytes @ 0xE0002010)
T6470 23363:032.064   CPU_WriteMem(4 bytes @ 0xE0002014)
T6470 23363:032.075   CPU_WriteMem(4 bytes @ 0xE0002018)
T6470 23363:032.086   CPU_WriteMem(4 bytes @ 0xE000201C)
T6470 23363:033.480   CPU_WriteMem(4 bytes @ 0xE0001004)
T6470 23363:034.772 - 4.607ms
T21E0 23363:034.812 JLINK_IsHalted()
T21E0 23363:035.397 - 0.592ms returns FALSE
T21E0 23363:059.406 JLINK_IsHalted()
T21E0 23363:060.054 - 0.657ms returns FALSE
T21E0 23363:142.472 JLINK_IsHalted()
T21E0 23363:145.923 - 3.483ms returns TRUE
T21E0 23363:145.967 JLINK_GetMOEs(...)
T21E0 23363:145.979   CPU_ReadMem(4 bytes @ 0xE000ED30)
T21E0 23363:146.910 - 0.964ms returns 0x01
T21E0 23363:146.947 JLINK_ReadReg(R15 (PC))
T21E0 23363:146.959 - 0.015ms returns 0x004054DC
T6470 23363:147.900 JLINK_ReadReg(R15 (PC))
T6470 23363:147.923 - 0.027ms returns 0x004054DC
T6470 23363:147.938 JLINK_ReadReg(R13 (SP))
T6470 23363:147.947 - 0.012ms returns 0x2000DCC8
T6470 23363:148.370 JLINK_ReadMemHW(0x004054DC, 0x0004 Bytes, ...)
T6470 23363:148.389   CPU_ReadMem(4 bytes @ 0x004054DC)
T6470 23363:149.046   Data:  80 B5 00 AF
T6470 23363:149.062 - 0.695ms returns 0
T6198 23363:347.176 JLINK_ReadMem(0x40000000, 0x3F4 Bytes, ...)
T6198 23363:347.204   CPU_ReadMem(1012 bytes @ 0x40000000)
T6198 23363:352.677   Data:  00 00 00 00 00 00 00 00 00 00 00 00 00 00 00 00 ...
T6198 23363:352.693 - 5.521ms returns 0
T21E0 23363:352.739 JLINK_IsHalted()
T21E0 23363:352.756 - 0.020ms returns TRUE
T6198 23363:356.464 JLINK_ReadMem(0x40000000, 0x3F4 Bytes, ...)
T6198 23363:356.484   CPU_ReadMem(1012 bytes @ 0x40000000)
T6198 23363:361.883   Data:  00 00 00 00 00 00 00 00 00 00 00 00 00 00 00 00 ...
T6198 23363:361.900 - 5.440ms returns 0
T21E0 23363:553.100 JLINK_IsHalted()
T21E0 23363:553.127 - 0.031ms returns TRUE
T6198 23363:731.272 JLINK_ReadMem(0x400003F4, 0xB8 Bytes, ...)
T6198 23363:731.301   CPU_ReadMem(184 bytes @ 0x400003F4)
T6198 23363:732.773   Data:  00 00 00 00 00 00 00 00 00 00 00 00 00 00 00 00 ...
T6198 23363:732.789 - 1.521ms returns 0
T6198 23363:740.410 JLINK_ReadMem(0x400004AC, 0x104 Bytes, ...)
T6198 23363:740.441   CPU_ReadMem(260 bytes @ 0x400004AC)
T6198 23363:742.298   Data:  00 00 00 00 00 00 00 00 00 00 00 00 00 00 00 00 ...
T6198 23363:742.317 - 1.911ms returns 0
T21E0 23363:754.419 JLINK_IsHalted()
T21E0 23363:755.041 - 0.635ms returns TRUE
T21E0 23363:955.917 JLINK_IsHalted()
T21E0 23363:955.948 - 0.035ms returns TRUE
T21E0 23364:159.443 JLINK_IsHalted()
T21E0 23364:159.465 - 0.026ms returns TRUE
T21E0 23364:360.156 JLINK_IsHalted()
T21E0 23364:360.795 - 0.654ms returns TRUE
T21E0 23364:560.443 JLINK_IsHalted()
T21E0 23364:560.522 - 0.103ms returns TRUE
T21E0 23364:760.701 JLINK_IsHalted()
T21E0 23364:760.743 - 0.048ms returns TRUE
T21E0 23364:961.936 JLINK_IsHalted()
T21E0 23364:962.695 - 0.769ms returns TRUE
T21E0 23365:165.456 JLINK_IsHalted()
T21E0 23365:165.484 - 0.032ms returns TRUE
T21E0 23365:366.130 JLINK_IsHalted()
T21E0 23365:366.158 - 0.032ms returns TRUE
T21E0 23365:568.352 JLINK_IsHalted()
T21E0 23365:569.366 - 1.032ms returns TRUE
T21E0 23365:776.176 JLINK_IsHalted()
T21E0 23365:776.216 - 0.044ms returns TRUE
T6470 23365:797.415 JLINK_GetBPInfo(BPHandle = 1)
T6470 23365:797.438 - 0.032ms returns 0x0
T6470 23365:797.456 JLINK_ClrBPEx(BPHandle = 0x00000001)
T6470 23365:797.477 - 0.024ms returns 0x00
T6470 23365:797.503 JLINK_ReadReg(R15 (PC))
T6470 23365:797.512 - 0.013ms returns 0x004054DC
T6470 23365:797.617 JLINK_Go()
T6470 23365:797.645   CPU_ReadMem(4 bytes @ 0xE0001000)
T6470 23365:798.230   CPU_WriteMem(4 bytes @ 0xE000ED30)
T6470 23365:798.863   CPU_WriteMem(4 bytes @ 0xE0002008)
T6470 23365:800.231 - 2.626ms
T21E0 23365:800.265 JLINK_IsHalted()
T21E0 23365:800.909 - 0.653ms returns FALSE
T21E0 23365:841.240 JLINK_IsHalted()
T21E0 23365:842.201 - 0.982ms returns FALSE
T21E0 23366:002.500 JLINK_IsHalted()
T21E0 23366:003.793 - 1.311ms returns FALSE
T21E0 23366:205.745 JLINK_IsHalted()
T21E0 23366:206.750 - 1.024ms returns FALSE
T21E0 23366:407.007 JLINK_IsHalted()
T21E0 23366:407.685 - 0.688ms returns FALSE
T21E0 23366:609.366 JLINK_IsHalted()
T21E0 23366:610.130 - 0.792ms returns FALSE
T21E0 23366:810.673 JLINK_IsHalted()
T21E0 23366:811.642 - 0.988ms returns FALSE
T21E0 23367:013.311 JLINK_IsHalted()
T21E0 23367:014.059 - 0.766ms returns FALSE
T21E0 23367:214.129 JLINK_IsHalted()
T21E0 23367:215.108 - 0.998ms returns FALSE
T21E0 23367:416.077 JLINK_IsHalted()
T21E0 23367:417.088 - 1.029ms returns FALSE
T21E0 23367:622.085 JLINK_IsHalted()
T21E0 23367:623.053 - 0.987ms returns FALSE
T21E0 23367:823.249 JLINK_IsHalted()
T21E0 23367:824.261 - 1.030ms returns FALSE
T21E0 23368:030.953 JLINK_IsHalted()
T21E0 23368:031.922 - 0.989ms returns FALSE
T21E0 23368:232.934 JLINK_IsHalted()
T21E0 23368:233.922 - 1.006ms returns FALSE
T21E0 23368:436.186 JLINK_IsHalted()
T21E0 23368:437.037 - 0.882ms returns FALSE
T21E0 23368:636.241 JLINK_IsHalted()
T21E0 23368:636.870 - 0.640ms returns FALSE
T21E0 23368:836.289 JLINK_IsHalted()
T21E0 23368:836.990 - 0.723ms returns FALSE
T21E0 23369:039.302 JLINK_IsHalted()
T21E0 23369:040.109 - 0.826ms returns FALSE
T21E0 23369:240.211 JLINK_IsHalted()
T21E0 23369:241.235 - 1.043ms returns FALSE
T21E0 23369:444.285 JLINK_IsHalted()
T21E0 23369:445.334 - 1.073ms returns FALSE
T21E0 23369:648.285 JLINK_IsHalted()
T21E0 23369:649.138 - 0.873ms returns FALSE
T21E0 23369:848.639 JLINK_IsHalted()
T21E0 23369:849.461 - 0.836ms returns FALSE
T21E0 23370:049.499 JLINK_IsHalted()
T21E0 23370:050.192 - 0.709ms returns FALSE
T21E0 23370:249.816 JLINK_IsHalted()
T21E0 23370:250.935 - 1.138ms returns FALSE
T21E0 23370:451.329 JLINK_IsHalted()
T21E0 23370:452.062 - 0.749ms returns FALSE
T21E0 23370:653.321 JLINK_IsHalted()
T21E0 23370:654.417 - 1.116ms returns FALSE
T21E0 23370:855.388 JLINK_IsHalted()
T21E0 23370:856.695 - 1.326ms returns FALSE
T21E0 23371:057.621 JLINK_IsHalted()
T21E0 23371:058.653 - 1.051ms returns FALSE
T21E0 23371:260.051 JLINK_IsHalted()
T21E0 23371:261.067 - 1.034ms returns FALSE
T21E0 23371:463.389 JLINK_IsHalted()
T21E0 23371:464.666 - 1.307ms returns FALSE
T21E0 23371:666.828 JLINK_IsHalted()
T21E0 23371:667.803 - 0.996ms returns FALSE
T21E0 23371:868.417 JLINK_IsHalted()
T21E0 23371:869.415 - 1.033ms returns FALSE
T21E0 23372:070.259 JLINK_IsHalted()
T21E0 23372:071.317 - 1.077ms returns FALSE
T21E0 23372:271.796 JLINK_IsHalted()
T21E0 23372:273.057 - 1.281ms returns FALSE
T21E0 23372:473.828 JLINK_IsHalted()
T21E0 23372:474.636 - 0.827ms returns FALSE
T21E0 23372:676.576 JLINK_IsHalted()
T21E0 23372:677.393 - 0.854ms returns FALSE
T21E0 23372:877.916 JLINK_IsHalted()
T21E0 23372:878.623 - 0.719ms returns FALSE
T21E0 23373:079.382 JLINK_IsHalted()
T21E0 23373:080.427 - 1.063ms returns FALSE
T21E0 23373:283.496 JLINK_IsHalted()
T21E0 23373:284.482 - 1.010ms returns FALSE
T21E0 23373:485.157 JLINK_IsHalted()
T21E0 23373:486.101 - 0.965ms returns FALSE
T21E0 23373:686.411 JLINK_IsHalted()
T21E0 23373:687.154 - 0.753ms returns FALSE
T21E0 23373:886.465 JLINK_IsHalted()
T21E0 23373:887.195 - 0.748ms returns FALSE
T21E0 23374:087.966 JLINK_IsHalted()
T21E0 23374:089.054 - 1.108ms returns FALSE
T21E0 23374:289.811 JLINK_IsHalted()
T21E0 23374:291.078 - 1.286ms returns FALSE
T21E0 23374:493.494 JLINK_IsHalted()
T21E0 23374:494.587 - 1.113ms returns FALSE
T21E0 23374:695.383 JLINK_IsHalted()
T21E0 23374:696.697 - 1.333ms returns FALSE
T21E0 23374:897.097 JLINK_IsHalted()
T21E0 23374:897.800 - 0.719ms returns FALSE
T21E0 23375:100.830 JLINK_IsHalted()
T21E0 23375:101.937 - 1.127ms returns FALSE
T21E0 23375:303.038 JLINK_IsHalted()
T21E0 23375:303.954 - 0.934ms returns FALSE
T21E0 23375:505.051 JLINK_IsHalted()
T21E0 23375:506.010 - 0.978ms returns FALSE
T21E0 23375:706.625 JLINK_IsHalted()
T21E0 23375:707.913 - 1.307ms returns FALSE
T21E0 23375:911.391 JLINK_IsHalted()
T21E0 23375:912.675 - 1.304ms returns FALSE
T21E0 23376:114.923 JLINK_IsHalted()
T21E0 23376:115.524 - 0.610ms returns FALSE
T21E0 23376:316.649 JLINK_IsHalted()
T21E0 23376:317.442 - 0.813ms returns FALSE
T21E0 23376:519.395 JLINK_IsHalted()
T21E0 23376:520.195 - 0.817ms returns FALSE
T21E0 23376:721.733 JLINK_IsHalted()
T21E0 23376:722.776 - 1.061ms returns FALSE
T21E0 23376:922.882 JLINK_IsHalted()
T21E0 23376:923.602 - 0.737ms returns FALSE
T21E0 23377:122.900 JLINK_IsHalted()
T21E0 23377:123.862 - 0.980ms returns FALSE
T21E0 23377:324.191 JLINK_IsHalted()
T21E0 23377:325.242 - 1.069ms returns FALSE
T21E0 23377:527.138 JLINK_IsHalted()
T21E0 23377:528.251 - 1.133ms returns FALSE
T21E0 23377:733.291 JLINK_IsHalted()
T21E0 23377:734.349 - 1.076ms returns FALSE
T21E0 23377:938.872 JLINK_IsHalted()
T21E0 23377:939.848 - 0.999ms returns FALSE
T21E0 23378:140.785 JLINK_IsHalted()
T21E0 23378:141.503 - 0.736ms returns FALSE
T21E0 23378:342.645 JLINK_IsHalted()
T21E0 23378:343.404 - 0.776ms returns FALSE
T21E0 23378:548.024 JLINK_IsHalted()
T21E0 23378:549.032 - 1.027ms returns FALSE
T21E0 23378:749.822 JLINK_IsHalted()
T21E0 23378:751.102 - 1.299ms returns FALSE
T21E0 23378:951.134 JLINK_IsHalted()
T21E0 23378:951.927 - 0.809ms returns FALSE
T21E0 23379:155.452 JLINK_IsHalted()
T21E0 23379:156.449 - 1.017ms returns FALSE
T21E0 23379:357.838 JLINK_IsHalted()
T21E0 23379:358.823 - 1.006ms returns FALSE
T21E0 23379:559.016 JLINK_IsHalted()
T21E0 23379:560.031 - 1.034ms returns FALSE
T21E0 23379:760.455 JLINK_IsHalted()
T21E0 23379:761.131 - 0.693ms returns FALSE
T21E0 23379:960.545 JLINK_IsHalted()
T21E0 23379:961.677 - 1.150ms returns FALSE
T21E0 23380:161.986 JLINK_IsHalted()
T21E0 23380:163.210 - 1.276ms returns FALSE
T21E0 23380:367.268 JLINK_IsHalted()
T21E0 23380:367.970 - 0.714ms returns FALSE
T21E0 23380:567.402 JLINK_IsHalted()
T21E0 23380:568.702 - 1.319ms returns FALSE
T21E0 23380:769.452 JLINK_IsHalted()
T21E0 23380:770.468 - 1.034ms returns FALSE
T21E0 23380:972.946 JLINK_IsHalted()
T21E0 23380:973.962 - 1.033ms returns FALSE
T21E0 23381:175.388 JLINK_IsHalted()
T21E0 23381:176.421 - 1.051ms returns FALSE
T21E0 23381:377.386 JLINK_IsHalted()
T21E0 23381:378.137 - 0.767ms returns FALSE
T21E0 23381:577.467 JLINK_IsHalted()
T21E0 23381:578.224 - 0.774ms returns FALSE
T21E0 23381:777.764 JLINK_IsHalted()
T21E0 23381:778.536 - 0.790ms returns FALSE
T21E0 23381:978.301 JLINK_IsHalted()
T21E0 23381:978.922 - 0.632ms returns FALSE
T21E0 23382:178.394 JLINK_IsHalted()
T21E0 23382:179.399 - 1.025ms returns FALSE
T21E0 23382:379.928 JLINK_IsHalted()
T21E0 23382:380.977 - 1.068ms returns FALSE
T21E0 23382:581.165 JLINK_IsHalted()
T21E0 23382:582.176 - 1.029ms returns FALSE
T21E0 23382:783.628 JLINK_IsHalted()
T21E0 23382:784.911 - 1.302ms returns FALSE
T21E0 23382:987.420 JLINK_IsHalted()
T21E0 23382:988.407 - 1.006ms returns FALSE
T21E0 23383:188.672 JLINK_IsHalted()
T21E0 23383:189.770 - 1.117ms returns FALSE
T21E0 23383:390.578 JLINK_IsHalted()
T21E0 23383:391.829 - 1.284ms returns FALSE
T21E0 23383:594.372 JLINK_IsHalted()
T21E0 23383:594.926 - 0.562ms returns FALSE
T21E0 23383:796.440 JLINK_IsHalted()
T21E0 23383:797.168 - 0.745ms returns FALSE
T21E0 23383:996.969 JLINK_IsHalted()
T21E0 23383:998.024 - 1.075ms returns FALSE
T21E0 23384:199.491 JLINK_IsHalted()
T21E0 23384:200.217 - 0.735ms returns FALSE
T21E0 23384:400.677 JLINK_IsHalted()
T21E0 23384:401.348 - 0.680ms returns FALSE
T21E0 23384:602.276 JLINK_IsHalted()
T21E0 23384:602.989 - 0.745ms returns FALSE
T21E0 23384:804.311 JLINK_IsHalted()
T21E0 23384:805.277 - 1.004ms returns FALSE
T21E0 23385:007.339 JLINK_IsHalted()
T21E0 23385:008.323 - 1.012ms returns FALSE
T21E0 23385:209.495 JLINK_IsHalted()
T21E0 23385:210.764 - 1.288ms returns FALSE
T21E0 23385:411.378 JLINK_IsHalted()
T21E0 23385:412.055 - 0.695ms returns FALSE
T21E0 23385:612.876 JLINK_IsHalted()
T21E0 23385:614.125 - 1.269ms returns FALSE
T21E0 23385:815.129 JLINK_IsHalted()
T21E0 23385:815.858 - 0.747ms returns FALSE
T21E0 23386:015.557 JLINK_IsHalted()
T21E0 23386:016.438 - 0.901ms returns FALSE
T21E0 23386:215.721 JLINK_IsHalted()
T21E0 23386:216.499 - 0.792ms returns FALSE
T21E0 23386:416.022 JLINK_IsHalted()
T21E0 23386:416.779 - 0.775ms returns FALSE
T21E0 23386:618.890 JLINK_IsHalted()
T21E0 23386:620.125 - 1.255ms returns FALSE
T21E0 23386:820.276 JLINK_IsHalted()
T21E0 23386:820.886 - 0.622ms returns FALSE
T21E0 23387:022.428 JLINK_IsHalted()
T21E0 23387:023.364 - 0.946ms returns FALSE
T21E0 23387:225.962 JLINK_IsHalted()
T21E0 23387:226.689 - 0.744ms returns FALSE
T21E0 23387:427.401 JLINK_IsHalted()
T21E0 23387:427.973 - 0.587ms returns FALSE
T21E0 23387:627.583 JLINK_IsHalted()
T21E0 23387:628.387 - 0.821ms returns FALSE
T21E0 23387:828.679 JLINK_IsHalted()
T21E0 23387:829.251 - 0.595ms returns FALSE
T21E0 23388:029.420 JLINK_IsHalted()
T21E0 23388:030.699 - 1.308ms returns FALSE
T21E0 23388:231.283 JLINK_IsHalted()
T21E0 23388:231.833 - 0.562ms returns FALSE
T21E0 23388:431.347 JLINK_IsHalted()
T21E0 23388:431.903 - 0.564ms returns FALSE
T21E0 23388:631.451 JLINK_IsHalted()
T21E0 23388:632.032 - 0.588ms returns FALSE
T21E0 23388:832.193 JLINK_IsHalted()
T21E0 23388:832.951 - 0.783ms returns FALSE
T21E0 23389:033.519 JLINK_IsHalted()
T21E0 23389:034.079 - 0.573ms returns FALSE
T21E0 23389:235.096 JLINK_IsHalted()
T21E0 23389:235.812 - 0.733ms returns FALSE
T21E0 23389:435.954 JLINK_IsHalted()
T21E0 23389:436.526 - 0.579ms returns FALSE
T21E0 23389:638.448 JLINK_IsHalted()
T21E0 23389:639.404 - 0.976ms returns FALSE
T21E0 23389:839.964 JLINK_IsHalted()
T21E0 23389:840.926 - 0.987ms returns FALSE
T21E0 23390:043.025 JLINK_IsHalted()
T21E0 23390:043.579 - 0.563ms returns FALSE
T21E0 23390:244.339 JLINK_IsHalted()
T21E0 23390:244.948 - 0.626ms returns FALSE
T21E0 23390:447.820 JLINK_IsHalted()
T21E0 23390:448.879 - 1.078ms returns FALSE
T21E0 23390:653.125 JLINK_IsHalted()
T21E0 23390:653.868 - 0.761ms returns FALSE
T21E0 23390:854.081 JLINK_IsHalted()
T21E0 23390:854.660 - 0.587ms returns FALSE
T21E0 23391:054.173 JLINK_IsHalted()
T21E0 23391:054.850 - 0.692ms returns FALSE
T21E0 23391:255.052 JLINK_IsHalted()
T21E0 23391:255.930 - 0.898ms returns FALSE
T21E0 23391:457.578 JLINK_IsHalted()
T21E0 23391:458.190 - 0.620ms returns FALSE
T21E0 23391:657.980 JLINK_IsHalted()
T21E0 23391:659.147 - 1.186ms returns FALSE
T21E0 23391:863.388 JLINK_IsHalted()
T21E0 23391:864.437 - 1.068ms returns FALSE
T21E0 23392:068.654 JLINK_IsHalted()
T21E0 23392:069.737 - 1.101ms returns FALSE
T21E0 23392:271.341 JLINK_IsHalted()
T21E0 23392:272.067 - 0.745ms returns FALSE
T21E0 23392:471.402 JLINK_IsHalted()
T21E0 23392:472.122 - 0.737ms returns FALSE
T21E0 23392:672.034 JLINK_IsHalted()
T21E0 23392:672.834 - 0.818ms returns FALSE
T21E0 23392:872.018 JLINK_IsHalted()
T21E0 23392:872.830 - 0.833ms returns FALSE
T21E0 23393:074.934 JLINK_IsHalted()
T21E0 23393:076.028 - 1.113ms returns FALSE
T21E0 23393:280.293 JLINK_IsHalted()
T21E0 23393:281.699 - 1.425ms returns FALSE
T21E0 23393:484.830 JLINK_IsHalted()
T21E0 23393:485.964 - 1.153ms returns FALSE
T21E0 23393:686.796 JLINK_IsHalted()
T21E0 23393:687.730 - 0.952ms returns FALSE
T21E0 23393:889.839 JLINK_IsHalted()
T21E0 23393:890.606 - 0.784ms returns FALSE
T21E0 23394:090.600 JLINK_IsHalted()
T21E0 23394:091.698 - 1.117ms returns FALSE
T21E0 23394:295.431 JLINK_IsHalted()
T21E0 23394:296.011 - 0.589ms returns FALSE
T21E0 23394:498.713 JLINK_IsHalted()
T21E0 23394:499.989 - 1.298ms returns FALSE
T21E0 23394:703.535 JLINK_IsHalted()
T21E0 23394:704.696 - 1.180ms returns FALSE
T21E0 23394:905.385 JLINK_IsHalted()
T21E0 23394:906.480 - 1.112ms returns FALSE
T21E0 23395:107.489 JLINK_IsHalted()
T21E0 23395:108.482 - 1.012ms returns FALSE
T21E0 23395:309.063 JLINK_IsHalted()
T21E0 23395:310.228 - 1.184ms returns FALSE
T21E0 23395:511.365 JLINK_IsHalted()
T21E0 23395:512.434 - 1.088ms returns FALSE
T21E0 23395:714.962 JLINK_IsHalted()
T21E0 23395:716.035 - 1.092ms returns FALSE
T21E0 23395:919.064 JLINK_IsHalted()
T21E0 23395:919.980 - 0.935ms returns FALSE
T21E0 23396:119.850 JLINK_IsHalted()
T21E0 23396:121.013 - 1.181ms returns FALSE
T21E0 23396:325.282 JLINK_IsHalted()
T21E0 23396:325.967 - 0.703ms returns FALSE
T21E0 23396:525.729 JLINK_IsHalted()
T21E0 23396:526.618 - 0.909ms returns FALSE
T21E0 23396:727.244 JLINK_IsHalted()
T21E0 23396:728.452 - 1.228ms returns FALSE
T21E0 23396:931.354 JLINK_IsHalted()
T21E0 23396:932.130 - 0.795ms returns FALSE
T21E0 23397:133.443 JLINK_IsHalted()
T21E0 23397:134.621 - 1.196ms returns FALSE
T21E0 23397:335.075 JLINK_IsHalted()
T21E0 23397:336.303 - 1.247ms returns FALSE
T21E0 23397:540.445 JLINK_IsHalted()
T21E0 23397:541.707 - 1.281ms returns FALSE
T21E0 23397:742.598 JLINK_IsHalted()
T21E0 23397:743.628 - 1.048ms returns FALSE
T21E0 23397:943.780 JLINK_IsHalted()
T21E0 23397:944.498 - 0.740ms returns FALSE
T21E0 23398:146.977 JLINK_IsHalted()
T21E0 23398:148.225 - 1.268ms returns FALSE
T21E0 23398:348.161 JLINK_IsHalted()
T21E0 23398:348.890 - 0.745ms returns FALSE
T21E0 23398:549.262 JLINK_IsHalted()
T21E0 23398:549.997 - 0.749ms returns FALSE
T21E0 23398:754.971 JLINK_IsHalted()
T21E0 23398:756.195 - 1.243ms returns FALSE
T21E0 23398:955.825 JLINK_IsHalted()
T21E0 23398:957.188 - 1.382ms returns FALSE
T21E0 23399:159.385 JLINK_IsHalted()
T21E0 23399:160.345 - 0.980ms returns FALSE
T21E0 23399:361.588 JLINK_IsHalted()
T21E0 23399:362.529 - 0.978ms returns FALSE
T21E0 23399:563.168 JLINK_IsHalted()
T21E0 23399:564.305 - 1.155ms returns FALSE
T21E0 23399:766.134 JLINK_IsHalted()
T21E0 23399:767.193 - 1.078ms returns FALSE
T21E0 23399:968.796 JLINK_IsHalted()
T21E0 23399:969.977 - 1.200ms returns FALSE
T21E0 23400:170.541 JLINK_IsHalted()
T21E0 23400:171.660 - 1.137ms returns FALSE
T21E0 23400:372.343 JLINK_IsHalted()
T21E0 23400:373.038 - 0.714ms returns FALSE
T21E0 23400:573.426 JLINK_IsHalted()
T21E0 23400:574.584 - 1.193ms returns FALSE
T21E0 23400:775.386 JLINK_IsHalted()
T21E0 23400:776.590 - 1.223ms returns FALSE
T21E0 23400:978.552 JLINK_IsHalted()
T21E0 23400:979.766 - 1.232ms returns FALSE
T21E0 23401:180.469 JLINK_IsHalted()
T21E0 23401:181.243 - 0.791ms returns FALSE
T21E0 23401:380.581 JLINK_IsHalted()
T21E0 23401:381.431 - 0.869ms returns FALSE
T21E0 23401:581.012 JLINK_IsHalted()
T21E0 23401:582.039 - 1.059ms returns FALSE
T21E0 23401:783.607 JLINK_IsHalted()
T21E0 23401:784.229 - 0.631ms returns FALSE
T21E0 23401:989.896 JLINK_IsHalted()
T21E0 23401:991.016 - 1.138ms returns FALSE
T21E0 23402:196.159 JLINK_IsHalted()
T21E0 23402:196.922 - 0.782ms returns FALSE
T21E0 23402:398.382 JLINK_IsHalted()
T21E0 23402:399.155 - 0.790ms returns FALSE
T21E0 23402:598.456 JLINK_IsHalted()
T21E0 23402:599.231 - 0.793ms returns FALSE
T21E0 23402:798.727 JLINK_IsHalted()
T21E0 23402:799.482 - 0.769ms returns FALSE
T21E0 23402:999.030 JLINK_IsHalted()
T21E0 23402:999.896 - 0.883ms returns FALSE
T21E0 23403:200.083 JLINK_IsHalted()
T21E0 23403:201.056 - 0.992ms returns FALSE
T21E0 23403:401.214 JLINK_IsHalted()
T21E0 23403:402.192 - 0.996ms returns FALSE
T21E0 23403:602.678 JLINK_IsHalted()
T21E0 23403:603.318 - 0.657ms returns FALSE
T21E0 23403:803.626 JLINK_IsHalted()
T21E0 23403:804.636 - 1.035ms returns FALSE
T21E0 23404:006.090 JLINK_IsHalted()
T21E0 23404:007.191 - 1.130ms returns FALSE
T21E0 23404:207.212 JLINK_IsHalted()
T21E0 23404:208.185 - 0.991ms returns FALSE
T21E0 23404:408.298 JLINK_IsHalted()
T21E0 23404:409.273 - 0.995ms returns FALSE
T21E0 23404:609.470 JLINK_IsHalted()
T21E0 23404:610.220 - 0.768ms returns FALSE
T21E0 23404:811.496 JLINK_IsHalted()
T21E0 23404:812.232 - 0.752ms returns FALSE
T21E0 23405:013.347 JLINK_IsHalted()
T21E0 23405:014.384 - 1.060ms returns FALSE
T21E0 23405:214.399 JLINK_IsHalted()
T21E0 23405:215.674 - 1.294ms returns FALSE
T21E0 23405:415.994 JLINK_IsHalted()
T21E0 23405:417.135 - 1.176ms returns FALSE
T21E0 23405:618.339 JLINK_IsHalted()
T21E0 23405:619.324 - 1.004ms returns FALSE
T21E0 23405:820.257 JLINK_IsHalted()
T21E0 23405:821.661 - 1.438ms returns FALSE
T21E0 23406:022.379 JLINK_IsHalted()
T21E0 23406:022.994 - 0.626ms returns FALSE
T21E0 23406:223.320 JLINK_IsHalted()
T21E0 23406:224.415 - 1.118ms returns FALSE
T21E0 23406:427.149 JLINK_IsHalted()
T21E0 23406:428.298 - 1.167ms returns FALSE
T21E0 23406:631.382 JLINK_IsHalted()
T21E0 23406:632.486 - 1.121ms returns FALSE
T21E0 23406:833.303 JLINK_IsHalted()
T21E0 23406:834.280 - 0.996ms returns FALSE
T21E0 23407:035.429 JLINK_IsHalted()
T21E0 23407:036.250 - 0.840ms returns FALSE
T21E0 23407:236.816 JLINK_IsHalted()
T21E0 23407:237.818 - 1.020ms returns FALSE
T21E0 23407:437.998 JLINK_IsHalted()
T21E0 23407:438.761 - 0.779ms returns FALSE
T21E0 23407:639.462 JLINK_IsHalted()
T21E0 23407:640.626 - 1.183ms returns FALSE
T21E0 23407:842.707 JLINK_IsHalted()
T21E0 23407:844.073 - 1.389ms returns FALSE
T21E0 23408:047.196 JLINK_IsHalted()
T21E0 23408:048.166 - 0.988ms returns FALSE
T21E0 23408:250.117 JLINK_IsHalted()
T21E0 23408:251.257 - 1.159ms returns FALSE
T21E0 23408:454.386 JLINK_IsHalted()
T21E0 23408:455.122 - 0.753ms returns FALSE
T21E0 23408:656.238 JLINK_IsHalted()
T21E0 23408:657.350 - 1.130ms returns FALSE
T21E0 23408:857.965 JLINK_IsHalted()
T21E0 23408:859.226 - 1.269ms returns FALSE
T21E0 23409:058.982 JLINK_IsHalted()
T21E0 23409:059.998 - 1.035ms returns FALSE
T21E0 23409:260.853 JLINK_IsHalted()
T21E0 23409:261.983 - 1.149ms returns FALSE
T21E0 23409:462.053 JLINK_IsHalted()
T21E0 23409:462.819 - 0.781ms returns FALSE
T21E0 23409:663.655 JLINK_IsHalted()
T21E0 23409:664.736 - 1.101ms returns FALSE
T21E0 23409:865.641 JLINK_IsHalted()
T21E0 23409:867.024 - 1.402ms returns FALSE
T21E0 23410:068.372 JLINK_IsHalted()
T21E0 23410:069.622 - 1.278ms returns FALSE
T21E0 23410:273.129 JLINK_IsHalted()
T21E0 23410:273.882 - 0.769ms returns FALSE
T21E0 23410:474.111 JLINK_IsHalted()
T21E0 23410:475.536 - 1.445ms returns FALSE
T21E0 23410:679.462 JLINK_IsHalted()
T21E0 23410:680.340 - 0.900ms returns FALSE
T21E0 23410:880.617 JLINK_IsHalted()
T21E0 23410:881.834 - 1.235ms returns FALSE
T21E0 23411:081.826 JLINK_IsHalted()
T21E0 23411:083.252 - 1.448ms returns FALSE
T21E0 23411:283.832 JLINK_IsHalted()
T21E0 23411:285.195 - 1.383ms returns FALSE
T21E0 23411:485.467 JLINK_IsHalted()
T21E0 23411:486.793 - 1.346ms returns FALSE
T21E0 23411:687.293 JLINK_IsHalted()
T21E0 23411:688.716 - 1.443ms returns FALSE
T21E0 23411:889.882 JLINK_IsHalted()
T21E0 23411:890.682 - 0.812ms returns FALSE
T21E0 23412:091.406 JLINK_IsHalted()
T21E0 23412:092.264 - 0.875ms returns FALSE
T21E0 23412:292.314 JLINK_IsHalted()
T21E0 23412:293.714 - 1.419ms returns FALSE
T21E0 23412:498.017 JLINK_IsHalted()
T21E0 23412:499.056 - 1.063ms returns FALSE
T21E0 23412:699.345 JLINK_IsHalted()
T21E0 23412:700.844 - 1.518ms returns FALSE
T21E0 23412:901.078 JLINK_IsHalted()
T21E0 23412:901.926 - 0.881ms returns FALSE
T21E0 23413:102.574 JLINK_IsHalted()
T21E0 23413:103.674 - 1.119ms returns FALSE
T21E0 23413:304.606 JLINK_IsHalted()
T21E0 23413:305.754 - 1.167ms returns FALSE
T21E0 23413:508.283 JLINK_IsHalted()
T21E0 23413:508.864 - 0.590ms returns FALSE
T21E0 23413:708.975 JLINK_IsHalted()
T21E0 23413:709.801 - 0.845ms returns FALSE
T21E0 23413:909.796 JLINK_IsHalted()
T21E0 23413:910.565 - 0.786ms returns FALSE
T21E0 23414:110.172 JLINK_IsHalted()
T21E0 23414:110.999 - 0.846ms returns FALSE
T21E0 23414:311.127 JLINK_IsHalted()
T21E0 23414:312.024 - 0.916ms returns FALSE
T21E0 23414:511.707 JLINK_IsHalted()
T21E0 23414:512.857 - 1.168ms returns FALSE
T21E0 23414:720.614 JLINK_IsHalted()
T21E0 23414:721.694 - 1.098ms returns FALSE
T21E0 23414:927.787 JLINK_IsHalted()
T21E0 23414:928.596 - 0.828ms returns FALSE
T21E0 23415:128.641 JLINK_IsHalted()
T21E0 23415:129.998 - 1.376ms returns FALSE
T21E0 23415:331.086 JLINK_IsHalted()
T21E0 23415:332.228 - 1.160ms returns FALSE
T21E0 23415:533.405 JLINK_IsHalted()
T21E0 23415:534.557 - 1.171ms returns FALSE
T21E0 23415:734.705 JLINK_IsHalted()
T21E0 23415:735.696 - 1.010ms returns FALSE
T21E0 23415:942.924 JLINK_IsHalted()
T21E0 23415:943.841 - 0.935ms returns FALSE
T21E0 23416:144.465 JLINK_IsHalted()
T21E0 23416:145.711 - 1.268ms returns FALSE
T21E0 23416:345.489 JLINK_IsHalted()
T21E0 23416:346.244 - 0.772ms returns FALSE
T21E0 23416:545.558 JLINK_IsHalted()
T21E0 23416:546.264 - 0.723ms returns FALSE
T21E0 23416:745.969 JLINK_IsHalted()
T21E0 23416:746.831 - 0.882ms returns FALSE
T21E0 23416:946.396 JLINK_IsHalted()
T21E0 23416:947.279 - 0.903ms returns FALSE
T21E0 23417:146.389 JLINK_IsHalted()
T21E0 23417:147.143 - 0.770ms returns FALSE
T21E0 23417:346.559 JLINK_IsHalted()
T21E0 23417:347.225 - 0.679ms returns FALSE
T21E0 23417:546.962 JLINK_IsHalted()
T21E0 23417:548.052 - 1.110ms returns FALSE
T21E0 23417:750.867 JLINK_IsHalted()
T21E0 23417:751.612 - 0.758ms returns FALSE
T21E0 23417:953.742 JLINK_IsHalted()
T21E0 23417:954.704 - 0.980ms returns FALSE
T21E0 23418:157.261 JLINK_IsHalted()
T21E0 23418:158.378 - 1.135ms returns FALSE
T21E0 23418:359.167 JLINK_IsHalted()
T21E0 23418:360.176 - 1.027ms returns FALSE
T21E0 23418:560.500 JLINK_IsHalted()
T21E0 23418:561.710 - 1.228ms returns FALSE
T21E0 23418:764.041 JLINK_IsHalted()
T21E0 23418:764.860 - 0.840ms returns FALSE
T21E0 23418:964.624 JLINK_IsHalted()
T21E0 23418:965.419 - 0.813ms returns FALSE
T21E0 23419:164.822 JLINK_IsHalted()
T21E0 23419:165.574 - 0.768ms returns FALSE
T21E0 23419:366.338 JLINK_IsHalted()
T21E0 23419:367.364 - 1.044ms returns FALSE
T21E0 23419:570.073 JLINK_IsHalted()
T21E0 23419:571.103 - 1.049ms returns FALSE
T21E0 23419:774.400 JLINK_IsHalted()
T21E0 23419:775.462 - 1.079ms returns FALSE
T21E0 23419:977.957 JLINK_IsHalted()
T21E0 23419:978.844 - 0.897ms returns FALSE
T21E0 23420:181.456 JLINK_IsHalted()
T21E0 23420:182.604 - 1.173ms returns FALSE
T21E0 23420:383.334 JLINK_IsHalted()
T21E0 23420:384.180 - 0.865ms returns FALSE
T21E0 23420:585.208 JLINK_IsHalted()
T21E0 23420:586.319 - 1.129ms returns FALSE
T21E0 23420:786.403 JLINK_IsHalted()
T21E0 23420:787.323 - 0.938ms returns FALSE
T21E0 23420:987.498 JLINK_IsHalted()
T21E0 23420:988.116 - 0.626ms returns FALSE
T21E0 23421:191.405 JLINK_IsHalted()
T21E0 23421:192.449 - 1.065ms returns FALSE
T21E0 23421:394.696 JLINK_IsHalted()
T21E0 23421:395.491 - 0.811ms returns FALSE
T21E0 23421:596.675 JLINK_IsHalted()
T21E0 23421:597.924 - 1.268ms returns FALSE
T21E0 23421:799.060 JLINK_IsHalted()
T21E0 23421:800.025 - 0.982ms returns FALSE
T21E0 23422:000.482 JLINK_IsHalted()
T21E0 23422:001.438 - 0.980ms returns FALSE
T21E0 23422:202.562 JLINK_IsHalted()
T21E0 23422:203.736 - 1.193ms returns FALSE
T21E0 23422:404.309 JLINK_IsHalted()
T21E0 23422:405.670 - 1.379ms returns FALSE
T21E0 23422:606.047 JLINK_IsHalted()
T21E0 23422:607.418 - 1.390ms returns FALSE
T21E0 23422:809.767 JLINK_IsHalted()
T21E0 23422:810.655 - 0.913ms returns FALSE
T21E0 23423:012.068 JLINK_IsHalted()
T21E0 23423:012.795 - 0.744ms returns FALSE
T21E0 23423:215.990 JLINK_IsHalted()
T21E0 23423:216.707 - 0.727ms returns FALSE
T21E0 23423:416.345 JLINK_IsHalted()
T21E0 23423:417.530 - 1.204ms returns FALSE
T21E0 23423:618.453 JLINK_IsHalted()
T21E0 23423:619.617 - 1.186ms returns FALSE
T21E0 23423:820.442 JLINK_IsHalted()
T21E0 23423:821.709 - 1.286ms returns FALSE
T21E0 23424:023.403 JLINK_IsHalted()
T21E0 23424:024.553 - 1.168ms returns FALSE
T21E0 23424:226.523 JLINK_IsHalted()
T21E0 23424:227.662 - 1.159ms returns FALSE
T21E0 23424:429.314 JLINK_IsHalted()
T21E0 23424:430.461 - 1.165ms returns FALSE
T21E0 23424:631.368 JLINK_IsHalted()
T21E0 23424:632.025 - 0.665ms returns FALSE
T21E0 23424:834.035 JLINK_IsHalted()
T21E0 23424:834.885 - 0.870ms returns FALSE
T21E0 23425:035.094 JLINK_IsHalted()
T21E0 23425:036.087 - 1.025ms returns FALSE
T21E0 23425:236.791 JLINK_IsHalted()
T21E0 23425:237.497 - 0.723ms returns FALSE
T21E0 23425:437.791 JLINK_IsHalted()
T21E0 23425:438.481 - 0.708ms returns FALSE
T21E0 23425:639.604 JLINK_IsHalted()
T21E0 23425:640.411 - 0.822ms returns FALSE
T21E0 23425:840.043 JLINK_IsHalted()
T21E0 23425:840.840 - 0.831ms returns FALSE
T21E0 23426:042.572 JLINK_IsHalted()
T21E0 23426:043.611 - 1.074ms returns FALSE
T21E0 23426:245.198 JLINK_IsHalted()
T21E0 23426:246.559 - 1.379ms returns FALSE
T21E0 23426:453.092 JLINK_IsHalted()
T21E0 23426:453.915 - 0.841ms returns FALSE
T21E0 23426:656.685 JLINK_IsHalted()
T21E0 23426:657.894 - 1.228ms returns FALSE
T21E0 23426:859.497 JLINK_IsHalted()
T21E0 23426:860.648 - 1.169ms returns FALSE
T21E0 23427:061.344 JLINK_IsHalted()
T21E0 23427:062.563 - 1.238ms returns FALSE
T21E0 23427:266.219 JLINK_IsHalted()
T21E0 23427:267.274 - 1.074ms returns FALSE
T21E0 23427:468.296 JLINK_IsHalted()
T21E0 23427:469.444 - 1.166ms returns FALSE
T21E0 23427:670.279 JLINK_IsHalted()
T21E0 23427:671.449 - 1.188ms returns FALSE
T21E0 23427:874.068 JLINK_IsHalted()
T21E0 23427:874.849 - 0.798ms returns FALSE
T21E0 23428:080.241 JLINK_IsHalted()
T21E0 23428:081.364 - 1.140ms returns FALSE
T21E0 23428:281.999 JLINK_IsHalted()
T21E0 23428:283.069 - 1.088ms returns FALSE
T21E0 23428:487.353 JLINK_IsHalted()
T21E0 23428:488.384 - 1.050ms returns FALSE
T21E0 23428:688.983 JLINK_IsHalted()
T21E0 23428:690.186 - 1.223ms returns FALSE
T21E0 23428:892.386 JLINK_IsHalted()
T21E0 23428:893.285 - 0.918ms returns FALSE
T21E0 23429:095.379 JLINK_IsHalted()
T21E0 23429:096.562 - 1.202ms returns FALSE
T21E0 23429:296.886 JLINK_IsHalted()
T21E0 23429:302.394 - 5.527ms returns FALSE
T21E0 23429:506.434 JLINK_IsHalted()
T21E0 23429:507.150 - 0.727ms returns FALSE
T21E0 23429:709.011 JLINK_IsHalted()
T21E0 23429:709.758 - 0.763ms returns FALSE
T21E0 23429:910.116 JLINK_IsHalted()
T21E0 23429:910.783 - 0.685ms returns FALSE
T21E0 23430:114.333 JLINK_IsHalted()
T21E0 23430:115.315 - 1.000ms returns FALSE
T21E0 23430:321.184 JLINK_IsHalted()
T21E0 23430:322.226 - 1.060ms returns FALSE
T21E0 23430:526.134 JLINK_IsHalted()
T21E0 23430:526.869 - 0.752ms returns FALSE
T21E0 23430:727.090 JLINK_IsHalted()
T21E0 23430:728.157 - 1.087ms returns FALSE
T21E0 23430:930.969 JLINK_IsHalted()
T21E0 23430:931.947 - 0.996ms returns FALSE
T21E0 23431:132.596 JLINK_IsHalted()
T21E0 23431:133.755 - 1.177ms returns FALSE
T21E0 23431:334.035 JLINK_IsHalted()
T21E0 23431:334.770 - 0.753ms returns FALSE
T21E0 23431:536.297 JLINK_IsHalted()
T21E0 23431:537.100 - 0.821ms returns FALSE
T21E0 23431:740.125 JLINK_IsHalted()
T21E0 23431:740.974 - 0.883ms returns FALSE
T21E0 23431:941.441 JLINK_IsHalted()
T21E0 23431:942.173 - 0.748ms returns FALSE
T21E0 23432:143.116 JLINK_IsHalted()
T21E0 23432:144.060 - 0.961ms returns FALSE
T21E0 23432:344.895 JLINK_IsHalted()
T21E0 23432:345.613 - 0.734ms returns FALSE
T21E0 23432:551.418 JLINK_IsHalted()
T21E0 23432:552.555 - 1.155ms returns FALSE
T21E0 23432:755.340 JLINK_IsHalted()
T21E0 23432:756.484 - 1.163ms returns FALSE
T21E0 23432:959.381 JLINK_IsHalted()
T21E0 23432:960.495 - 1.133ms returns FALSE
T21E0 23433:162.472 JLINK_IsHalted()
T21E0 23433:163.177 - 0.722ms returns FALSE
T21E0 23433:362.956 JLINK_IsHalted()
T21E0 23433:363.927 - 0.991ms returns FALSE
T21E0 23433:564.023 JLINK_IsHalted()
T21E0 23433:565.200 - 1.196ms returns FALSE
T21E0 23433:767.664 JLINK_IsHalted()
T21E0 23433:768.407 - 0.757ms returns FALSE
T21E0 23433:968.466 JLINK_IsHalted()
T21E0 23433:969.477 - 1.029ms returns FALSE
T21E0 23434:171.386 JLINK_IsHalted()
T21E0 23434:172.503 - 1.135ms returns FALSE
T21E0 23434:375.388 JLINK_IsHalted()
T21E0 23434:376.451 - 1.081ms returns FALSE
T21E0 23434:580.236 JLINK_IsHalted()
T21E0 23434:580.990 - 0.770ms returns FALSE
T21E0 23434:782.498 JLINK_IsHalted()
T21E0 23434:783.204 - 0.722ms returns FALSE
T21E0 23434:983.298 JLINK_IsHalted()
T21E0 23434:984.311 - 1.041ms returns FALSE
T21E0 23435:188.258 JLINK_IsHalted()
T21E0 23435:189.017 - 0.778ms returns FALSE
T21E0 23435:389.083 JLINK_IsHalted()
T21E0 23435:389.995 - 0.931ms returns FALSE
T21E0 23435:591.378 JLINK_IsHalted()
T21E0 23435:592.491 - 1.131ms returns FALSE
T21E0 23435:793.327 JLINK_IsHalted()
T21E0 23435:794.326 - 1.018ms returns FALSE
T21E0 23435:995.102 JLINK_IsHalted()
T21E0 23435:996.214 - 1.131ms returns FALSE
T21E0 23436:199.015 JLINK_IsHalted()
T21E0 23436:200.004 - 1.008ms returns FALSE
T21E0 23436:400.238 JLINK_IsHalted()
T21E0 23436:401.029 - 0.807ms returns FALSE
T21E0 23436:602.088 JLINK_IsHalted()
T21E0 23436:603.134 - 1.070ms returns FALSE
T21E0 23436:806.922 JLINK_IsHalted()
T21E0 23436:807.733 - 0.828ms returns FALSE
T21E0 23437:008.023 JLINK_IsHalted()
T21E0 23437:008.617 - 0.604ms returns FALSE
T21E0 23437:208.397 JLINK_IsHalted()
T21E0 23437:209.485 - 1.107ms returns FALSE
T21E0 23437:412.511 JLINK_IsHalted()
T21E0 23437:413.730 - 1.237ms returns FALSE
T21E0 23437:616.441 JLINK_IsHalted()
T21E0 23437:617.256 - 0.834ms returns FALSE
T21E0 23437:818.085 JLINK_IsHalted()
T21E0 23437:818.834 - 0.761ms returns FALSE
T21E0 23438:019.300 JLINK_IsHalted()
T21E0 23438:020.534 - 1.253ms returns FALSE
T21E0 23438:221.273 JLINK_IsHalted()
T21E0 23438:222.329 - 1.074ms returns FALSE
T21E0 23438:423.344 JLINK_IsHalted()
T21E0 23438:424.082 - 0.757ms returns FALSE
T21E0 23438:625.625 JLINK_IsHalted()
T21E0 23438:626.354 - 0.737ms returns FALSE
T21E0 23438:826.340 JLINK_IsHalted()
T21E0 23438:827.449 - 1.128ms returns FALSE
T21E0 23439:031.174 JLINK_IsHalted()
T21E0 23439:032.126 - 0.986ms returns FALSE
T21E0 23439:232.216 JLINK_IsHalted()
T21E0 23439:233.330 - 1.132ms returns FALSE
T21E0 23439:435.728 JLINK_IsHalted()
T21E0 23439:436.576 - 0.865ms returns FALSE
T21E0 23439:636.894 JLINK_IsHalted()
T21E0 23439:638.036 - 1.161ms returns FALSE
T21E0 23439:840.757 JLINK_IsHalted()
T21E0 23439:841.739 - 1.002ms returns FALSE
T21E0 23440:043.835 JLINK_IsHalted()
T21E0 23440:044.813 - 0.998ms returns FALSE
T21E0 23440:246.066 JLINK_IsHalted()
T21E0 23440:246.785 - 0.727ms returns FALSE
T21E0 23440:447.021 JLINK_IsHalted()
T21E0 23440:448.226 - 1.224ms returns FALSE
T21E0 23440:651.040 JLINK_IsHalted()
T21E0 23440:651.986 - 0.972ms returns FALSE
T21E0 23440:853.603 JLINK_IsHalted()
T21E0 23440:854.702 - 1.120ms returns FALSE
T21E0 23441:055.715 JLINK_IsHalted()
T21E0 23441:056.532 - 0.832ms returns FALSE
T21E0 23441:258.843 JLINK_IsHalted()
T21E0 23441:264.063 - 5.242ms returns FALSE
T21E0 23441:465.532 JLINK_IsHalted()
T21E0 23441:466.166 - 0.648ms returns FALSE
T21E0 23441:669.170 JLINK_IsHalted()
T21E0 23441:669.800 - 0.638ms returns FALSE
T21E0 23441:873.955 JLINK_IsHalted()
T21E0 23441:875.131 - 1.367ms returns FALSE
T21E0 23442:076.200 JLINK_IsHalted()
T21E0 23442:077.316 - 1.135ms returns FALSE
T21E0 23442:279.037 JLINK_IsHalted()
T21E0 23442:280.139 - 1.122ms returns FALSE
T21E0 23442:481.824 JLINK_IsHalted()
T21E0 23442:482.557 - 0.743ms returns FALSE
T21E0 23442:684.583 JLINK_IsHalted()
T21E0 23442:685.712 - 1.149ms returns FALSE
T21E0 23442:886.962 JLINK_IsHalted()
T21E0 23442:887.948 - 1.005ms returns FALSE
T21E0 23443:089.169 JLINK_IsHalted()
T21E0 23443:090.173 - 1.024ms returns FALSE
T21E0 23443:296.841 JLINK_IsHalted()
T21E0 23443:297.940 - 1.117ms returns FALSE
T21E0 23443:498.758 JLINK_IsHalted()
T21E0 23443:499.927 - 1.187ms returns FALSE
T21E0 23443:701.290 JLINK_IsHalted()
T21E0 23443:701.915 - 0.653ms returns FALSE
T21E0 23443:901.870 JLINK_IsHalted()
T21E0 23443:903.022 - 1.171ms returns FALSE
T21E0 23444:103.839 JLINK_IsHalted()
T21E0 23444:105.065 - 1.246ms returns FALSE
T21E0 23444:305.094 JLINK_IsHalted()
T21E0 23444:305.782 - 0.697ms returns FALSE
T21E0 23444:505.623 JLINK_IsHalted()
T21E0 23444:506.790 - 1.200ms returns FALSE
T21E0 23444:707.016 JLINK_IsHalted()
T21E0 23444:707.708 - 0.707ms returns FALSE
T21E0 23444:908.136 JLINK_IsHalted()
T21E0 23444:909.119 - 1.003ms returns FALSE
T21E0 23445:111.398 JLINK_IsHalted()
T21E0 23445:112.187 - 0.807ms returns FALSE
T21E0 23445:314.549 JLINK_IsHalted()
T21E0 23445:315.701 - 1.191ms returns FALSE
T21E0 23445:518.504 JLINK_IsHalted()
T21E0 23445:519.494 - 1.031ms returns FALSE
T21E0 23445:720.423 JLINK_IsHalted()
T21E0 23445:721.279 - 0.874ms returns FALSE
T21E0 23445:924.487 JLINK_IsHalted()
T21E0 23445:925.326 - 0.862ms returns FALSE
T21E0 23446:125.874 JLINK_IsHalted()
T21E0 23446:126.628 - 0.769ms returns FALSE
T21E0 23446:326.649 JLINK_IsHalted()
T21E0 23446:327.745 - 1.116ms returns FALSE
T21E0 23446:528.858 JLINK_IsHalted()
T21E0 23446:529.622 - 0.783ms returns FALSE
T21E0 23446:729.890 JLINK_IsHalted()
T21E0 23446:730.572 - 0.708ms returns FALSE
T21E0 23446:930.529 JLINK_IsHalted()
T21E0 23446:931.258 - 0.737ms returns FALSE
T21E0 23447:133.210 JLINK_IsHalted()
T21E0 23447:133.866 - 0.666ms returns FALSE
T21E0 23447:335.339 JLINK_IsHalted()
T21E0 23447:336.454 - 1.133ms returns FALSE
T21E0 23447:538.463 JLINK_IsHalted()
T21E0 23447:539.717 - 1.273ms returns FALSE
T21E0 23447:741.478 JLINK_IsHalted()
T21E0 23447:742.685 - 1.225ms returns FALSE
T21E0 23447:943.332 JLINK_IsHalted()
T21E0 23447:944.084 - 0.771ms returns FALSE
T21E0 23448:143.469 JLINK_IsHalted()
T21E0 23448:144.173 - 0.720ms returns FALSE
T21E0 23448:344.116 JLINK_IsHalted()
T21E0 23448:344.872 - 0.771ms returns FALSE
T21E0 23448:545.513 JLINK_IsHalted()
T21E0 23448:546.312 - 0.815ms returns FALSE
T21E0 23448:748.623 JLINK_IsHalted()
T21E0 23448:749.675 - 1.070ms returns FALSE
T21E0 23448:949.892 JLINK_IsHalted()
T21E0 23448:950.910 - 1.037ms returns FALSE
T21E0 23449:150.949 JLINK_IsHalted()
T21E0 23449:151.893 - 0.962ms returns FALSE
T21E0 23449:351.875 JLINK_IsHalted()
T21E0 23449:353.043 - 1.186ms returns FALSE
T21E0 23449:557.342 JLINK_IsHalted()
T21E0 23449:558.565 - 1.242ms returns FALSE
T21E0 23449:758.519 JLINK_IsHalted()
T21E0 23449:759.586 - 1.085ms returns FALSE
T21E0 23449:959.808 JLINK_IsHalted()
T21E0 23449:960.459 - 0.662ms returns FALSE
T21E0 23450:162.753 JLINK_IsHalted()
T21E0 23450:163.465 - 0.729ms returns FALSE
T21E0 23450:363.041 JLINK_IsHalted()
T21E0 23450:363.801 - 0.776ms returns FALSE
T21E0 23450:563.655 JLINK_IsHalted()
T21E0 23450:564.692 - 1.056ms returns FALSE
T21E0 23450:765.871 JLINK_IsHalted()
T21E0 23450:766.968 - 1.115ms returns FALSE
T21E0 23450:967.475 JLINK_IsHalted()
T21E0 23450:968.694 - 1.239ms returns FALSE
T21E0 23451:168.880 JLINK_IsHalted()
T21E0 23451:169.640 - 0.778ms returns FALSE
T21E0 23451:370.487 JLINK_IsHalted()
T21E0 23451:371.264 - 0.801ms returns FALSE
T21E0 23451:571.323 JLINK_IsHalted()
T21E0 23451:572.487 - 1.183ms returns FALSE
T21E0 23451:773.813 JLINK_IsHalted()
T21E0 23451:774.743 - 0.949ms returns FALSE
T21E0 23451:975.103 JLINK_IsHalted()
T21E0 23451:975.783 - 0.689ms returns FALSE
T21E0 23452:176.668 JLINK_IsHalted()
T21E0 23452:177.331 - 0.672ms returns FALSE
T21E0 23452:376.823 JLINK_IsHalted()
T21E0 23452:377.458 - 0.644ms returns FALSE
T21E0 23452:576.962 JLINK_IsHalted()
T21E0 23452:578.100 - 1.156ms returns FALSE
T21E0 23452:778.201 JLINK_IsHalted()
T21E0 23452:778.940 - 0.750ms returns FALSE
T21E0 23452:979.210 JLINK_IsHalted()
T21E0 23452:979.776 - 0.575ms returns FALSE
T21E0 23453:180.129 JLINK_IsHalted()
T21E0 23453:180.765 - 0.649ms returns FALSE
T21E0 23453:380.491 JLINK_IsHalted()
T21E0 23453:381.238 - 0.765ms returns FALSE
T21E0 23453:582.607 JLINK_IsHalted()
T21E0 23453:583.347 - 0.757ms returns FALSE
T21E0 23453:783.198 JLINK_IsHalted()
T21E0 23453:784.074 - 0.893ms returns FALSE
T21E0 23453:984.305 JLINK_IsHalted()
T21E0 23453:985.526 - 1.241ms returns FALSE
T21E0 23454:189.650 JLINK_IsHalted()
T21E0 23454:190.607 - 0.976ms returns FALSE
T21E0 23454:391.905 JLINK_IsHalted()
T21E0 23454:392.540 - 0.643ms returns FALSE
T21E0 23454:593.228 JLINK_IsHalted()
T21E0 23454:593.856 - 0.635ms returns FALSE
T21E0 23454:796.162 JLINK_IsHalted()
T21E0 23454:796.861 - 0.716ms returns FALSE
T21E0 23454:996.264 JLINK_IsHalted()
T21E0 23454:996.824 - 0.567ms returns FALSE
T21E0 23455:196.695 JLINK_IsHalted()
T21E0 23455:197.962 - 1.289ms returns FALSE
T21E0 23455:398.397 JLINK_IsHalted()
T21E0 23455:398.952 - 0.566ms returns FALSE
T21E0 23455:600.052 JLINK_IsHalted()
T21E0 23455:600.858 - 0.823ms returns FALSE
T21E0 23455:802.006 JLINK_IsHalted()
T21E0 23455:802.580 - 0.582ms returns FALSE
T21E0 23456:002.737 JLINK_IsHalted()
T21E0 23456:003.372 - 0.647ms returns FALSE
T21E0 23456:203.253 JLINK_IsHalted()
T21E0 23456:203.931 - 0.689ms returns FALSE
T21E0 23456:406.110 JLINK_IsHalted()
T21E0 23456:406.687 - 0.595ms returns FALSE
T21E0 23456:607.107 JLINK_IsHalted()
T21E0 23456:608.126 - 1.038ms returns FALSE
T21E0 23456:810.213 JLINK_IsHalted()
T21E0 23456:810.779 - 0.574ms returns FALSE
T21E0 23457:012.994 JLINK_IsHalted()
T21E0 23457:013.643 - 0.657ms returns FALSE
T21E0 23457:213.981 JLINK_IsHalted()
T21E0 23457:214.737 - 0.766ms returns FALSE
T21E0 23457:414.966 JLINK_IsHalted()
T21E0 23457:415.643 - 0.689ms returns FALSE
T21E0 23457:615.233 JLINK_IsHalted()
T21E0 23457:616.333 - 1.119ms returns FALSE
T21E0 23457:820.416 JLINK_IsHalted()
T21E0 23457:821.449 - 1.056ms returns FALSE
T21E0 23458:023.232 JLINK_IsHalted()
T21E0 23458:023.991 - 0.770ms returns FALSE
T21E0 23458:223.556 JLINK_IsHalted()
T21E0 23458:224.633 - 1.096ms returns FALSE
T21E0 23458:427.013 JLINK_IsHalted()
T21E0 23458:428.062 - 1.068ms returns FALSE
T21E0 23458:628.573 JLINK_IsHalted()
T21E0 23458:629.566 - 1.012ms returns FALSE
T21E0 23458:830.847 JLINK_IsHalted()
T21E0 23458:832.099 - 1.271ms returns FALSE
T21E0 23459:035.138 JLINK_IsHalted()
T21E0 23459:036.310 - 1.191ms returns FALSE
T21E0 23459:238.910 JLINK_IsHalted()
T21E0 23459:239.636 - 0.739ms returns FALSE
T21E0 23459:439.388 JLINK_IsHalted()
T21E0 23459:440.124 - 0.745ms returns FALSE
T21E0 23459:639.405 JLINK_IsHalted()
T21E0 23459:640.101 - 0.706ms returns FALSE
T21E0 23459:842.133 JLINK_IsHalted()
T21E0 23459:842.899 - 0.784ms returns FALSE
T21E0 23460:042.521 JLINK_IsHalted()
T21E0 23460:043.792 - 1.290ms returns FALSE
T21E0 23460:245.157 JLINK_IsHalted()
T21E0 23460:246.207 - 1.069ms returns FALSE
T21E0 23460:446.768 JLINK_IsHalted()
T21E0 23460:448.004 - 1.255ms returns FALSE
T21E0 23460:648.198 JLINK_IsHalted()
T21E0 23460:652.713 - 4.534ms returns FALSE
T21E0 23460:855.434 JLINK_IsHalted()
T21E0 23460:856.426 - 1.012ms returns FALSE
T21E0 23461:056.613 JLINK_IsHalted()
T21E0 23461:057.518 - 0.914ms returns FALSE
T21E0 23461:257.665 JLINK_IsHalted()
T21E0 23461:258.779 - 1.133ms returns FALSE
T21E0 23461:460.804 JLINK_IsHalted()
T21E0 23461:462.012 - 1.227ms returns FALSE
T21E0 23461:665.357 JLINK_IsHalted()
T21E0 23461:666.518 - 1.181ms returns FALSE
T21E0 23461:867.279 JLINK_IsHalted()
T21E0 23461:868.688 - 1.428ms returns FALSE
T21E0 23462:070.545 JLINK_IsHalted()
T21E0 23462:071.531 - 1.008ms returns FALSE
T21E0 23462:272.292 JLINK_IsHalted()
T21E0 23462:273.512 - 1.238ms returns FALSE
T21E0 23462:473.511 JLINK_IsHalted()
T21E0 23462:474.256 - 0.755ms returns FALSE
T21E0 23462:674.761 JLINK_IsHalted()
T21E0 23462:675.507 - 0.762ms returns FALSE
T21E0 23462:875.789 JLINK_IsHalted()
T21E0 23462:876.558 - 0.784ms returns FALSE
T21E0 23463:076.766 JLINK_IsHalted()
T21E0 23463:077.485 - 0.729ms returns FALSE
T21E0 23463:279.549 JLINK_IsHalted()
T21E0 23463:280.297 - 0.761ms returns FALSE
T21E0 23463:480.090 JLINK_IsHalted()
T21E0 23463:481.291 - 1.235ms returns FALSE
T21E0 23463:686.198 JLINK_IsHalted()
T21E0 23463:686.961 - 0.781ms returns FALSE
T21E0 23463:888.387 JLINK_IsHalted()
T21E0 23463:889.086 - 0.709ms returns FALSE
T21E0 23464:089.004 JLINK_IsHalted()
T21E0 23464:090.053 - 1.068ms returns FALSE
T21E0 23464:291.045 JLINK_IsHalted()
T21E0 23464:291.989 - 0.966ms returns FALSE
T21E0 23464:493.714 JLINK_IsHalted()
T21E0 23464:494.475 - 0.778ms returns FALSE
T21E0 23464:695.350 JLINK_IsHalted()
T21E0 23464:696.475 - 1.144ms returns FALSE
T21E0 23464:897.911 JLINK_IsHalted()
T21E0 23464:898.928 - 1.026ms returns FALSE
T21E0 23465:100.620 JLINK_IsHalted()
T21E0 23465:101.608 - 1.015ms returns FALSE
T21E0 23465:303.407 JLINK_IsHalted()
T21E0 23465:304.508 - 1.118ms returns FALSE
T21E0 23465:506.630 JLINK_IsHalted()
T21E0 23465:507.402 - 0.786ms returns FALSE
T21E0 23465:707.579 JLINK_IsHalted()
T21E0 23465:708.592 - 1.033ms returns FALSE
T21E0 23465:911.375 JLINK_IsHalted()
T21E0 23465:912.182 - 0.825ms returns FALSE
T21E0 23466:113.849 JLINK_IsHalted()
T21E0 23466:114.527 - 0.688ms returns FALSE
T21E0 23466:314.541 JLINK_IsHalted()
T21E0 23466:315.281 - 0.753ms returns FALSE
T21E0 23466:515.514 JLINK_IsHalted()
T21E0 23466:516.633 - 1.137ms returns FALSE
T21E0 23466:719.496 JLINK_IsHalted()
T21E0 23466:720.198 - 0.713ms returns FALSE
T21E0 23466:919.987 JLINK_IsHalted()
T21E0 23466:921.115 - 1.147ms returns FALSE
T21E0 23467:121.646 JLINK_IsHalted()
T21E0 23467:122.248 - 0.612ms returns FALSE
T21E0 23467:322.901 JLINK_IsHalted()
T21E0 23467:324.176 - 1.296ms returns FALSE
T21E0 23467:524.766 JLINK_IsHalted()
T21E0 23467:525.695 - 0.937ms returns FALSE
T21E0 23467:725.769 JLINK_IsHalted()
T21E0 23467:726.470 - 0.713ms returns FALSE
T21E0 23467:927.438 JLINK_IsHalted()
T21E0 23467:928.124 - 0.697ms returns FALSE
T21E0 23468:130.430 JLINK_IsHalted()
T21E0 23468:131.072 - 0.670ms returns FALSE
T21E0 23468:331.105 JLINK_IsHalted()
T21E0 23468:331.970 - 0.928ms returns FALSE
T21E0 23468:535.190 JLINK_IsHalted()
T21E0 23468:535.920 - 0.749ms returns FALSE
T21E0 23468:738.544 JLINK_IsHalted()
T21E0 23468:739.526 - 0.996ms returns FALSE
T21E0 23468:940.670 JLINK_IsHalted()
T21E0 23468:941.460 - 0.808ms returns FALSE
T21E0 23469:141.999 JLINK_IsHalted()
T21E0 23469:143.384 - 1.403ms returns FALSE
T21E0 23469:344.724 JLINK_IsHalted()
T21E0 23469:345.423 - 0.709ms returns FALSE
T21E0 23469:547.823 JLINK_IsHalted()
T21E0 23469:548.930 - 1.135ms returns FALSE
T21E0 23469:748.855 JLINK_IsHalted()
T21E0 23469:749.589 - 0.777ms returns FALSE
T21E0 23469:950.359 JLINK_IsHalted()
T21E0 23469:951.741 - 1.404ms returns FALSE
T21E0 23470:151.801 JLINK_IsHalted()
T21E0 23470:152.807 - 1.025ms returns FALSE
T21E0 23470:354.512 JLINK_IsHalted()
T21E0 23470:355.424 - 0.933ms returns FALSE
T21E0 23470:557.439 JLINK_IsHalted()
T21E0 23470:558.191 - 0.768ms returns FALSE
T21E0 23470:758.220 JLINK_IsHalted()
T21E0 23470:759.369 - 1.166ms returns FALSE
T21E0 23470:959.628 JLINK_IsHalted()
T21E0 23470:960.828 - 1.220ms returns FALSE
T21E0 23471:164.866 JLINK_IsHalted()
T21E0 23471:165.887 - 1.048ms returns FALSE
T21E0 23471:367.525 JLINK_IsHalted()
T21E0 23471:368.284 - 0.790ms returns FALSE
T21E0 23471:567.450 JLINK_IsHalted()
T21E0 23471:568.183 - 0.766ms returns FALSE
T21E0 23471:768.060 JLINK_IsHalted()
T21E0 23471:769.163 - 1.122ms returns FALSE
T21E0 23471:970.929 JLINK_IsHalted()
T21E0 23471:971.995 - 1.085ms returns FALSE
T21E0 23472:173.106 JLINK_IsHalted()
T21E0 23472:174.096 - 1.001ms returns FALSE
T21E0 23472:374.461 JLINK_IsHalted()
T21E0 23472:375.604 - 1.161ms returns FALSE
T21E0 23472:575.792 JLINK_IsHalted()
T21E0 23472:576.914 - 1.141ms returns FALSE
T21E0 23472:778.702 JLINK_IsHalted()
T21E0 23472:779.851 - 1.168ms returns FALSE
T21E0 23472:983.133 JLINK_IsHalted()
T21E0 23472:983.832 - 0.709ms returns FALSE
T21E0 23473:184.041 JLINK_IsHalted()
T21E0 23473:184.793 - 0.782ms returns FALSE
T21E0 23473:385.414 JLINK_IsHalted()
T21E0 23473:386.154 - 0.794ms returns FALSE
T21E0 23473:587.301 JLINK_IsHalted()
T21E0 23473:588.004 - 0.715ms returns FALSE
T21E0 23473:788.681 JLINK_IsHalted()
T21E0 23473:789.723 - 1.053ms returns FALSE
T21E0 23473:990.010 JLINK_IsHalted()
T21E0 23473:990.891 - 0.895ms returns FALSE
T21E0 23474:191.417 JLINK_IsHalted()
T21E0 23474:192.153 - 0.747ms returns FALSE
T21E0 23474:394.693 JLINK_IsHalted()
T21E0 23474:395.481 - 0.797ms returns FALSE
T21E0 23474:594.680 JLINK_IsHalted()
T21E0 23474:595.317 - 0.645ms returns FALSE
T21E0 23474:796.097 JLINK_IsHalted()
T21E0 23474:797.181 - 1.103ms returns FALSE
T21E0 23474:999.388 JLINK_IsHalted()
T21E0 23475:000.377 - 1.023ms returns FALSE
T21E0 23475:200.421 JLINK_IsHalted()
T21E0 23475:201.581 - 1.178ms returns FALSE
T21E0 23475:402.188 JLINK_IsHalted()
T21E0 23475:403.346 - 1.176ms returns FALSE
T21E0 23475:604.443 JLINK_IsHalted()
T21E0 23475:605.129 - 0.698ms returns FALSE
T21E0 23475:805.157 JLINK_IsHalted()
T21E0 23475:806.157 - 1.022ms returns FALSE
T21E0 23476:008.010 JLINK_IsHalted()
T21E0 23476:009.145 - 1.154ms returns FALSE
T21E0 23476:209.871 JLINK_IsHalted()
T21E0 23476:210.921 - 1.079ms returns FALSE
T21E0 23476:411.515 JLINK_IsHalted()
T21E0 23476:412.612 - 1.115ms returns FALSE
T21E0 23476:615.406 JLINK_IsHalted()
T21E0 23476:616.534 - 1.147ms returns FALSE
T21E0 23476:820.747 JLINK_IsHalted()
T21E0 23476:821.848 - 1.120ms returns FALSE
T21E0 23477:022.524 JLINK_IsHalted()
T21E0 23477:023.441 - 0.938ms returns FALSE
T21E0 23477:223.628 JLINK_IsHalted()
T21E0 23477:224.749 - 1.142ms returns FALSE
T21E0 23477:430.550 JLINK_IsHalted()
T21E0 23477:431.668 - 1.136ms returns FALSE
T21E0 23477:636.440 JLINK_IsHalted()
T21E0 23477:637.130 - 0.707ms returns FALSE
T21E0 23477:840.242 JLINK_IsHalted()
T21E0 23477:841.058 - 0.835ms returns FALSE
T21E0 23478:040.515 JLINK_IsHalted()
T21E0 23478:041.342 - 0.858ms returns FALSE
T21E0 23478:243.797 JLINK_IsHalted()
T21E0 23478:244.906 - 1.128ms returns FALSE
T21E0 23478:446.132 JLINK_IsHalted()
T21E0 23478:446.837 - 0.714ms returns FALSE
T21E0 23478:646.992 JLINK_IsHalted()
T21E0 23478:647.699 - 0.717ms returns FALSE
T21E0 23478:847.873 JLINK_IsHalted()
T21E0 23478:848.553 - 0.701ms returns FALSE
T21E0 23479:048.212 JLINK_IsHalted()
T21E0 23479:048.903 - 0.706ms returns FALSE
T21E0 23479:249.446 JLINK_IsHalted()
T21E0 23479:250.486 - 1.059ms returns FALSE
T21E0 23479:450.776 JLINK_IsHalted()
T21E0 23479:451.918 - 1.161ms returns FALSE
T21E0 23479:654.366 JLINK_IsHalted()
T21E0 23479:655.465 - 1.117ms returns FALSE
T21E0 23479:859.047 JLINK_IsHalted()
T21E0 23479:859.786 - 0.755ms returns FALSE
T21E0 23480:061.368 JLINK_IsHalted()
T21E0 23480:062.676 - 1.327ms returns FALSE
T21E0 23480:263.396 JLINK_IsHalted()
T21E0 23480:264.794 - 1.418ms returns FALSE
T21E0 23480:464.581 JLINK_IsHalted()
T21E0 23480:465.268 - 0.696ms returns FALSE
T21E0 23480:666.132 JLINK_IsHalted()
T21E0 23480:667.214 - 1.101ms returns FALSE
T21E0 23480:871.385 JLINK_IsHalted()
T21E0 23480:872.478 - 1.111ms returns FALSE
T21E0 23481:075.141 JLINK_IsHalted()
T21E0 23481:076.274 - 1.151ms returns FALSE
T21E0 23481:277.795 JLINK_IsHalted()
T21E0 23481:278.799 - 1.023ms returns FALSE
T21E0 23481:479.294 JLINK_IsHalted()
T21E0 23481:480.538 - 1.263ms returns FALSE
T21E0 23481:682.105 JLINK_IsHalted()
T21E0 23481:683.087 - 1.002ms returns FALSE
T21E0 23481:884.811 JLINK_IsHalted()
T21E0 23481:885.881 - 1.089ms returns FALSE
T21E0 23482:087.314 JLINK_IsHalted()
T21E0 23482:088.071 - 0.780ms returns FALSE
T21E0 23482:288.113 JLINK_IsHalted()
T21E0 23482:289.144 - 1.049ms returns FALSE
T21E0 23482:489.607 JLINK_IsHalted()
T21E0 23482:490.682 - 1.094ms returns FALSE
T21E0 23482:690.694 JLINK_IsHalted()
T21E0 23482:691.754 - 1.079ms returns FALSE
T21E0 23482:892.098 JLINK_IsHalted()
T21E0 23482:893.187 - 1.107ms returns FALSE
T21E0 23483:095.442 JLINK_IsHalted()
T21E0 23483:096.063 - 0.632ms returns FALSE
T21E0 23483:296.301 JLINK_IsHalted()
T21E0 23483:297.351 - 1.068ms returns FALSE
T21E0 23483:498.054 JLINK_IsHalted()
T21E0 23483:498.949 - 0.915ms returns FALSE
T21E0 23483:700.712 JLINK_IsHalted()
T21E0 23483:701.436 - 0.736ms returns FALSE
T21E0 23483:903.945 JLINK_IsHalted()
T21E0 23483:904.620 - 0.693ms returns FALSE
T21E0 23484:106.756 JLINK_IsHalted()
T21E0 23484:107.658 - 0.935ms returns FALSE
T21E0 23484:308.257 JLINK_IsHalted()
T21E0 23484:308.953 - 0.706ms returns FALSE
T21E0 23484:510.550 JLINK_IsHalted()
T21E0 23484:511.697 - 1.166ms returns FALSE
T21E0 23484:714.422 JLINK_IsHalted()
T21E0 23484:715.707 - 1.305ms returns FALSE
T21E0 23484:916.924 JLINK_IsHalted()
T21E0 23484:918.050 - 1.144ms returns FALSE
T21E0 23485:118.507 JLINK_IsHalted()
T21E0 23485:119.787 - 1.300ms returns FALSE
T21E0 23485:320.710 JLINK_IsHalted()
T21E0 23485:321.554 - 0.864ms returns FALSE
T21E0 23485:524.140 JLINK_IsHalted()
T21E0 23485:525.125 - 1.005ms returns FALSE
T21E0 23485:725.571 JLINK_IsHalted()
T21E0 23485:726.664 - 1.111ms returns FALSE
T21E0 23485:927.350 JLINK_IsHalted()
T21E0 23485:928.488 - 1.157ms returns FALSE
T21E0 23486:132.627 JLINK_IsHalted()
T21E0 23486:133.761 - 1.152ms returns FALSE
T21E0 23486:336.964 JLINK_IsHalted()
T21E0 23486:338.111 - 1.165ms returns FALSE
T21E0 23486:538.070 JLINK_IsHalted()
T21E0 23486:539.128 - 1.076ms returns FALSE
T21E0 23486:741.575 JLINK_IsHalted()
T21E0 23486:742.710 - 1.154ms returns FALSE
T21E0 23486:942.952 JLINK_IsHalted()
T21E0 23486:944.022 - 1.090ms returns FALSE
T21E0 23487:144.812 JLINK_IsHalted()
T21E0 23487:145.448 - 0.661ms returns FALSE
T21E0 23487:345.209 JLINK_IsHalted()
T21E0 23487:345.820 - 0.629ms returns FALSE
T21E0 23487:545.403 JLINK_IsHalted()
T21E0 23487:546.590 - 1.206ms returns FALSE
T21E0 23487:746.917 JLINK_IsHalted()
T21E0 23487:748.180 - 1.283ms returns FALSE
T21E0 23487:953.906 JLINK_IsHalted()
T21E0 23487:954.893 - 1.005ms returns FALSE
T21E0 23488:155.748 JLINK_IsHalted()
T21E0 23488:156.897 - 1.168ms returns FALSE
T21E0 23488:359.391 JLINK_IsHalted()
T21E0 23488:360.811 - 1.440ms returns FALSE
T21E0 23488:563.762 JLINK_IsHalted()
T21E0 23488:564.594 - 0.864ms returns FALSE
T21E0 23488:765.440 JLINK_IsHalted()
T21E0 23488:766.708 - 1.293ms returns FALSE
T21E0 23488:967.359 JLINK_IsHalted()
T21E0 23488:967.950 - 0.606ms returns FALSE
T21E0 23489:168.402 JLINK_IsHalted()
T21E0 23489:169.149 - 0.767ms returns FALSE
T21E0 23489:370.200 JLINK_IsHalted()
T21E0 23489:371.220 - 1.035ms returns FALSE
T21E0 23489:571.876 JLINK_IsHalted()
T21E0 23489:572.546 - 0.681ms returns FALSE
T21E0 23489:772.607 JLINK_IsHalted()
T21E0 23489:773.359 - 0.760ms returns FALSE
T21E0 23489:973.727 JLINK_IsHalted()
T21E0 23489:974.855 - 1.147ms returns FALSE
T21E0 23490:176.220 JLINK_IsHalted()
T21E0 23490:176.933 - 0.724ms returns FALSE
T21E0 23490:377.012 JLINK_IsHalted()
T21E0 23490:377.893 - 0.891ms returns FALSE
T21E0 23490:577.916 JLINK_IsHalted()
T21E0 23490:578.587 - 0.682ms returns FALSE
T21E0 23490:781.782 JLINK_IsHalted()
T21E0 23490:782.539 - 0.773ms returns FALSE
T21E0 23490:983.430 JLINK_IsHalted()
T21E0 23490:984.322 - 0.910ms returns FALSE
T21E0 23491:186.466 JLINK_IsHalted()
T21E0 23491:187.281 - 0.834ms returns FALSE
T21E0 23491:386.927 JLINK_IsHalted()
T21E0 23491:387.948 - 1.039ms returns FALSE
T21E0 23491:588.368 JLINK_IsHalted()
T21E0 23491:589.123 - 0.778ms returns FALSE
T21E0 23491:788.403 JLINK_IsHalted()
T21E0 23491:789.407 - 1.022ms returns FALSE
T21E0 23491:990.032 JLINK_IsHalted()
T21E0 23491:990.784 - 0.769ms returns FALSE
T21E0 23492:194.374 JLINK_IsHalted()
T21E0 23492:195.374 - 1.019ms returns FALSE
T21E0 23492:396.086 JLINK_IsHalted()
T21E0 23492:396.762 - 0.698ms returns FALSE
T21E0 23492:596.444 JLINK_IsHalted()
T21E0 23492:597.178 - 0.742ms returns FALSE
T21E0 23492:796.760 JLINK_IsHalted()
T21E0 23492:797.969 - 1.229ms returns FALSE
T21E0 23492:998.173 JLINK_IsHalted()
T21E0 23492:999.536 - 1.382ms returns FALSE
T21E0 23493:202.298 JLINK_IsHalted()
T21E0 23493:203.536 - 1.258ms returns FALSE
T21E0 23493:404.351 JLINK_IsHalted()
T21E0 23493:405.370 - 1.037ms returns FALSE
T21E0 23493:606.154 JLINK_IsHalted()
T21E0 23493:606.907 - 0.771ms returns FALSE
T21E0 23493:807.343 JLINK_IsHalted()
T21E0 23493:807.998 - 0.666ms returns FALSE
T21E0 23494:009.417 JLINK_IsHalted()
T21E0 23494:010.477 - 1.098ms returns FALSE
T21E0 23494:210.731 JLINK_IsHalted()
T21E0 23494:211.444 - 0.722ms returns FALSE
T21E0 23494:417.360 JLINK_IsHalted()
T21E0 23494:417.997 - 0.664ms returns FALSE
T21E0 23494:618.908 JLINK_IsHalted()
T21E0 23494:619.640 - 0.745ms returns FALSE
T21E0 23494:820.160 JLINK_IsHalted()
T21E0 23494:820.788 - 0.641ms returns FALSE
T21E0 23495:020.528 JLINK_IsHalted()
T21E0 23495:021.617 - 1.108ms returns FALSE
T21E0 23495:221.320 JLINK_IsHalted()
T21E0 23495:222.289 - 0.988ms returns FALSE
T21E0 23495:423.457 JLINK_IsHalted()
T21E0 23495:424.445 - 1.008ms returns FALSE
T21E0 23495:626.056 JLINK_IsHalted()
T21E0 23495:626.822 - 0.790ms returns FALSE
T21E0 23495:830.785 JLINK_IsHalted()
T21E0 23495:831.752 - 0.986ms returns FALSE
T21E0 23496:036.698 JLINK_IsHalted()
T21E0 23496:037.819 - 1.139ms returns FALSE
T21E0 23496:239.254 JLINK_IsHalted()
T21E0 23496:240.373 - 1.137ms returns FALSE
T21E0 23496:442.567 JLINK_IsHalted()
T21E0 23496:443.402 - 0.855ms returns FALSE
T21E0 23496:643.156 JLINK_IsHalted()
T21E0 23496:644.039 - 0.902ms returns FALSE
T21E0 23496:843.234 JLINK_IsHalted()
T21E0 23496:843.934 - 0.710ms returns FALSE
T21E0 23497:043.778 JLINK_IsHalted()
T21E0 23497:044.764 - 1.004ms returns FALSE
T21E0 23497:247.046 JLINK_IsHalted()
T21E0 23497:248.077 - 1.050ms returns FALSE
T21E0 23497:448.356 JLINK_IsHalted()
T21E0 23497:455.780 - 7.443ms returns FALSE
T21E0 23497:657.982 JLINK_IsHalted()
T21E0 23497:658.956 - 0.996ms returns FALSE
T21E0 23497:862.889 JLINK_IsHalted()
T21E0 23497:863.844 - 0.976ms returns FALSE
T21E0 23498:065.396 JLINK_IsHalted()
T21E0 23498:066.390 - 1.013ms returns FALSE
T21E0 23498:269.436 JLINK_IsHalted()
T21E0 23498:270.425 - 1.008ms returns FALSE
T21E0 23498:471.250 JLINK_IsHalted()
T21E0 23498:472.216 - 0.985ms returns FALSE
T21E0 23498:672.841 JLINK_IsHalted()
T21E0 23498:673.882 - 1.049ms returns FALSE
T21E0 23498:874.043 JLINK_IsHalted()
T21E0 23498:874.770 - 0.735ms returns FALSE
T21E0 23499:074.210 JLINK_IsHalted()
T21E0 23499:074.781 - 0.581ms returns FALSE
T21E0 23499:278.489 JLINK_IsHalted()
T21E0 23499:279.266 - 0.814ms returns FALSE
T21E0 23499:479.711 JLINK_IsHalted()
T21E0 23499:480.422 - 0.729ms returns FALSE
T21E0 23499:680.452 JLINK_IsHalted()
T21E0 23499:681.646 - 1.212ms returns FALSE
T21E0 23499:882.738 JLINK_IsHalted()
T21E0 23499:883.562 - 0.858ms returns FALSE
T21E0 23500:085.480 JLINK_IsHalted()
T21E0 23500:086.097 - 0.633ms returns FALSE
T21E0 23500:286.988 JLINK_IsHalted()
T21E0 23500:287.938 - 0.969ms returns FALSE
T21E0 23500:488.377 JLINK_IsHalted()
T21E0 23500:489.240 - 0.876ms returns FALSE
T21E0 23500:690.565 JLINK_IsHalted()
T21E0 23500:691.478 - 0.932ms returns FALSE
T21E0 23500:895.004 JLINK_IsHalted()
T21E0 23500:895.944 - 0.960ms returns FALSE
T21E0 23501:096.384 JLINK_IsHalted()
T21E0 23501:097.061 - 0.713ms returns FALSE
T21E0 23501:297.303 JLINK_IsHalted()
T21E0 23501:297.987 - 0.701ms returns FALSE
T21E0 23501:504.241 JLINK_IsHalted()
T21E0 23501:505.074 - 0.851ms returns FALSE
T21E0 23501:707.176 JLINK_IsHalted()
T21E0 23501:708.257 - 1.099ms returns FALSE
T21E0 23501:908.773 JLINK_IsHalted()
T21E0 23501:909.818 - 1.065ms returns FALSE
T21E0 23502:112.147 JLINK_IsHalted()
T21E0 23502:112.952 - 0.819ms returns FALSE
T21E0 23502:312.500 JLINK_IsHalted()
T21E0 23502:313.234 - 0.743ms returns FALSE
T21E0 23502:513.757 JLINK_IsHalted()
T21E0 23502:514.892 - 1.156ms returns FALSE
T21E0 23502:715.169 JLINK_IsHalted()
T21E0 23502:715.960 - 0.820ms returns FALSE
T21E0 23502:915.331 JLINK_IsHalted()
T21E0 23502:916.066 - 0.759ms returns FALSE
T21E0 23503:116.466 JLINK_IsHalted()
T21E0 23503:117.745 - 1.323ms returns FALSE
T21E0 23503:318.843 JLINK_IsHalted()
T21E0 23503:319.601 - 0.769ms returns FALSE
T21E0 23503:519.291 JLINK_IsHalted()
T21E0 23503:520.403 - 1.131ms returns FALSE
T21E0 23503:724.694 JLINK_IsHalted()
T21E0 23503:725.868 - 1.194ms returns FALSE
T21E0 23503:927.227 JLINK_IsHalted()
T21E0 23503:928.370 - 1.161ms returns FALSE
T21E0 23504:133.283 JLINK_IsHalted()
T21E0 23504:134.090 - 0.824ms returns FALSE
T21E0 23504:335.454 JLINK_IsHalted()
T21E0 23504:336.437 - 1.002ms returns FALSE
T21E0 23504:538.044 JLINK_IsHalted()
T21E0 23504:539.416 - 1.434ms returns FALSE
T21E0 23504:740.715 JLINK_IsHalted()
T21E0 23504:741.447 - 0.740ms returns FALSE
T21E0 23504:940.862 JLINK_IsHalted()
T21E0 23504:941.596 - 0.742ms returns FALSE
T21E0 23505:141.984 JLINK_IsHalted()
T21E0 23505:142.987 - 1.028ms returns FALSE
T21E0 23505:347.250 JLINK_IsHalted()
T21E0 23505:348.006 - 0.778ms returns FALSE
T21E0 23505:550.013 JLINK_IsHalted()
T21E0 23505:550.639 - 0.640ms returns FALSE
T21E0 23505:751.380 JLINK_IsHalted()
T21E0 23505:752.125 - 0.764ms returns FALSE
T21E0 23505:951.713 JLINK_IsHalted()
T21E0 23505:952.471 - 0.779ms returns FALSE
T21E0 23506:152.398 JLINK_IsHalted()
T21E0 23506:153.319 - 0.934ms returns FALSE
T21E0 23506:356.406 JLINK_IsHalted()
T21E0 23506:357.581 - 1.194ms returns FALSE
T21E0 23506:562.445 JLINK_IsHalted()
T21E0 23506:563.162 - 0.727ms returns FALSE
T21E0 23506:763.449 JLINK_IsHalted()
T21E0 23506:764.223 - 0.784ms returns FALSE
T21E0 23506:966.058 JLINK_IsHalted()
T21E0 23506:967.142 - 1.105ms returns FALSE
T21E0 23507:169.081 JLINK_IsHalted()
T21E0 23507:169.941 - 0.879ms returns FALSE
T21E0 23507:369.773 JLINK_IsHalted()
T21E0 23507:370.497 - 0.742ms returns FALSE
T21E0 23507:569.930 JLINK_IsHalted()
T21E0 23507:570.549 - 0.628ms returns FALSE
T21E0 23507:770.358 JLINK_IsHalted()
T21E0 23507:771.206 - 0.913ms returns FALSE
T21E0 23507:971.643 JLINK_IsHalted()
T21E0 23507:973.189 - 1.650ms returns FALSE
T21E0 23508:173.284 JLINK_IsHalted()
T21E0 23508:174.091 - 0.830ms returns FALSE
T21E0 23508:374.876 JLINK_IsHalted()
T21E0 23508:375.637 - 0.770ms returns FALSE
T21E0 23508:577.489 JLINK_IsHalted()
T21E0 23508:578.645 - 1.166ms returns FALSE
T21E0 23508:778.883 JLINK_IsHalted()
T21E0 23508:779.807 - 0.957ms returns FALSE
T21E0 23508:981.667 JLINK_IsHalted()
T21E0 23508:982.423 - 0.767ms returns FALSE
T21E0 23509:183.175 JLINK_IsHalted()
T21E0 23509:184.107 - 0.951ms returns FALSE
T21E0 23509:386.884 JLINK_IsHalted()
T21E0 23509:387.785 - 0.911ms returns FALSE
T21E0 23509:588.961 JLINK_IsHalted()
T21E0 23509:589.978 - 1.036ms returns FALSE
T21E0 23509:790.559 JLINK_IsHalted()
T21E0 23509:791.147 - 0.599ms returns FALSE
T21E0 23509:991.955 JLINK_IsHalted()
T21E0 23509:992.677 - 0.734ms returns FALSE
T21E0 23510:192.611 JLINK_IsHalted()
T21E0 23510:193.844 - 1.255ms returns FALSE
T21E0 23510:393.754 JLINK_IsHalted()
T21E0 23510:394.950 - 1.215ms returns FALSE
T21E0 23510:599.346 JLINK_IsHalted()
T21E0 23510:600.117 - 0.789ms returns FALSE
T21E0 23510:804.386 JLINK_IsHalted()
T21E0 23510:805.577 - 1.211ms returns FALSE
T21E0 23511:006.369 JLINK_IsHalted()
T21E0 23511:007.186 - 0.832ms returns FALSE
T21E0 23511:207.090 JLINK_IsHalted()
T21E0 23511:207.831 - 0.772ms returns FALSE
T21E0 23511:408.314 JLINK_IsHalted()
T21E0 23511:409.004 - 0.704ms returns FALSE
T21E0 23511:612.263 JLINK_IsHalted()
T21E0 23511:613.495 - 1.260ms returns FALSE
T21E0 23511:815.021 JLINK_IsHalted()
T21E0 23511:815.798 - 0.785ms returns FALSE
T21E0 23512:015.350 JLINK_IsHalted()
T21E0 23512:016.074 - 0.733ms returns FALSE
T21E0 23512:216.680 JLINK_IsHalted()
T21E0 23512:217.489 - 0.827ms returns FALSE
T21E0 23512:418.269 JLINK_IsHalted()
T21E0 23512:419.337 - 1.087ms returns FALSE
T21E0 23512:621.624 JLINK_IsHalted()
T21E0 23512:622.836 - 1.232ms returns FALSE
T21E0 23512:823.412 JLINK_IsHalted()
T21E0 23512:824.805 - 1.413ms returns FALSE
T21E0 23513:025.215 JLINK_IsHalted()
T21E0 23513:025.899 - 0.703ms returns FALSE
T21E0 23513:225.888 JLINK_IsHalted()
T21E0 23513:226.476 - 0.605ms returns FALSE
T21E0 23513:427.944 JLINK_IsHalted()
T21E0 23513:429.128 - 1.200ms returns FALSE
T21E0 23513:629.859 JLINK_IsHalted()
T21E0 23513:630.616 - 0.768ms returns FALSE
T21E0 23513:831.656 JLINK_IsHalted()
T21E0 23513:832.337 - 0.691ms returns FALSE
T21E0 23514:034.063 JLINK_IsHalted()
T21E0 23514:034.811 - 0.759ms returns FALSE
T21E0 23514:234.607 JLINK_IsHalted()
T21E0 23514:235.780 - 1.191ms returns FALSE
T21E0 23514:436.217 JLINK_IsHalted()
T21E0 23514:436.879 - 0.687ms returns FALSE
T21E0 23514:638.019 JLINK_IsHalted()
T21E0 23514:639.212 - 1.213ms returns FALSE
T21E0 23514:839.879 JLINK_IsHalted()
T21E0 23514:841.070 - 1.211ms returns FALSE
T21E0 23515:043.615 JLINK_IsHalted()
T21E0 23515:044.457 - 0.875ms returns FALSE
T21E0 23515:245.004 JLINK_IsHalted()
T21E0 23515:245.821 - 0.829ms returns FALSE
T21E0 23515:447.917 JLINK_IsHalted()
T21E0 23515:448.654 - 0.763ms returns FALSE
T21E0 23515:653.367 JLINK_IsHalted()
T21E0 23515:653.982 - 0.626ms returns FALSE
T21E0 23515:853.387 JLINK_IsHalted()
T21E0 23515:854.438 - 1.063ms returns FALSE
T21E0 23516:055.190 JLINK_IsHalted()
T21E0 23516:055.977 - 0.795ms returns FALSE
T21E0 23516:256.498 JLINK_IsHalted()
T21E0 23516:257.354 - 0.874ms returns FALSE
T21E0 23516:456.854 JLINK_IsHalted()
T21E0 23516:458.003 - 1.167ms returns FALSE
T21E0 23516:658.546 JLINK_IsHalted()
T21E0 23516:659.162 - 0.624ms returns FALSE
T21E0 23516:861.299 JLINK_IsHalted()
T21E0 23516:862.272 - 0.993ms returns FALSE
T21E0 23517:062.982 JLINK_IsHalted()
T21E0 23517:063.733 - 0.764ms returns FALSE
T21E0 23517:263.160 JLINK_IsHalted()
T21E0 23517:263.865 - 0.731ms returns FALSE
T21E0 23517:463.499 JLINK_IsHalted()
T21E0 23517:464.275 - 0.796ms returns FALSE
T21E0 23517:664.214 JLINK_IsHalted()
T21E0 23517:665.239 - 1.078ms returns FALSE
T21E0 23517:865.330 JLINK_IsHalted()
T21E0 23517:865.923 - 0.604ms returns FALSE
T21E0 23518:069.684 JLINK_IsHalted()
T21E0 23518:070.735 - 1.070ms returns FALSE
T21E0 23518:273.031 JLINK_IsHalted()
T21E0 23518:273.799 - 0.777ms returns FALSE
T21E0 23518:474.558 JLINK_IsHalted()
T21E0 23518:475.129 - 0.585ms returns FALSE
T21E0 23518:677.418 JLINK_IsHalted()
T21E0 23518:678.034 - 0.626ms returns FALSE
T21E0 23518:878.558 JLINK_IsHalted()
T21E0 23518:879.233 - 0.692ms returns FALSE
T21E0 23519:079.503 JLINK_IsHalted()
T21E0 23519:080.135 - 0.645ms returns FALSE
T21E0 23519:279.595 JLINK_IsHalted()
T21E0 23519:280.136 - 0.549ms returns FALSE
T21E0 23519:479.767 JLINK_IsHalted()
T21E0 23519:480.378 - 0.620ms returns FALSE
T21E0 23519:681.685 JLINK_IsHalted()
T21E0 23519:682.326 - 0.655ms returns FALSE
T21E0 23519:883.437 JLINK_IsHalted()
T21E0 23519:884.004 - 0.578ms returns FALSE
T21E0 23520:084.265 JLINK_IsHalted()
T21E0 23520:085.258 - 1.011ms returns FALSE
T21E0 23520:286.219 JLINK_IsHalted()
T21E0 23520:286.788 - 0.580ms returns FALSE
T21E0 23520:487.214 JLINK_IsHalted()
T21E0 23520:487.929 - 0.734ms returns FALSE
T6470 23520:564.319 JLINK_Halt()
T6470 23520:567.235 - 2.932ms returns 0x00
T21E0 23520:687.880 JLINK_IsHalted()
T21E0 23520:687.934 - 0.060ms returns TRUE
T21E0 23520:687.957 JLINK_GetMOEs(...)
T21E0 23520:687.997   CPU_ReadMem(4 bytes @ 0xE000ED30)
T21E0 23520:688.623 - 0.688ms returns 0x01
T21E0 23520:688.667 JLINK_ReadReg(R15 (PC))
T21E0 23520:688.693 - 0.031ms returns 0x004019D8
T6198 23520:690.753 JLINK_ResetPullsRESET(ON)
T6198 23520:690.779 - 0.033ms
T6198 23520:690.795 JLINK_ResetNoHalt()
T6198 23520:692.311   Found SW-DP with ID 0x2BA01477
T6198 23520:695.647   DPIDR: 0x2BA01477
T6198 23520:695.681   AP map detection skipped. Manually configured AP map found.
T6198 23520:695.703   AP[0]: AHB-AP (IDR: Not set)
T6198 23520:697.046   AP[0]: Core found
T6198 23520:697.133   AP[0]: AHB-AP ROM base: 0xE00FF000
T6198 23520:697.905   CPUID register: 0x410FC241. Implementer code: 0x41 (ARM)
T6198 23520:697.932   Found Cortex-M4 r0p1, Little endian.
T6198 23520:798.983   -- Max. mem block: 0x00010AF8
T6198 23520:799.013   CPU_ReadMem(4 bytes @ 0xE000EDF0)
T6198 23520:799.551   CPU_ReadMem(4 bytes @ 0xE0002000)
T6198 23520:800.129   FPUnit: 6 code (BP) slots and 2 literal slots
T6198 23520:800.145   CPU_ReadMem(4 bytes @ 0xE000EDFC)
T6198 23520:800.711   CPU_ReadMem(4 bytes @ 0xE0001000)
T6198 23520:801.223   CPU_ReadMem(4 bytes @ 0xE000ED88)
T6198 23520:801.731   CPU_WriteMem(4 bytes @ 0xE000ED88)
T6198 23520:802.233   CPU_ReadMem(4 bytes @ 0xE000ED88)
T6198 23520:802.732   CPU_WriteMem(4 bytes @ 0xE000ED88)
T6198 23520:803.282   CoreSight components:
T6198 23520:803.308   ROMTbl[0] @ E00FF000
T6198 23520:803.321   CPU_ReadMem(64 bytes @ 0xE00FF000)
T6198 23520:804.134   CPU_ReadMem(32 bytes @ 0xE000EFE0)
T6198 23520:804.863   [0][0]: E000E000 CID B105E00D PID 000BB00C SCS-M7
T6198 23520:804.890   CPU_WriteMem(4 bytes @ 0xE0001000)
T6198 23520:805.407   CPU_ReadMem(32 bytes @ 0xE0001FE0)
T6198 23520:806.109   [0][1]: E0001000 CID B105E00D PID 003BB002 DWT
T6198 23520:806.133   CPU_ReadMem(32 bytes @ 0xE0002FE0)
T6198 23520:806.799   [0][2]: E0002000 CID B105E00D PID 002BB003 FPB
T6198 23520:806.815   CPU_ReadMem(32 bytes @ 0xE0000FE0)
T6198 23520:807.463   [0][3]: E0000000 CID B105E00D PID 003BB001 ITM
T6198 23520:807.486   CPU_ReadMem(32 bytes @ 0xE0040FE0)
T6198 23520:808.136   [0][4]: E0040000 CID B105900D PID 000BB9A1 TPIU
T6198 23520:808.161   JLINK_Reset()
T6198 23520:808.174     CPU_ReadMem(16 bytes @ 0x20000000)
T6198 23520:808.783     CPU_WriteMem(16 bytes @ 0x20000000)
T6198 23520:809.421     CPU_ReadMem(4 bytes @ 0xE000EDFC)
T6198 23520:809.988     CPU_WriteMem(4 bytes @ 0xE000EDFC)
T6198 23520:810.579     CPU_ReadMem(4 bytes @ 0xE0001000)
T6198 23520:826.362     CPU_WriteMem(4 bytes @ 0xE000EDFC)
T6198 23520:826.942     CPU_WriteMem(16 bytes @ 0x20000000)
T6198 23520:830.593     CPU_WriteMem(4 bytes @ 0xE0002000)
T6198 23520:831.191     CPU_ReadMem(4 bytes @ 0xE000EDFC)
T6198 23520:831.771     CPU_ReadMem(4 bytes @ 0xE0001000)
T6198 23520:832.375   - 24.221ms
T6198 23520:832.390   JLINK_Go()
T6198 23520:832.404     CPU_ReadMem(4 bytes @ 0xE0001000)
T6198 23520:833.007     CPU_WriteMem(4 bytes @ 0xE0002008)
T6198 23520:833.022     CPU_WriteMem(4 bytes @ 0xE000200C)
T6198 23520:833.033     CPU_WriteMem(4 bytes @ 0xE0002010)
T6198 23520:833.044     CPU_WriteMem(4 bytes @ 0xE0002014)
T6198 23520:833.054     CPU_WriteMem(4 bytes @ 0xE0002018)
T6198 23520:833.065     CPU_WriteMem(4 bytes @ 0xE000201C)
T6198 23520:834.480     CPU_WriteMem(4 bytes @ 0xE0001004)
T6198 23520:835.710   - 3.327ms
T6198 23520:835.722 - 144.930ms
T6198 23520:843.907 JLINK_Close()
T6198 23520:844.686   CPU is running
T6198 23520:844.706   CPU_WriteMem(4 bytes @ 0xE0002008)
T6198 23520:845.647   CPU is running
T6198 23520:845.666   CPU_WriteMem(4 bytes @ 0xE000200C)
T6198 23520:846.558   CPU is running
T6198 23520:846.587   CPU_WriteMem(4 bytes @ 0xE0002010)
T6198 23520:847.595   CPU is running
T6198 23520:847.623   CPU_WriteMem(4 bytes @ 0xE0002014)
T6198 23520:848.633   CPU is running
T6198 23520:848.661   CPU_WriteMem(4 bytes @ 0xE0002018)
T6198 23520:849.688   CPU is running
T6198 23520:849.717   CPU_WriteMem(4 bytes @ 0xE000201C)
T6198 23520:878.526 - 34.645ms
T6198 23520:878.558   
T6198 23520:878.566   Closed
