T6198 1867:176.555   SEGGER J-Link V7.54c Log File
T6198 1867:176.629   DLL Compiled: Sep 20 2021 13:55:02
T6198 1867:176.650   Logging started @ 2021-10-09 02:16
T6198 1867:176.670 - 21070.091ms
T6198 1867:187.949 JLINK_ExecCommand("Device = ATSAM4E8E", ...). 
T6198 1867:188.435   Device "ATSAM4E8E" selected.
T6198 1867:188.918 - 0.910ms returns 0x00
T6198 1867:209.580 JLINK_TIF_Select(JLINKARM_TIF_SWD)
T6198 1867:211.474 - 1.935ms returns 0x00
T6198 1867:211.534 JLINK_SetSpeed(4000)
T6198 1867:211.969 - 0.464ms
T6198 1867:212.021 JLINK_ResetPullsRESET(OFF)
T6198 1867:212.044 - 0.033ms
T6198 1867:212.071 JLINK_Connect()
T6198 1867:213.780   Found SW-DP with ID 0x2BA01477
T6198 1867:218.307   DPIDR: 0x2BA01477
T6198 1867:218.554   Scanning AP map to find all available APs
T6198 1867:219.600   AP[1]: Stopped AP scan as end of AP map has been reached
T6198 1867:219.625   AP[0]: AHB-AP (IDR: 0x24770011)
T6198 1867:219.645   Iterating through AP map to find AHB-AP to use
T6198 1867:221.072   AP[0]: Core found
T6198 1867:221.098   AP[0]: AHB-AP ROM base: 0xE00FF000
T6198 1867:221.841   CPUID register: 0x410FC241. Implementer code: 0x41 (ARM)
T6198 1867:221.882   Found Cortex-M4 r0p1, Little endian.
T6198 1867:324.093   -- Max. mem block: 0x00010C40
T6198 1867:324.609   CPU_ReadMem(4 bytes @ 0xE000EDF0)
T6198 1867:325.220   CPU_WriteMem(4 bytes @ 0xE000EDF0)
T6198 1867:325.864   CPU_ReadMem(4 bytes @ 0xE0002000)
T6198 1867:326.536   FPUnit: 6 code (BP) slots and 2 literal slots
T6198 1867:326.553   CPU_ReadMem(4 bytes @ 0xE000EDFC)
T6198 1867:327.168   CPU_WriteMem(4 bytes @ 0xE000EDFC)
T6198 1867:327.817   CPU_ReadMem(4 bytes @ 0xE0001000)
T6198 1867:328.462   CPU_WriteMem(4 bytes @ 0xE0001000)
T6198 1867:329.030   CPU_ReadMem(4 bytes @ 0xE000ED88)
T6198 1867:329.632   CPU_WriteMem(4 bytes @ 0xE000ED88)
T6198 1867:330.254   CPU_ReadMem(4 bytes @ 0xE000ED88)
T6198 1867:330.861   CPU_WriteMem(4 bytes @ 0xE000ED88)
T6198 1867:331.465   CoreSight components:
T6198 1867:331.487   ROMTbl[0] @ E00FF000
T6198 1867:331.499   CPU_ReadMem(64 bytes @ 0xE00FF000)
T6198 1867:332.336   CPU_ReadMem(32 bytes @ 0xE000EFE0)
T6198 1867:333.019   [0][0]: E000E000 CID B105E00D PID 000BB00C SCS-M7
T6198 1867:333.034   CPU_ReadMem(32 bytes @ 0xE0001FE0)
T6198 1867:333.741   [0][1]: E0001000 CID B105E00D PID 003BB002 DWT
T6198 1867:333.756   CPU_ReadMem(32 bytes @ 0xE0002FE0)
T6198 1867:334.464   [0][2]: E0002000 CID B105E00D PID 002BB003 FPB
T6198 1867:334.479   CPU_ReadMem(32 bytes @ 0xE0000FE0)
T6198 1867:335.193   [0][3]: E0000000 CID B105E00D PID 003BB001 ITM
T6198 1867:335.208   CPU_ReadMem(32 bytes @ 0xE0040FE0)
T6198 1867:335.909   [0][4]: E0040000 CID B105900D PID 000BB9A1 TPIU
T6198 1867:335.928 - 123.861ms returns 0x00
T6198 1867:335.963 JLINK_Halt()
T6198 1867:338.597 - 2.644ms returns 0x00
T6198 1867:338.726 JLINK_BeginDownload(Flags = 0x00000000)
T6198 1867:338.736 - 0.014ms
T6198 1867:338.757 JLINK_WriteMem(0x400E0A04, 0x4 Bytes, ...)
T6198 1867:338.766   Data:  0B 01 00 5A
T6198 1867:339.051   CPU_WriteMem(4 bytes @ 0x400E0A04)
T6198 1867:339.653 - 0.904ms returns 0x4
T6198 1867:339.697 JLINK_EndDownload()
T6198 1867:339.708 - 0.015ms returns 0 (0x0)
T6198 1867:339.718 JLINK_ReadMemHW(0x400E0A08, 0x0004 Bytes, ...)
T6198 1867:339.728   CPU_ReadMem(4 bytes @ 0x400E0A08)
T6198 1867:340.341   Data:  01 00 00 00
T6198 1867:340.357 - 0.642ms returns 0
T6198 1867:340.389 JLINK_SetResetType(JLINKARM_CM3_RESET_TYPE_NORMAL)
T6198 1867:340.399 - 0.013ms returns JLINKARM_CM3_RESET_TYPE_NORMAL
T6198 1867:340.409 JLINK_Reset()
T6198 1867:341.015   CPU_ReadMem(16 bytes @ 0x20000000)
T6198 1867:341.665   CPU_WriteMem(16 bytes @ 0x20000000)
T6198 1867:342.311   CPU_ReadMem(4 bytes @ 0xE000EDFC)
T6198 1867:342.876   CPU_WriteMem(4 bytes @ 0xE000EDFC)
T6198 1867:343.467   CPU_ReadMem(4 bytes @ 0xE0001000)
T6198 1867:358.903   CPU_WriteMem(4 bytes @ 0xE000EDFC)
T6198 1867:359.445   CPU_WriteMem(16 bytes @ 0x20000000)
T6198 1867:362.948   CPU_WriteMem(4 bytes @ 0xE0002000)
T6198 1867:363.585   CPU_ReadMem(4 bytes @ 0xE000EDFC)
T6198 1867:364.257   CPU_ReadMem(4 bytes @ 0xE0001000)
T6198 1867:364.852 - 24.452ms
T6198 1867:366.041 JLINK_JTAG_GetDeviceID(DeviceIndex = 0)
T6198 1867:366.055 - 0.018ms returns 0
T6198 1867:366.065 JLINK_ReadMemU32(0x400E0740, 0x1 Items)
T6198 1867:366.082   CPU_ReadMem(4 bytes @ 0x400E0740)
T6198 1867:366.772   Data:  E1 0C CC A3
T6198 1867:366.789 - 0.727ms returns 1 (0x1)
T6198 1867:366.823 JLINK_ReadMemU32(0x400E0744, 0x1 Items)
T6198 1867:366.836   CPU_ReadMem(4 bytes @ 0x400E0744)
T6198 1867:367.494   Data:  08 02 12 00
T6198 1867:367.510 - 0.691ms returns 1 (0x1)
T6198 1867:367.573 JLINK_BeginDownload(Flags = 0x00000000)
T6198 1867:367.583 - 0.013ms
T6198 1867:367.601 JLINK_WriteMem(0x400E0A04, 0x4 Bytes, ...)
T6198 1867:367.609   Data:  05 00 00 5A
T6198 1867:367.629   CPU_WriteMem(4 bytes @ 0x400E0A04)
T6198 1867:368.267 - 0.676ms returns 0x4
T6198 1867:368.412 JLINK_EndDownload()
T6198 1867:368.425 - 0.017ms returns 0 (0x0)
T6198 1867:368.437 JLINK_ReadMemHW(0x400E0A08, 0x0004 Bytes, ...)
T6198 1867:368.449   CPU_ReadMem(4 bytes @ 0x400E0A08)
T6198 1867:368.974   Data:  00 00 00 00
T6198 1867:368.989 - 0.555ms returns 0
T6198 1867:369.274 JLINK_ReadMemHW(0x400E0A08, 0x0004 Bytes, ...)
T6198 1867:369.290   CPU_ReadMem(4 bytes @ 0x400E0A08)
T6198 1867:369.831   Data:  00 00 00 00
T6198 1867:369.872 - 0.603ms returns 0
T4384 1867:375.289 JLINK_IsHalted()
T4384 1867:375.309 - 0.023ms returns TRUE
T4384 1867:375.323 JLINK_GetMOEs(...)
T4384 1867:375.335   CPU_ReadMem(4 bytes @ 0xE000ED30)
T4384 1867:375.967 - 0.651ms returns 0x01
T4384 1867:375.986 JLINK_ReadReg(R15 (PC))
T4384 1867:375.996 - 0.013ms returns 0x004052D4
T6198 1867:376.027 JLINK_ReadMemHW(0x400E0A08, 0x0004 Bytes, ...)
T6198 1867:376.047   CPU_ReadMem(4 bytes @ 0x400E0A08)
T6198 1867:376.643   Data:  00 00 00 00
T6198 1867:376.659 - 0.635ms returns 0
T6198 1867:393.248 JLINK_ReadMemHW(0x400E0A08, 0x0004 Bytes, ...)
T6198 1867:393.284   CPU_ReadMem(4 bytes @ 0x400E0A08)
T6198 1867:393.987   Data:  00 00 00 00
T6198 1867:394.005 - 0.761ms returns 0
T6198 1867:458.114 JLINK_ReadMemHW(0x400E0A08, 0x0004 Bytes, ...)
T6198 1867:458.160   CPU_ReadMem(4 bytes @ 0x400E0A08)
T6198 1867:458.870   Data:  00 00 00 00
T6198 1867:458.887 - 0.776ms returns 0
T4384 1867:576.516 JLINK_IsHalted()
T4384 1867:576.541 - 0.028ms returns TRUE
T6198 1867:716.112 JLINK_ReadMemHW(0x400E0A08, 0x0004 Bytes, ...)
T6198 1867:716.168   CPU_ReadMem(4 bytes @ 0x400E0A08)
T6198 1867:716.818   Data:  00 00 00 00
T6198 1867:716.838 - 0.730ms returns 0
T4384 1867:777.899 JLINK_IsHalted()
T4384 1867:777.925 - 0.030ms returns TRUE
T4384 1867:978.319 JLINK_IsHalted()
T4384 1867:978.953 - 0.649ms returns TRUE
T4384 1868:178.989 JLINK_IsHalted()
T4384 1868:179.028 - 0.045ms returns TRUE
T4384 1868:379.227 JLINK_IsHalted()
T4384 1868:379.250 - 0.027ms returns TRUE
T4384 1868:580.165 JLINK_IsHalted()
T4384 1868:580.886 - 0.731ms returns TRUE
T6198 1868:716.895 JLINK_ReadMemHW(0x400E0A08, 0x0004 Bytes, ...)
T6198 1868:716.924   CPU_ReadMem(4 bytes @ 0x400E0A08)
T6198 1868:717.644   Data:  00 00 00 00
T6198 1868:717.660 - 0.768ms returns 0
T6198 1868:717.761 JLINK_ReadMemHW(0x400E0A08, 0x0004 Bytes, ...)
T6198 1868:717.774   CPU_ReadMem(4 bytes @ 0x400E0A08)
T6198 1868:718.465   Data:  00 00 00 00
T6198 1868:718.481 - 0.723ms returns 0
T6198 1868:719.962 JLINK_ReadMemHW(0x400E0A08, 0x0004 Bytes, ...)
T6198 1868:719.981   CPU_ReadMem(4 bytes @ 0x400E0A08)
T6198 1868:720.615   Data:  00 00 00 00
T6198 1868:720.631 - 0.673ms returns 0
T6198 1868:724.950 JLINK_ReadMemHW(0x400E0A08, 0x0004 Bytes, ...)
T6198 1868:724.973   CPU_ReadMem(4 bytes @ 0x400E0A08)
T6198 1868:725.548   Data:  00 00 00 00
T6198 1868:725.564 - 0.617ms returns 0
T6198 1868:741.042 JLINK_ReadMemHW(0x400E0A08, 0x0004 Bytes, ...)
T6198 1868:741.066   CPU_ReadMem(4 bytes @ 0x400E0A08)
T6198 1868:741.760   Data:  00 00 00 00
T6198 1868:741.776 - 0.737ms returns 0
T4384 1868:780.971 JLINK_IsHalted()
T4384 1868:780.995 - 0.078ms returns TRUE
T6198 1868:806.938 JLINK_ReadMemHW(0x400E0A08, 0x0004 Bytes, ...)
T6198 1868:806.967   CPU_ReadMem(4 bytes @ 0x400E0A08)
T6198 1868:807.674   Data:  00 00 00 00
T6198 1868:807.690 - 0.755ms returns 0
T4384 1868:981.973 JLINK_IsHalted()
T4384 1868:981.997 - 0.028ms returns TRUE
T6198 1869:063.384 JLINK_ReadMemHW(0x400E0A08, 0x0004 Bytes, ...)
T6198 1869:063.418   CPU_ReadMem(4 bytes @ 0x400E0A08)
T6198 1869:064.464   Data:  00 00 00 00
T6198 1869:064.490 - 1.110ms returns 0
T4384 1869:183.345 JLINK_IsHalted()
T4384 1869:184.156 - 0.832ms returns TRUE
T4384 1869:383.513 JLINK_IsHalted()
T4384 1869:383.540 - 0.031ms returns TRUE
T4384 1869:584.312 JLINK_IsHalted()
T4384 1869:584.340 - 0.032ms returns TRUE
T4384 1869:787.097 JLINK_IsHalted()
T4384 1869:787.786 - 0.698ms returns TRUE
T4384 1869:987.870 JLINK_IsHalted()
T4384 1869:987.895 - 0.029ms returns TRUE
T6198 1870:065.069 JLINK_ReadMemHW(0x400E0A08, 0x0004 Bytes, ...)
T6198 1870:065.097   CPU_ReadMem(4 bytes @ 0x400E0A08)
T6198 1870:065.724   Data:  00 00 00 00
T6198 1870:065.740 - 0.676ms returns 0
T6198 1870:065.829 JLINK_ReadMemHW(0x400E0A08, 0x0004 Bytes, ...)
T6198 1870:065.842   CPU_ReadMem(4 bytes @ 0x400E0A08)
T6198 1870:066.517   Data:  00 00 00 00
T6198 1870:066.534 - 0.708ms returns 0
T6198 1870:068.240 JLINK_ReadMemHW(0x400E0A08, 0x0004 Bytes, ...)
T6198 1870:068.259   CPU_ReadMem(4 bytes @ 0x400E0A08)
T6198 1870:068.856   Data:  00 00 00 00
T6198 1870:068.873 - 0.637ms returns 0
T6198 1870:074.043 JLINK_ReadMemHW(0x400E0A08, 0x0004 Bytes, ...)
T6198 1870:074.070   CPU_ReadMem(4 bytes @ 0x400E0A08)
T6198 1870:074.695   Data:  00 00 00 00
T6198 1870:074.714 - 0.674ms returns 0
T6198 1870:091.438 JLINK_ReadMemHW(0x400E0A08, 0x0004 Bytes, ...)
T6198 1870:091.465   CPU_ReadMem(4 bytes @ 0x400E0A08)
T6198 1870:092.083   Data:  00 00 00 00
T6198 1870:092.100 - 0.666ms returns 0
T6198 1870:157.476 JLINK_ReadMemHW(0x400E0A08, 0x0004 Bytes, ...)
T6198 1870:157.512   CPU_ReadMem(4 bytes @ 0x400E0A08)
T6198 1870:158.152   Data:  00 00 00 00
T6198 1870:158.170 - 0.698ms returns 0
T4384 1870:188.098 JLINK_IsHalted()
T4384 1870:188.127 - 0.032ms returns TRUE
T4384 1870:388.338 JLINK_IsHalted()
T4384 1870:388.895 - 0.568ms returns TRUE
T6198 1870:415.988 JLINK_ReadMemHW(0x400E0A08, 0x0004 Bytes, ...)
T6198 1870:416.027   CPU_ReadMem(4 bytes @ 0x400E0A08)
T6198 1870:416.950   Data:  00 00 00 00
T6198 1870:416.993 - 1.010ms returns 0
T4384 1870:588.608 JLINK_IsHalted()
T4384 1870:588.638 - 0.033ms returns TRUE
T4384 1870:788.734 JLINK_IsHalted()
T4384 1870:788.779 - 0.049ms returns TRUE
T4384 1870:989.076 JLINK_IsHalted()
T4384 1870:990.317 - 1.261ms returns TRUE
T4384 1871:190.878 JLINK_IsHalted()
T4384 1871:190.903 - 0.029ms returns TRUE
T4384 1871:392.995 JLINK_IsHalted()
T4384 1871:393.029 - 0.040ms returns TRUE
T6198 1871:417.165 JLINK_ReadMemHW(0x400E0A08, 0x0004 Bytes, ...)
T6198 1871:417.207   CPU_ReadMem(4 bytes @ 0x400E0A08)
T6198 1871:417.933   Data:  01 00 00 00
T6198 1871:417.950 - 0.789ms returns 0
T4384 1871:593.636 JLINK_IsHalted()
T4384 1871:594.462 - 0.844ms returns TRUE
T6198 1871:595.215 JLINK_ResetPullsRESET(ON)
T6198 1871:595.237 - 0.026ms
T6198 1871:595.252 JLINK_ResetNoHalt()
T6198 1871:597.246   Found SW-DP with ID 0x2BA01477
T6198 1871:601.069   DPIDR: 0x2BA01477
T6198 1871:601.097   AP map detection skipped. Manually configured AP map found.
T6198 1871:601.117   AP[0]: AHB-AP (IDR: Not set)
T6198 1871:602.463   AP[0]: Core found
T6198 1871:602.485   AP[0]: AHB-AP ROM base: 0xE00FF000
T6198 1871:603.201   CPUID register: 0x410FC241. Implementer code: 0x41 (ARM)
T6198 1871:603.224   Found Cortex-M4 r0p1, Little endian.
T6198 1871:704.646   -- Max. mem block: 0x00010B40
T6198 1871:704.679   CPU_ReadMem(4 bytes @ 0xE000EDF0)
T6198 1871:705.795   CPU_ReadMem(4 bytes @ 0xE0002000)
T6198 1871:706.855   FPUnit: 6 code (BP) slots and 2 literal slots
T6198 1871:706.882   CPU_ReadMem(4 bytes @ 0xE000EDFC)
T6198 1871:707.721   CPU_ReadMem(4 bytes @ 0xE0001000)
T6198 1871:708.379   CPU_ReadMem(4 bytes @ 0xE000ED88)
T6198 1871:709.061   CPU_WriteMem(4 bytes @ 0xE000ED88)
T6198 1871:709.762   CPU_ReadMem(4 bytes @ 0xE000ED88)
T6198 1871:710.339   CPU_WriteMem(4 bytes @ 0xE000ED88)
T6198 1871:710.905   CoreSight components:
T6198 1871:710.929   ROMTbl[0] @ E00FF000
T6198 1871:710.942   CPU_ReadMem(64 bytes @ 0xE00FF000)
T6198 1871:711.858   CPU_ReadMem(32 bytes @ 0xE000EFE0)
T6198 1871:712.588   [0][0]: E000E000 CID B105E00D PID 000BB00C SCS-M7
T6198 1871:712.603   CPU_WriteMem(4 bytes @ 0xE0001000)
T6198 1871:713.230   CPU_ReadMem(32 bytes @ 0xE0001FE0)
T6198 1871:713.974   [0][1]: E0001000 CID B105E00D PID 003BB002 DWT
T6198 1871:713.990   CPU_ReadMem(32 bytes @ 0xE0002FE0)
T6198 1871:714.709   [0][2]: E0002000 CID B105E00D PID 002BB003 FPB
T6198 1871:714.724   CPU_ReadMem(32 bytes @ 0xE0000FE0)
T6198 1871:715.426   [0][3]: E0000000 CID B105E00D PID 003BB001 ITM
T6198 1871:715.442   CPU_ReadMem(32 bytes @ 0xE0040FE0)
T6198 1871:716.169   [0][4]: E0040000 CID B105900D PID 000BB9A1 TPIU
T6198 1871:716.191   JLINK_Reset()
T6198 1871:716.203     CPU_ReadMem(16 bytes @ 0x20000000)
T6198 1871:716.882     CPU_WriteMem(16 bytes @ 0x20000000)
T6198 1871:717.483     CPU_ReadMem(4 bytes @ 0xE000EDFC)
T6198 1871:718.055     CPU_WriteMem(4 bytes @ 0xE000EDFC)
T6198 1871:718.632     CPU_ReadMem(4 bytes @ 0xE0001000)
T6198 1871:719.181     CPU_WriteMem(4 bytes @ 0xE0001004)
T6198 1871:734.870     CPU_WriteMem(4 bytes @ 0xE000EDFC)
T6198 1871:735.500     CPU_WriteMem(16 bytes @ 0x20000000)
T6198 1871:739.097     CPU_WriteMem(4 bytes @ 0xE0002000)
T6198 1871:739.744     CPU_ReadMem(4 bytes @ 0xE000EDFC)
T6198 1871:740.371     CPU_ReadMem(4 bytes @ 0xE0001000)
T6198 1871:740.999   - 24.816ms
T6198 1871:741.016   JLINK_Go()
T6198 1871:741.028     CPU_ReadMem(4 bytes @ 0xE0001000)
T6198 1871:741.646     CPU_WriteMem(4 bytes @ 0xE0001004)
T6198 1871:742.965   - 1.959ms
T6198 1871:742.980 - 147.732ms
T6198 1871:748.437 JLINK_Close()
T6198 1871:776.419 - 28.009ms
T6198 1871:776.454   
T6198 1871:776.464   Closed
