T6198 23189:748.567   SEGGER J-Link V7.54c Log File
T6198 23189:748.832   DLL Compiled: Sep 20 2021 13:55:02
T6198 23189:748.905   Logging started @ 2021-10-09 08:11
T6198 23189:748.933 - 61.633ms
T6198 23189:756.134 JLINK_ExecCommand("Device = ATSAM4E8E", ...). 
T6198 23189:756.402   Device "ATSAM4E8E" selected.
T6198 23189:756.756 - 0.591ms returns 0x00
T6198 23189:756.789 JLINK_TIF_Select(JLINKARM_TIF_SWD)
T6198 23189:758.553 - 1.794ms returns 0x00
T6198 23189:758.601 JLINK_SetSpeed(4000)
T6198 23189:758.987 - 0.404ms
T6198 23189:759.020 JLINK_ResetPullsRESET(OFF)
T6198 23189:759.041 - 0.030ms
T6198 23189:759.063 JLINK_Connect()
T6198 23189:760.596   Found SW-DP with ID 0x2BA01477
T6198 23189:764.846   DPIDR: 0x2BA01477
T6198 23189:765.003   Scanning AP map to find all available APs
T6198 23189:766.061   AP[1]: Stopped AP scan as end of AP map has been reached
T6198 23189:766.085   AP[0]: AHB-AP (IDR: 0x24770011)
T6198 23189:766.104   Iterating through AP map to find AHB-AP to use
T6198 23189:767.558   AP[0]: Core found
T6198 23189:767.584   AP[0]: AHB-AP ROM base: 0xE00FF000
T6198 23189:768.254   CPUID register: 0x410FC241. Implementer code: 0x41 (ARM)
T6198 23189:768.278   Found Cortex-M4 r0p1, Little endian.
T6198 23189:870.128   -- Max. mem block: 0x00010C40
T6198 23189:870.992   CPU_ReadMem(4 bytes @ 0xE000EDF0)
T6198 23189:872.148   CPU_WriteMem(4 bytes @ 0xE000EDF0)
T6198 23189:873.335   CPU_ReadMem(4 bytes @ 0xE0002000)
T6198 23189:874.301   FPUnit: 6 code (BP) slots and 2 literal slots
T6198 23189:874.329   CPU_ReadMem(4 bytes @ 0xE000EDFC)
T6198 23189:874.977   CPU_WriteMem(4 bytes @ 0xE000EDFC)
T6198 23189:875.656   CPU_ReadMem(4 bytes @ 0xE0001000)
T6198 23189:876.298   CPU_WriteMem(4 bytes @ 0xE0001000)
T6198 23189:876.912   CPU_ReadMem(4 bytes @ 0xE000ED88)
T6198 23189:877.566   CPU_WriteMem(4 bytes @ 0xE000ED88)
T6198 23189:878.118   CPU_ReadMem(4 bytes @ 0xE000ED88)
T6198 23189:878.654   CPU_WriteMem(4 bytes @ 0xE000ED88)
T6198 23189:879.197   CoreSight components:
T6198 23189:879.221   ROMTbl[0] @ E00FF000
T6198 23189:879.234   CPU_ReadMem(64 bytes @ 0xE00FF000)
T6198 23189:880.043   CPU_ReadMem(32 bytes @ 0xE000EFE0)
T6198 23189:880.721   [0][0]: E000E000 CID B105E00D PID 000BB00C SCS-M7
T6198 23189:880.740   CPU_ReadMem(32 bytes @ 0xE0001FE0)
T6198 23189:881.421   [0][1]: E0001000 CID B105E00D PID 003BB002 DWT
T6198 23189:881.438   CPU_ReadMem(32 bytes @ 0xE0002FE0)
T6198 23189:882.127   [0][2]: E0002000 CID B105E00D PID 002BB003 FPB
T6198 23189:882.150   CPU_ReadMem(32 bytes @ 0xE0000FE0)
T6198 23189:882.794   [0][3]: E0000000 CID B105E00D PID 003BB001 ITM
T6198 23189:882.810   CPU_ReadMem(32 bytes @ 0xE0040FE0)
T6198 23189:883.512   [0][4]: E0040000 CID B105900D PID 000BB9A1 TPIU
T6198 23189:883.532 - 124.474ms returns 0x00
T6198 23189:883.617 JLINK_Halt()
T6198 23189:886.346 - 2.736ms returns 0x00
T6198 23189:886.444 JLINK_BeginDownload(Flags = 0x00000000)
T6198 23189:886.454 - 0.013ms
T6198 23189:886.475 JLINK_WriteMem(0x400E0A04, 0x4 Bytes, ...)
T6198 23189:886.484   Data:  0B 01 00 5A
T6198 23189:886.762   CPU_WriteMem(4 bytes @ 0x400E0A04)
T6198 23189:887.350 - 0.883ms returns 0x4
T6198 23189:887.388 JLINK_EndDownload()
T6198 23189:887.398 - 0.013ms returns 0 (0x0)
T6198 23189:887.408 JLINK_ReadMemHW(0x400E0A08, 0x0004 Bytes, ...)
T6198 23189:887.418   CPU_ReadMem(4 bytes @ 0x400E0A08)
T6198 23189:887.943   Data:  01 00 00 00
T6198 23189:887.961 - 0.556ms returns 0
T6198 23189:888.005 JLINK_SetResetType(JLINKARM_CM3_RESET_TYPE_NORMAL)
T6198 23189:888.022 - 0.020ms returns JLINKARM_CM3_RESET_TYPE_NORMAL
T6198 23189:888.032 JLINK_Reset()
T6198 23189:888.523   CPU_ReadMem(16 bytes @ 0x20000000)
T6198 23189:889.138   CPU_WriteMem(16 bytes @ 0x20000000)
T6198 23189:889.757   CPU_ReadMem(4 bytes @ 0xE000EDFC)
T6198 23189:890.317   CPU_WriteMem(4 bytes @ 0xE000EDFC)
T6198 23189:890.841   CPU_ReadMem(4 bytes @ 0xE0001000)
T6198 23189:906.634   CPU_WriteMem(4 bytes @ 0xE000EDFC)
T6198 23189:907.369   CPU_WriteMem(16 bytes @ 0x20000000)
T6198 23189:911.191   CPU_WriteMem(4 bytes @ 0xE0002000)
T6198 23189:911.825   CPU_ReadMem(4 bytes @ 0xE000EDFC)
T6198 23189:912.473   CPU_ReadMem(4 bytes @ 0xE0001000)
T6198 23189:913.460 - 25.435ms
T6198 23189:914.712 JLINK_JTAG_GetDeviceID(DeviceIndex = 0)
T6198 23189:914.727 - 0.018ms returns 0
T6198 23189:914.737 JLINK_ReadMemU32(0x400E0740, 0x1 Items)
T6198 23189:914.752   CPU_ReadMem(4 bytes @ 0x400E0740)
T6198 23189:915.371   Data:  E1 0C CC A3
T6198 23189:915.386 - 0.652ms returns 1 (0x1)
T6198 23189:915.414 JLINK_ReadMemU32(0x400E0744, 0x1 Items)
T6198 23189:915.426   CPU_ReadMem(4 bytes @ 0x400E0744)
T6198 23189:916.035   Data:  08 02 12 00
T6198 23189:916.049 - 0.638ms returns 1 (0x1)
T3028 23189:924.497 JLINK_IsHalted()
T3028 23189:924.522 - 0.029ms returns TRUE
T3028 23189:924.534 JLINK_GetMOEs(...)
T3028 23189:924.547   CPU_ReadMem(4 bytes @ 0xE000ED30)
T3028 23189:925.182 - 0.658ms returns 0x01
T3028 23189:925.209 JLINK_ReadReg(R15 (PC))
T3028 23189:925.223 - 0.019ms returns 0xFFFFFFFE
T6198 23189:942.359 JLINK_BeginDownload(Flags = 0x00000000)
T6198 23189:942.382 - 0.027ms
T6198 23189:942.402 JLINK_WriteMem(0x00400000, 0x4000 Bytes, ...)
T6198 23189:942.413   Data:  E0 DC 00 20 E9 51 40 00 5B 51 40 00 5B 51 40 00 ...
T6198 23189:942.801   completely In flash
T6198 23189:942.853    -- Read from flash cache (16384 bytes @ 0x00400000)
T6198 23189:942.873 - 0.475ms returns 0x4000
T6198 23189:942.909 JLINK_WriteMem(0x00404000, 0x79A4 Bytes, ...)
T6198 23189:942.922   Data:  A1 39 40 00 55 3B 40 00 C1 32 40 00 C4 AB 00 20 ...
T6198 23189:942.956   completely In flash
T6198 23189:943.024    -- Read from flash cache (31140 bytes @ 0x00404000)
T6198 23189:943.052 - 0.148ms returns 0x79A4
T6198 23189:943.263 JLINK_WriteMem(0x0040B9A4, 0x8 Bytes, ...)
T6198 23189:943.284   Data:  A8 AB FF 7F 01 00 00 00
T6198 23189:943.304   completely In flash
T6198 23189:943.321 - 0.063ms returns 0x8
T6198 23189:943.476 JLINK_WriteMem(0x0040B9AC, 0x9D0 Bytes, ...)
T6198 23189:943.495   Data:  BF F3 5F 8F 01 38 FB D1 70 47 00 00 AA AA AA AA ...
T6198 23189:943.517   completely In flash
T6198 23189:943.540    -- Read from flash cache (2512 bytes @ 0x0040B9AC)
T6198 23189:943.564 - 0.094ms returns 0x9D0
T6198 23189:951.830 JLINK_EndDownload()
T6198 23189:952.361   CPU_ReadMem(4 bytes @ 0xE000ED90)
T6198 23189:952.959   CPU_ReadMem(4 bytes @ 0xE000ED94)
T6198 23189:953.536    -- --------------------------------------
T6198 23189:953.556   Flash bank @ 0x00400000: Default: L2 verify disabled because algorithm performs L1 verify
T6198 23189:953.567    -- Start of determining dirty areas in flash cache
T6198 23189:953.658    -- End of determining dirty areas
T6198 23189:953.671    -- Start of preparing flash programming
T6198 23189:953.684    -- Calculating RAM usage
T6198 23189:953.710    -- RAM usage = 3876 Bytes
T6198 23189:953.721    -- Preserving CPU registers
T6198 23189:953.745    -- Preparing memory
T6198 23189:953.757    -- Preparing target
T6198 23190:115.857    -- Preserving target RAM temporarily used for programming
T6198 23190:134.871    -- Downloading RAMCode
T6198 23190:150.703    -- Preparing RAMCode
T6198 23190:159.373    -- Checking target RAM
T6198 23190:160.860    -- End of preparing flash programming
T6198 23190:161.034   Looking for J-Link GUI Server exe at: C:\Program Files (x86)\Atmel\Studio\7.0\atbackend\JLinkGUIServer.exe
T6198 23190:161.128   Looking for J-Link GUI Server exe at: C:\Program Files\SEGGER\JLink\JLinkGUIServer.exe
T6198 23190:161.170   Forking J-Link GUI Server: C:\Program Files\SEGGER\JLink\JLinkGUIServer.exe
T6198 23190:182.778   J-Link GUI Server info: "J-Link GUI server V7.54c "
T6198 23190:195.688    -- CPU is running at 90000 kHz.
T6198 23190:195.722    -- Start of comparing flash
T6198 23190:195.734    -- CRC check was estimated as fastest method
T6198 23190:230.112    -- Comparing range 0x400000 - 0x40CFFF (13 Sectors, 52 KB), using multi-block CRC calculation
T6198 23190:240.825    -- CRC does not match for sectors 0-12
T6198 23190:240.923    -- End of comparing flash
T6198 23190:240.936    -- Start of erasing sectors
T6198 23190:240.947    -- End of erasing sectors
T6198 23190:240.958    -- Start of flash programming
T6198 23190:240.971    -- Programming range 0x00400000 - 0x00407FFF (  8 Sectors, 32 KB)
T6198 23190:501.125    -- Programming range 0x00408000 - 0x0040CFFF (  5 Sectors, 20 KB)
T6198 23190:627.676    -- End of flash programming
T6198 23190:627.705    -- 0x400000 - 0x40CFFF ( 13 Sectors, 52 KoB)
T6198 23190:627.718    -- Start of restoring
T6198 23190:627.729    -- Restoring RAMCode
T6198 23190:640.402    -- Restoring target memory
T6198 23190:654.956    -- Restore target
T6198 23190:707.048    -- Restore memory
T6198 23190:707.084    -- Restoring CPU registers
T6198 23190:707.107    -- End of restoring
T6198 23190:707.158    -- Bank 0 @ 0x00400000: 1 range affected (53248 bytes)
T6198 23190:707.199    -- Total: 0.753s (Prepare: 0.242s, Compare: 0.045s, Erase: 0.000s, Program & Verify: 0.395s, Restore: 0.071s)
T6198 23190:707.230    -- Program & Verify speed: 131 KB/s
T6198 23190:711.973 - 760.167ms returns 53248 (0xD000)
T6198 23190:712.058 JLINK_SetResetType(JLINKARM_CM3_RESET_TYPE_NORMAL)
T6198 23190:712.068 - 0.014ms returns JLINKARM_CM3_RESET_TYPE_NORMAL
T6198 23190:712.078 JLINK_Reset()
T6198 23190:712.625   CPU_ReadMem(16 bytes @ 0x20000000)
T6198 23190:713.270   CPU_WriteMem(16 bytes @ 0x20000000)
T6198 23190:713.892   CPU_ReadMem(4 bytes @ 0xE000EDFC)
T6198 23190:714.475   CPU_WriteMem(4 bytes @ 0xE000EDFC)
T6198 23190:715.117   CPU_ReadMem(4 bytes @ 0xE0001000)
T6198 23190:732.069   CPU_WriteMem(4 bytes @ 0xE000EDFC)
T6198 23190:732.685   CPU_WriteMem(16 bytes @ 0x20000000)
T6198 23190:736.075   CPU_WriteMem(4 bytes @ 0xE0002000)
T6198 23190:736.769   CPU_ReadMem(4 bytes @ 0xE000EDFC)
T6198 23190:737.379   CPU_ReadMem(4 bytes @ 0xE0001000)
T6198 23190:737.991 - 25.930ms
T3028 23190:930.913 JLINK_IsHalted()
T3028 23190:930.952 - 0.045ms returns TRUE
T0AF0 23191:008.430 JLINK_Halt()
T0AF0 23191:008.452 - 0.036ms returns 0x00
T0AF0 23191:008.486 JLINK_ReadReg(R15 (PC))
T0AF0 23191:008.496 - 0.014ms returns 0x004051E8
T0AF0 23191:008.510 JLINK_ReadReg(R13 (SP))
T0AF0 23191:008.518 - 0.011ms returns 0x2000DCE0
T0AF0 23191:014.514 JLINK_ReadMemHW(0x004051E8, 0x0004 Bytes, ...)
T0AF0 23191:014.541   CPU_ReadMem(4 bytes @ 0x004051E8)
T0AF0 23191:015.075   Data:  80 B5 84 B0
T0AF0 23191:015.092 - 0.582ms returns 0
T0AF0 23191:015.278 JLINK_ReadReg(R0)
T0AF0 23191:015.293 - 0.025ms returns 0x00000000
T0AF0 23191:015.307 JLINK_ReadReg(R1)
T0AF0 23191:015.315 - 0.011ms returns 0x00000000
T0AF0 23191:015.327 JLINK_ReadReg(R2)
T0AF0 23191:015.334 - 0.011ms returns 0x00000000
T0AF0 23191:015.346 JLINK_ReadReg(R3)
T0AF0 23191:015.354 - 0.017ms returns 0x00000000
T0AF0 23191:015.380 JLINK_ReadReg(R4)
T0AF0 23191:015.390 - 0.013ms returns 0x00000000
T0AF0 23191:015.402 JLINK_ReadReg(R5)
T0AF0 23191:015.409 - 0.011ms returns 0x00000000
T0AF0 23191:015.421 JLINK_ReadReg(R6)
T0AF0 23191:015.428 - 0.010ms returns 0x00000000
T0AF0 23191:015.440 JLINK_ReadReg(R7)
T0AF0 23191:015.447 - 0.010ms returns 0x00000000
T0AF0 23191:015.459 JLINK_ReadReg(R8)
T0AF0 23191:015.478 - 0.026ms returns 0x00000000
T0AF0 23191:015.497 JLINK_ReadReg(R9)
T0AF0 23191:015.506 - 0.012ms returns 0x00000000
T0AF0 23191:015.518 JLINK_ReadReg(R10)
T0AF0 23191:015.525 - 0.010ms returns 0x00000000
T0AF0 23191:015.537 JLINK_ReadReg(R11)
T0AF0 23191:015.544 - 0.011ms returns 0x00000000
T0AF0 23191:015.556 JLINK_ReadReg(R12)
T0AF0 23191:015.563 - 0.010ms returns 0x00000000
T0AF0 23191:015.575 JLINK_ReadReg(R13 (SP))
T0AF0 23191:015.583 - 0.011ms returns 0x2000DCE0
T0AF0 23191:015.594 JLINK_ReadReg(R14)
T0AF0 23191:015.602 - 0.010ms returns 0xFFFFFFFF
T0AF0 23191:015.613 JLINK_ReadReg(R15 (PC))
T0AF0 23191:015.628 - 0.024ms returns 0x004051E8
T0AF0 23191:015.673 JLINK_ReadReg(XPSR)
T0AF0 23191:015.682 - 0.012ms returns 0x01000000
T0AF0 23191:015.694 JLINK_ReadReg(MSP)
T0AF0 23191:015.701 - 0.014ms returns 0x2000DCE0
T0AF0 23191:015.719 JLINK_ReadReg(PSP)
T0AF0 23191:015.726 - 0.011ms returns 0x00000000
T0AF0 23191:015.738 JLINK_ReadReg(PRIMASK)
T0AF0 23191:015.753 - 0.023ms returns 0x00000000
T0AF0 23191:015.776 JLINK_ReadReg(BASEPRI)
T0AF0 23191:015.785 - 0.012ms returns 0x00000000
T0AF0 23191:015.797 JLINK_ReadReg(FAULTMASK)
T0AF0 23191:015.804 - 0.011ms returns 0x00000000
T0AF0 23191:015.816 JLINK_ReadReg(CONTROL)
T0AF0 23191:015.823 - 0.010ms returns 0x00000000
T0AF0 23191:015.835 JLINK_ReadReg(FPSCR)
T0AF0 23191:019.768 - 3.942ms returns 0x00000000
T0AF0 23191:019.793 JLINK_ReadReg(FPS0)
T0AF0 23191:019.803 - 0.013ms returns 0x00000000
T0AF0 23191:019.816 JLINK_ReadReg(FPS1)
T0AF0 23191:019.824 - 0.011ms returns 0x00000000
T0AF0 23191:019.843 JLINK_ReadReg(FPS2)
T0AF0 23191:019.859 - 0.020ms returns 0x00000000
T0AF0 23191:019.874 JLINK_ReadReg(FPS3)
T0AF0 23191:019.882 - 0.011ms returns 0x00000000
T0AF0 23191:019.894 JLINK_ReadReg(FPS4)
T0AF0 23191:019.901 - 0.010ms returns 0x00000000
T0AF0 23191:019.913 JLINK_ReadReg(FPS5)
T0AF0 23191:019.920 - 0.011ms returns 0x00000000
T0AF0 23191:019.932 JLINK_ReadReg(FPS6)
T0AF0 23191:019.939 - 0.011ms returns 0x00000000
T0AF0 23191:019.951 JLINK_ReadReg(FPS7)
T0AF0 23191:019.963 - 0.021ms returns 0x00000000
T0AF0 23191:019.988 JLINK_ReadReg(FPS8)
T0AF0 23191:019.996 - 0.012ms returns 0x00000000
T0AF0 23191:020.008 JLINK_ReadReg(FPS9)
T0AF0 23191:020.016 - 0.011ms returns 0x00000000
T0AF0 23191:020.028 JLINK_ReadReg(FPS10)
T0AF0 23191:020.035 - 0.011ms returns 0x00000000
T0AF0 23191:020.046 JLINK_ReadReg(FPS11)
T0AF0 23191:020.054 - 0.010ms returns 0x00000000
T0AF0 23191:020.065 JLINK_ReadReg(FPS12)
T0AF0 23191:020.073 - 0.011ms returns 0x00000000
T0AF0 23191:020.085 JLINK_ReadReg(FPS13)
T0AF0 23191:020.092 - 0.010ms returns 0x00000000
T0AF0 23191:020.104 JLINK_ReadReg(FPS14)
T0AF0 23191:020.111 - 0.011ms returns 0x00000000
T0AF0 23191:020.126 JLINK_ReadReg(FPS15)
T0AF0 23191:020.146 - 0.029ms returns 0x00000000
T0AF0 23191:020.167 JLINK_ReadReg(FPS16)
T0AF0 23191:020.176 - 0.012ms returns 0x00000000
T0AF0 23191:020.188 JLINK_ReadReg(FPS17)
T0AF0 23191:020.195 - 0.011ms returns 0x00000000
T0AF0 23191:020.207 JLINK_ReadReg(FPS18)
T0AF0 23191:020.214 - 0.011ms returns 0x00000000
T0AF0 23191:020.226 JLINK_ReadReg(FPS19)
T0AF0 23191:020.233 - 0.011ms returns 0x00000000
T0AF0 23191:020.245 JLINK_ReadReg(FPS20)
T0AF0 23191:020.252 - 0.010ms returns 0x00000000
T0AF0 23191:020.270 JLINK_ReadReg(FPS21)
T0AF0 23191:020.287 - 0.021ms returns 0x00000000
T0AF0 23191:020.303 JLINK_ReadReg(FPS22)
T0AF0 23191:020.310 - 0.011ms returns 0x00000000
T0AF0 23191:020.322 JLINK_ReadReg(FPS23)
T0AF0 23191:020.330 - 0.011ms returns 0x00000000
T0AF0 23191:020.342 JLINK_ReadReg(FPS24)
T0AF0 23191:020.349 - 0.010ms returns 0x00000000
T0AF0 23191:020.361 JLINK_ReadReg(FPS25)
T0AF0 23191:020.368 - 0.011ms returns 0x00000000
T0AF0 23191:020.380 JLINK_ReadReg(FPS26)
T0AF0 23191:020.387 - 0.013ms returns 0x00000000
T0AF0 23191:020.414 JLINK_ReadReg(FPS27)
T0AF0 23191:020.426 - 0.015ms returns 0x00000000
T0AF0 23191:020.439 JLINK_ReadReg(FPS28)
T0AF0 23191:020.447 - 0.011ms returns 0x00000000
T0AF0 23191:020.459 JLINK_ReadReg(FPS29)
T0AF0 23191:020.466 - 0.010ms returns 0x00000000
T0AF0 23191:020.478 JLINK_ReadReg(FPS30)
T0AF0 23191:020.485 - 0.010ms returns 0x00000000
T0AF0 23191:020.497 JLINK_ReadReg(FPS31)
T0AF0 23191:020.504 - 0.011ms returns 0x00000000
T0AF0 23191:020.909 JLINK_ReadMemHW(0x004051E8, 0x0002 Bytes, ...)
T0AF0 23191:020.941   CPU_ReadMem(2 bytes @ 0x004051E8)
T0AF0 23191:021.504   Data:  80 B5
T0AF0 23191:021.522 - 0.617ms returns 0
T0AF0 23191:081.887 JLINK_ReadReg(R0)
T0AF0 23191:081.907 - 0.024ms returns 0x00000000
T0AF0 23191:081.922 JLINK_ReadReg(R1)
T0AF0 23191:081.931 - 0.012ms returns 0x00000000
T0AF0 23191:081.943 JLINK_ReadReg(R2)
T0AF0 23191:081.951 - 0.011ms returns 0x00000000
T0AF0 23191:081.963 JLINK_ReadReg(R3)
T0AF0 23191:081.971 - 0.011ms returns 0x00000000
T0AF0 23191:081.983 JLINK_ReadReg(R4)
T0AF0 23191:082.048 - 0.069ms returns 0x00000000
T0AF0 23191:082.063 JLINK_ReadReg(R5)
T0AF0 23191:082.071 - 0.011ms returns 0x00000000
T0AF0 23191:082.083 JLINK_ReadReg(R6)
T0AF0 23191:082.091 - 0.011ms returns 0x00000000
T0AF0 23191:082.103 JLINK_ReadReg(R7)
T0AF0 23191:082.110 - 0.011ms returns 0x00000000
T0AF0 23191:082.122 JLINK_ReadReg(R8)
T0AF0 23191:082.130 - 0.011ms returns 0x00000000
T0AF0 23191:082.142 JLINK_ReadReg(R9)
T0AF0 23191:082.150 - 0.011ms returns 0x00000000
T0AF0 23191:082.161 JLINK_ReadReg(R10)
T0AF0 23191:082.169 - 0.011ms returns 0x00000000
T0AF0 23191:082.181 JLINK_ReadReg(R11)
T0AF0 23191:082.189 - 0.011ms returns 0x00000000
T0AF0 23191:082.201 JLINK_ReadReg(R12)
T0AF0 23191:082.208 - 0.011ms returns 0x00000000
T0AF0 23191:082.220 JLINK_ReadReg(R13 (SP))
T0AF0 23191:082.228 - 0.011ms returns 0x2000DCE0
T0AF0 23191:082.240 JLINK_ReadReg(R14)
T0AF0 23191:082.248 - 0.011ms returns 0xFFFFFFFF
T0AF0 23191:082.260 JLINK_ReadReg(R15 (PC))
T0AF0 23191:082.267 - 0.011ms returns 0x004051E8
T0AF0 23191:082.296 JLINK_ReadReg(XPSR)
T0AF0 23191:082.303 - 0.011ms returns 0x01000000
T0AF0 23191:082.315 JLINK_ReadReg(MSP)
T0AF0 23191:082.322 - 0.011ms returns 0x2000DCE0
T0AF0 23191:082.334 JLINK_ReadReg(PSP)
T0AF0 23191:082.342 - 0.011ms returns 0x00000000
T0AF0 23191:082.354 JLINK_ReadReg(PRIMASK)
T0AF0 23191:082.362 - 0.011ms returns 0x00000000
T0AF0 23191:082.374 JLINK_ReadReg(BASEPRI)
T0AF0 23191:082.381 - 0.011ms returns 0x00000000
T0AF0 23191:082.393 JLINK_ReadReg(FAULTMASK)
T0AF0 23191:082.401 - 0.011ms returns 0x00000000
T0AF0 23191:082.412 JLINK_ReadReg(CONTROL)
T0AF0 23191:082.420 - 0.011ms returns 0x00000000
T0AF0 23191:082.432 JLINK_ReadReg(FPSCR)
T0AF0 23191:082.439 - 0.011ms returns 0x00000000
T0AF0 23191:082.451 JLINK_ReadReg(FPS0)
T0AF0 23191:082.459 - 0.011ms returns 0x00000000
T0AF0 23191:082.471 JLINK_ReadReg(FPS1)
T0AF0 23191:082.481 - 0.014ms returns 0x00000000
T0AF0 23191:082.493 JLINK_ReadReg(FPS2)
T0AF0 23191:082.501 - 0.011ms returns 0x00000000
T0AF0 23191:082.513 JLINK_ReadReg(FPS3)
T0AF0 23191:082.520 - 0.011ms returns 0x00000000
T0AF0 23191:082.532 JLINK_ReadReg(FPS4)
T0AF0 23191:082.539 - 0.011ms returns 0x00000000
T0AF0 23191:082.551 JLINK_ReadReg(FPS5)
T0AF0 23191:082.559 - 0.011ms returns 0x00000000
T0AF0 23191:082.571 JLINK_ReadReg(FPS6)
T0AF0 23191:082.578 - 0.011ms returns 0x00000000
T0AF0 23191:082.590 JLINK_ReadReg(FPS7)
T0AF0 23191:082.597 - 0.011ms returns 0x00000000
T0AF0 23191:082.609 JLINK_ReadReg(FPS8)
T0AF0 23191:082.617 - 0.011ms returns 0x00000000
T0AF0 23191:082.628 JLINK_ReadReg(FPS9)
T0AF0 23191:082.636 - 0.011ms returns 0x00000000
T0AF0 23191:082.648 JLINK_ReadReg(FPS10)
T0AF0 23191:082.655 - 0.010ms returns 0x00000000
T0AF0 23191:082.667 JLINK_ReadReg(FPS11)
T0AF0 23191:082.675 - 0.011ms returns 0x00000000
T0AF0 23191:082.686 JLINK_ReadReg(FPS12)
T0AF0 23191:082.694 - 0.011ms returns 0x00000000
T0AF0 23191:082.706 JLINK_ReadReg(FPS13)
T0AF0 23191:082.713 - 0.011ms returns 0x00000000
T0AF0 23191:082.725 JLINK_ReadReg(FPS14)
T0AF0 23191:082.733 - 0.011ms returns 0x00000000
T0AF0 23191:082.745 JLINK_ReadReg(FPS15)
T0AF0 23191:082.752 - 0.011ms returns 0x00000000
T0AF0 23191:082.764 JLINK_ReadReg(FPS16)
T0AF0 23191:082.772 - 0.011ms returns 0x00000000
T0AF0 23191:082.784 JLINK_ReadReg(FPS17)
T0AF0 23191:082.791 - 0.011ms returns 0x00000000
T0AF0 23191:082.803 JLINK_ReadReg(FPS18)
T0AF0 23191:082.811 - 0.011ms returns 0x00000000
T0AF0 23191:082.823 JLINK_ReadReg(FPS19)
T0AF0 23191:082.831 - 0.011ms returns 0x00000000
T0AF0 23191:082.842 JLINK_ReadReg(FPS20)
T0AF0 23191:082.850 - 0.011ms returns 0x00000000
T0AF0 23191:082.862 JLINK_ReadReg(FPS21)
T0AF0 23191:082.870 - 0.011ms returns 0x00000000
T0AF0 23191:082.881 JLINK_ReadReg(FPS22)
T0AF0 23191:082.889 - 0.011ms returns 0x00000000
T0AF0 23191:082.901 JLINK_ReadReg(FPS23)
T0AF0 23191:082.908 - 0.011ms returns 0x00000000
T0AF0 23191:082.920 JLINK_ReadReg(FPS24)
T0AF0 23191:082.928 - 0.011ms returns 0x00000000
T0AF0 23191:082.942 JLINK_ReadReg(FPS25)
T0AF0 23191:082.951 - 0.012ms returns 0x00000000
T0AF0 23191:082.963 JLINK_ReadReg(FPS26)
T0AF0 23191:082.970 - 0.011ms returns 0x00000000
T0AF0 23191:082.982 JLINK_ReadReg(FPS27)
T0AF0 23191:082.990 - 0.011ms returns 0x00000000
T0AF0 23191:083.002 JLINK_ReadReg(FPS28)
T0AF0 23191:083.009 - 0.010ms returns 0x00000000
T0AF0 23191:083.021 JLINK_ReadReg(FPS29)
T0AF0 23191:083.028 - 0.010ms returns 0x00000000
T0AF0 23191:083.040 JLINK_ReadReg(FPS30)
T0AF0 23191:083.047 - 0.011ms returns 0x00000000
T0AF0 23191:083.059 JLINK_ReadReg(FPS31)
T0AF0 23191:083.066 - 0.011ms returns 0x00000000
T3028 23191:131.374 JLINK_IsHalted()
T3028 23191:131.397 - 0.027ms returns TRUE
T0AF0 23191:136.799 JLINK_ReadMemHW(0x004051E8, 0x0004 Bytes, ...)
T0AF0 23191:136.845   CPU_ReadMem(4 bytes @ 0x004051E8)
T0AF0 23191:137.410   Data:  80 B5 84 B0
T0AF0 23191:137.436 - 0.646ms returns 0
T0AF0 23191:176.083 JLINK_SetResetType(JLINKARM_CM3_RESET_TYPE_NORMAL)
T0AF0 23191:176.102 - 0.026ms returns JLINKARM_CM3_RESET_TYPE_NORMAL
T0AF0 23191:176.123 JLINK_Reset()
T0AF0 23191:176.142   CPU_ReadMem(16 bytes @ 0x20000000)
T0AF0 23191:176.852   CPU_WriteMem(16 bytes @ 0x20000000)
T0AF0 23191:177.622   CPU_ReadMem(4 bytes @ 0xE000EDFC)
T0AF0 23191:178.236   CPU_WriteMem(4 bytes @ 0xE000EDFC)
T0AF0 23191:178.882   CPU_ReadMem(4 bytes @ 0xE0001000)
T0AF0 23191:179.521   CPU_WriteMem(4 bytes @ 0xE0001004)
T0AF0 23191:195.248   CPU_WriteMem(4 bytes @ 0xE000EDFC)
T0AF0 23191:195.908   CPU_WriteMem(16 bytes @ 0x20000000)
T0AF0 23191:199.535   CPU_WriteMem(4 bytes @ 0xE0002000)
T0AF0 23191:200.175   CPU_ReadMem(4 bytes @ 0xE000EDFC)
T0AF0 23191:200.815   CPU_ReadMem(4 bytes @ 0xE0001000)
T0AF0 23191:201.423 - 25.308ms
T3028 23191:201.522 JLINK_IsHalted()
T3028 23191:201.537 - 0.018ms returns TRUE
T3028 23191:201.548 JLINK_GetMOEs(...)
T3028 23191:201.558   CPU_ReadMem(4 bytes @ 0xE000ED30)
T3028 23191:202.095 - 0.554ms returns 0x01
T3028 23191:202.111 JLINK_ReadReg(R15 (PC))
T3028 23191:202.126 - 0.017ms returns 0x004051E8
T0AF0 23191:211.285 JLINK_ReadReg(R15 (PC))
T0AF0 23191:211.306 - 0.024ms returns 0x004051E8
T0AF0 23191:211.321 JLINK_ReadReg(R13 (SP))
T0AF0 23191:211.330 - 0.013ms returns 0x2000DCE0
T0AF0 23191:211.637 JLINK_ReadMemHW(0x004051E8, 0x0004 Bytes, ...)
T0AF0 23191:211.657   CPU_ReadMem(4 bytes @ 0x004051E8)
T0AF0 23191:212.272   Data:  80 B5 84 B0
T0AF0 23191:212.288 - 0.654ms returns 0
T0AF0 23191:360.938 JLINK_ReadMemHW(0x004054F0, 0x0001 Bytes, ...)
T0AF0 23191:360.965   CPU_ReadMem(1 bytes @ 0x004054F0)
T0AF0 23191:361.533   Data:  80
T0AF0 23191:361.550 - 0.616ms returns 0
T3028 23191:405.387 JLINK_IsHalted()
T3028 23191:405.409 - 0.027ms returns TRUE
T0AF0 23191:438.636 JLINK_ReadReg(R15 (PC))
T0AF0 23191:438.678 - 0.052ms returns 0x004051E8
T0AF0 23191:438.845 JLINK_SetBPEx(Addr = 0x004054F0, Type = 0xFFFFFFF2)
T0AF0 23191:438.877 - 0.039ms returns 0x00000001
T0AF0 23191:438.896 JLINK_GetBPInfo(BPHandle = 1)
T0AF0 23191:438.909 - 0.018ms returns 0x0
T0AF0 23191:439.056 JLINK_Go()
T0AF0 23191:439.083   CPU_WriteMem(4 bytes @ 0xE0002000)
T0AF0 23191:439.683   CPU_ReadMem(4 bytes @ 0xE0001000)
T0AF0 23191:440.226   CPU_WriteMem(4 bytes @ 0xE000ED30)
T0AF0 23191:440.802   CPU_WriteMem(4 bytes @ 0xE0002008)
T0AF0 23191:440.819   CPU_WriteMem(4 bytes @ 0xE000200C)
T0AF0 23191:440.831   CPU_WriteMem(4 bytes @ 0xE0002010)
T0AF0 23191:440.843   CPU_WriteMem(4 bytes @ 0xE0002014)
T0AF0 23191:440.854   CPU_WriteMem(4 bytes @ 0xE0002018)
T0AF0 23191:440.873   CPU_WriteMem(4 bytes @ 0xE000201C)
T0AF0 23191:442.225   CPU_WriteMem(4 bytes @ 0xE0001004)
T0AF0 23191:443.361 - 4.315ms
T3028 23191:443.392 JLINK_IsHalted()
T3028 23191:443.926 - 0.544ms returns FALSE
T3028 23191:465.241 JLINK_IsHalted()
T3028 23191:465.845 - 0.624ms returns FALSE
T3028 23191:546.304 JLINK_IsHalted()
T3028 23191:549.249 - 2.955ms returns TRUE
T3028 23191:549.278 JLINK_GetMOEs(...)
T3028 23191:549.290   CPU_ReadMem(4 bytes @ 0xE000ED30)
T3028 23191:549.893 - 0.626ms returns 0x01
T3028 23191:549.917 JLINK_ReadReg(R15 (PC))
T3028 23191:549.928 - 0.014ms returns 0x004054F0
T0AF0 23191:559.970 JLINK_ReadReg(R15 (PC))
T0AF0 23191:559.995 - 0.029ms returns 0x004054F0
T0AF0 23191:560.010 JLINK_ReadReg(R13 (SP))
T0AF0 23191:560.019 - 0.012ms returns 0x2000DCC8
T0AF0 23191:560.381 JLINK_ReadMemHW(0x004054F0, 0x0004 Bytes, ...)
T0AF0 23191:560.400   CPU_ReadMem(4 bytes @ 0x004054F0)
T0AF0 23191:561.051   Data:  80 B5 00 AF
T0AF0 23191:561.068 - 0.691ms returns 0
T3028 23191:751.122 JLINK_IsHalted()
T3028 23191:751.146 - 0.035ms returns TRUE
T6198 23191:754.756 JLINK_ReadMem(0x40000000, 0x3F4 Bytes, ...)
T6198 23191:754.793   CPU_ReadMem(1012 bytes @ 0x40000000)
T6198 23191:760.189   Data:  00 00 00 00 00 00 00 00 00 00 00 00 00 00 00 00 ...
T6198 23191:760.208 - 5.456ms returns 0
T6198 23191:766.100 JLINK_ReadMem(0x40000000, 0x3F4 Bytes, ...)
T6198 23191:766.125   CPU_ReadMem(1012 bytes @ 0x40000000)
T6198 23191:771.592   Data:  00 00 00 00 00 00 00 00 00 00 00 00 00 00 00 00 ...
T6198 23191:771.613 - 5.516ms returns 0
T6198 23191:810.482 JLINK_ReadMem(0x400003F4, 0xB8 Bytes, ...)
T6198 23191:810.526   CPU_ReadMem(184 bytes @ 0x400003F4)
T6198 23191:811.941   Data:  00 00 00 00 00 00 00 00 00 00 00 00 00 00 00 00 ...
T6198 23191:811.957 - 1.479ms returns 0
T6198 23191:819.309 JLINK_ReadMem(0x400004AC, 0x104 Bytes, ...)
T6198 23191:819.339   CPU_ReadMem(260 bytes @ 0x400004AC)
T6198 23191:821.189   Data:  00 00 00 00 00 00 00 00 00 00 00 00 00 00 00 00 ...
T6198 23191:821.216 - 1.911ms returns 0
T3028 23191:951.614 JLINK_IsHalted()
T3028 23191:951.642 - 0.032ms returns TRUE
T3028 23192:153.872 JLINK_IsHalted()
T3028 23192:154.542 - 0.680ms returns TRUE
T3028 23192:355.873 JLINK_IsHalted()
T3028 23192:355.901 - 0.032ms returns TRUE
T3028 23192:557.217 JLINK_IsHalted()
T3028 23192:557.243 - 0.029ms returns TRUE
T3028 23192:757.244 JLINK_IsHalted()
T3028 23192:757.789 - 0.555ms returns TRUE
T3028 23192:960.299 JLINK_IsHalted()
T3028 23192:960.326 - 0.031ms returns TRUE
T3028 23193:161.535 JLINK_IsHalted()
T3028 23193:161.561 - 0.030ms returns TRUE
T3028 23193:362.465 JLINK_IsHalted()
T3028 23193:363.014 - 0.560ms returns TRUE
T3028 23193:562.665 JLINK_IsHalted()
T3028 23193:562.725 - 0.075ms returns TRUE
T3028 23193:762.894 JLINK_IsHalted()
T3028 23193:762.921 - 0.030ms returns TRUE
T3028 23193:966.377 JLINK_IsHalted()
T3028 23193:967.523 - 1.166ms returns TRUE
T3028 23194:169.021 JLINK_IsHalted()
T3028 23194:169.047 - 0.030ms returns TRUE
T3028 23194:371.751 JLINK_IsHalted()
T3028 23194:371.780 - 0.032ms returns TRUE
T0AF0 23194:508.570 JLINK_GetBPInfo(BPHandle = 1)
T0AF0 23194:508.610 - 0.045ms returns 0x0
T0AF0 23194:508.625 JLINK_ClrBPEx(BPHandle = 0x00000001)
T0AF0 23194:509.264 - 0.650ms returns 0x00
T0AF0 23194:509.319 JLINK_ReadReg(R15 (PC))
T0AF0 23194:509.330 - 0.015ms returns 0x004054F0
T0AF0 23194:509.437 JLINK_Go()
T0AF0 23194:509.458   CPU_ReadMem(4 bytes @ 0xE0001000)
T0AF0 23194:510.024   CPU_WriteMem(4 bytes @ 0xE000ED30)
T0AF0 23194:510.673   CPU_WriteMem(4 bytes @ 0xE0002008)
T0AF0 23194:511.941 - 2.515ms
T3028 23194:511.973 JLINK_IsHalted()
T3028 23194:512.492 - 0.527ms returns FALSE
T3028 23194:554.032 JLINK_IsHalted()
T3028 23194:554.620 - 0.597ms returns FALSE
T3028 23194:714.072 JLINK_IsHalted()
T3028 23194:714.820 - 0.766ms returns FALSE
T3028 23194:915.070 JLINK_IsHalted()
T3028 23194:915.700 - 0.638ms returns FALSE
T3028 23195:117.445 JLINK_IsHalted()
T3028 23195:118.645 - 1.220ms returns FALSE
T3028 23195:319.271 JLINK_IsHalted()
T3028 23195:320.351 - 1.100ms returns FALSE
T3028 23195:522.611 JLINK_IsHalted()
T3028 23195:523.788 - 1.196ms returns FALSE
T3028 23195:724.640 JLINK_IsHalted()
T3028 23195:725.285 - 0.665ms returns FALSE
T3028 23195:927.559 JLINK_IsHalted()
T3028 23195:928.244 - 0.696ms returns FALSE
T3028 23196:127.883 JLINK_IsHalted()
T3028 23196:128.565 - 0.712ms returns FALSE
T3028 23196:328.638 JLINK_IsHalted()
T3028 23196:329.817 - 1.199ms returns FALSE
T3028 23196:529.473 JLINK_IsHalted()
T3028 23196:530.618 - 1.165ms returns FALSE
T3028 23196:730.173 JLINK_IsHalted()
T3028 23196:731.353 - 1.205ms returns FALSE
T3028 23196:933.415 JLINK_IsHalted()
T3028 23196:934.654 - 1.259ms returns FALSE
T3028 23197:134.438 JLINK_IsHalted()
T3028 23197:135.626 - 1.207ms returns FALSE
T3028 23197:336.655 JLINK_IsHalted()
T3028 23197:337.828 - 1.193ms returns FALSE
T3028 23197:540.865 JLINK_IsHalted()
T3028 23197:541.447 - 0.593ms returns FALSE
T3028 23197:744.220 JLINK_IsHalted()
T3028 23197:745.207 - 1.006ms returns FALSE
T3028 23197:946.042 JLINK_IsHalted()
T3028 23197:946.903 - 0.869ms returns FALSE
T3028 23198:147.582 JLINK_IsHalted()
T3028 23198:148.297 - 0.759ms returns FALSE
T3028 23198:351.800 JLINK_IsHalted()
T3028 23198:352.766 - 0.986ms returns FALSE
T3028 23198:553.001 JLINK_IsHalted()
T3028 23198:553.917 - 0.935ms returns FALSE
T3028 23198:753.157 JLINK_IsHalted()
T3028 23198:754.114 - 0.977ms returns FALSE
T3028 23198:958.775 JLINK_IsHalted()
T3028 23198:959.675 - 0.920ms returns FALSE
T3028 23199:159.281 JLINK_IsHalted()
T3028 23199:159.926 - 0.660ms returns FALSE
T3028 23199:360.852 JLINK_IsHalted()
T3028 23199:361.881 - 1.051ms returns FALSE
T3028 23199:562.527 JLINK_IsHalted()
T3028 23199:563.435 - 0.928ms returns FALSE
T3028 23199:765.085 JLINK_IsHalted()
T3028 23199:766.269 - 1.204ms returns FALSE
T3028 23199:966.774 JLINK_IsHalted()
T3028 23199:967.673 - 0.918ms returns FALSE
T3028 23200:168.171 JLINK_IsHalted()
T3028 23200:168.795 - 0.634ms returns FALSE
T3028 23200:369.639 JLINK_IsHalted()
T3028 23200:370.353 - 0.723ms returns FALSE
T3028 23200:573.034 JLINK_IsHalted()
T3028 23200:573.649 - 0.625ms returns FALSE
T3028 23200:775.321 JLINK_IsHalted()
T3028 23200:775.991 - 0.682ms returns FALSE
T3028 23200:976.266 JLINK_IsHalted()
T3028 23200:976.877 - 0.623ms returns FALSE
T3028 23201:179.764 JLINK_IsHalted()
T3028 23201:180.373 - 0.628ms returns FALSE
T3028 23201:380.212 JLINK_IsHalted()
T3028 23201:380.840 - 0.645ms returns FALSE
T3028 23201:582.058 JLINK_IsHalted()
T3028 23201:582.693 - 0.645ms returns FALSE
T3028 23201:783.908 JLINK_IsHalted()
T3028 23201:784.526 - 0.630ms returns FALSE
T3028 23201:986.143 JLINK_IsHalted()
T3028 23201:986.719 - 0.586ms returns FALSE
T3028 23202:188.104 JLINK_IsHalted()
T3028 23202:189.067 - 1.000ms returns FALSE
T3028 23202:391.385 JLINK_IsHalted()
T3028 23202:392.593 - 1.228ms returns FALSE
T3028 23202:593.676 JLINK_IsHalted()
T3028 23202:594.857 - 1.201ms returns FALSE
T3028 23202:796.413 JLINK_IsHalted()
T3028 23202:797.656 - 1.262ms returns FALSE
T3028 23202:999.103 JLINK_IsHalted()
T3028 23202:999.817 - 0.742ms returns FALSE
T3028 23203:199.144 JLINK_IsHalted()
T3028 23203:199.918 - 0.792ms returns FALSE
T3028 23203:399.646 JLINK_IsHalted()
T3028 23203:400.433 - 0.819ms returns FALSE
T3028 23203:600.440 JLINK_IsHalted()
T3028 23203:601.081 - 0.651ms returns FALSE
T3028 23203:804.127 JLINK_IsHalted()
T3028 23203:805.137 - 1.028ms returns FALSE
T3028 23204:006.747 JLINK_IsHalted()
T3028 23204:007.632 - 0.904ms returns FALSE
T3028 23204:207.609 JLINK_IsHalted()
T3028 23204:208.773 - 1.184ms returns FALSE
T3028 23204:409.155 JLINK_IsHalted()
T3028 23204:410.330 - 1.207ms returns FALSE
T3028 23204:614.222 JLINK_IsHalted()
T3028 23204:615.360 - 1.161ms returns FALSE
T3028 23204:816.015 JLINK_IsHalted()
T3028 23204:817.282 - 1.290ms returns FALSE
T3028 23205:017.095 JLINK_IsHalted()
T3028 23205:017.755 - 0.674ms returns FALSE
T3028 23205:217.916 JLINK_IsHalted()
T3028 23205:218.594 - 0.695ms returns FALSE
T3028 23205:418.233 JLINK_IsHalted()
T3028 23205:418.839 - 0.626ms returns FALSE
T3028 23205:618.305 JLINK_IsHalted()
T3028 23205:618.969 - 0.691ms returns FALSE
T3028 23205:818.523 JLINK_IsHalted()
T3028 23205:819.228 - 0.724ms returns FALSE
T3028 23206:018.978 JLINK_IsHalted()
T3028 23206:020.082 - 1.123ms returns FALSE
T3028 23206:221.137 JLINK_IsHalted()
T3028 23206:222.318 - 1.200ms returns FALSE
T3028 23206:422.486 JLINK_IsHalted()
T3028 23206:423.588 - 1.124ms returns FALSE
T3028 23206:623.960 JLINK_IsHalted()
T3028 23206:625.176 - 1.249ms returns FALSE
T3028 23206:825.506 JLINK_IsHalted()
T3028 23206:826.240 - 0.752ms returns FALSE
T3028 23207:026.985 JLINK_IsHalted()
T3028 23207:027.729 - 0.760ms returns FALSE
T3028 23207:228.567 JLINK_IsHalted()
T3028 23207:229.609 - 1.060ms returns FALSE
T3028 23207:431.360 JLINK_IsHalted()
T3028 23207:432.473 - 1.141ms returns FALSE
T3028 23207:634.897 JLINK_IsHalted()
T3028 23207:635.811 - 0.937ms returns FALSE
T3028 23207:836.798 JLINK_IsHalted()
T3028 23207:837.579 - 0.799ms returns FALSE
T3028 23208:037.322 JLINK_IsHalted()
T3028 23208:038.258 - 0.956ms returns FALSE
T3028 23208:238.579 JLINK_IsHalted()
T3028 23208:239.204 - 0.635ms returns FALSE
T3028 23208:439.182 JLINK_IsHalted()
T3028 23208:440.260 - 1.097ms returns FALSE
T3028 23208:640.280 JLINK_IsHalted()
T3028 23208:641.430 - 1.170ms returns FALSE
T3028 23208:845.218 JLINK_IsHalted()
T3028 23208:846.123 - 0.923ms returns FALSE
T3028 23209:047.108 JLINK_IsHalted()
T3028 23209:048.308 - 1.220ms returns FALSE
T3028 23209:250.700 JLINK_IsHalted()
T3028 23209:251.892 - 1.211ms returns FALSE
T3028 23209:452.732 JLINK_IsHalted()
T3028 23209:453.760 - 1.046ms returns FALSE
T3028 23209:653.936 JLINK_IsHalted()
T3028 23209:655.063 - 1.159ms returns FALSE
T3028 23209:856.669 JLINK_IsHalted()
T3028 23209:857.683 - 1.023ms returns FALSE
T3028 23210:058.279 JLINK_IsHalted()
T3028 23210:059.372 - 1.113ms returns FALSE
T3028 23210:261.089 JLINK_IsHalted()
T3028 23210:262.289 - 1.220ms returns FALSE
T3028 23210:462.124 JLINK_IsHalted()
T3028 23210:463.208 - 1.105ms returns FALSE
T3028 23210:663.613 JLINK_IsHalted()
T3028 23210:664.739 - 1.135ms returns FALSE
T3028 23210:866.746 JLINK_IsHalted()
T3028 23210:868.076 - 1.350ms returns FALSE
T3028 23211:068.915 JLINK_IsHalted()
T3028 23211:069.619 - 0.716ms returns FALSE
T3028 23211:270.744 JLINK_IsHalted()
T3028 23211:271.614 - 0.890ms returns FALSE
T3028 23211:473.067 JLINK_IsHalted()
T3028 23211:473.647 - 0.590ms returns FALSE
T3028 23211:674.591 JLINK_IsHalted()
T3028 23211:675.257 - 0.676ms returns FALSE
T3028 23211:874.740 JLINK_IsHalted()
T3028 23211:875.384 - 0.662ms returns FALSE
T3028 23212:075.385 JLINK_IsHalted()
T3028 23212:076.406 - 1.040ms returns FALSE
T3028 23212:279.423 JLINK_IsHalted()
T3028 23212:280.801 - 1.398ms returns FALSE
T3028 23212:485.376 JLINK_IsHalted()
T3028 23212:486.163 - 0.799ms returns FALSE
T3028 23212:685.819 JLINK_IsHalted()
T3028 23212:687.007 - 1.208ms returns FALSE
T3028 23212:887.149 JLINK_IsHalted()
T3028 23212:887.840 - 0.707ms returns FALSE
T3028 23213:090.114 JLINK_IsHalted()
T3028 23213:091.196 - 1.107ms returns FALSE
T3028 23213:291.647 JLINK_IsHalted()
T3028 23213:292.381 - 0.752ms returns FALSE
T3028 23213:492.964 JLINK_IsHalted()
T3028 23213:493.723 - 0.787ms returns FALSE
T3028 23213:693.116 JLINK_IsHalted()
T3028 23213:693.851 - 0.753ms returns FALSE
T3028 23213:894.229 JLINK_IsHalted()
T3028 23213:895.603 - 1.394ms returns FALSE
T3028 23214:096.403 JLINK_IsHalted()
T3028 23214:097.438 - 1.054ms returns FALSE
T3028 23214:301.683 JLINK_IsHalted()
T3028 23214:302.715 - 1.051ms returns FALSE
T3028 23214:503.332 JLINK_IsHalted()
T3028 23214:504.374 - 1.061ms returns FALSE
T3028 23214:705.475 JLINK_IsHalted()
T3028 23214:706.538 - 1.084ms returns FALSE
T3028 23214:909.575 JLINK_IsHalted()
T3028 23214:910.285 - 0.730ms returns FALSE
T3028 23215:110.924 JLINK_IsHalted()
T3028 23215:111.847 - 0.943ms returns FALSE
T3028 23215:311.393 JLINK_IsHalted()
T3028 23215:312.152 - 0.783ms returns FALSE
T3028 23215:512.651 JLINK_IsHalted()
T3028 23215:513.403 - 0.769ms returns FALSE
T3028 23215:715.471 JLINK_IsHalted()
T3028 23215:716.142 - 0.686ms returns FALSE
T3028 23215:918.633 JLINK_IsHalted()
T3028 23215:919.340 - 0.729ms returns FALSE
T3028 23216:119.343 JLINK_IsHalted()
T3028 23216:120.520 - 1.199ms returns FALSE
T3028 23216:321.825 JLINK_IsHalted()
T3028 23216:322.824 - 1.023ms returns FALSE
T3028 23216:529.161 JLINK_IsHalted()
T3028 23216:529.912 - 0.770ms returns FALSE
T3028 23216:730.328 JLINK_IsHalted()
T3028 23216:730.979 - 0.660ms returns FALSE
T3028 23216:935.323 JLINK_IsHalted()
T3028 23216:936.011 - 0.708ms returns FALSE
T3028 23217:139.269 JLINK_IsHalted()
T3028 23217:140.533 - 1.304ms returns FALSE
T3028 23217:342.661 JLINK_IsHalted()
T3028 23217:343.577 - 0.937ms returns FALSE
T3028 23217:544.707 JLINK_IsHalted()
T3028 23217:546.042 - 1.355ms returns FALSE
T3028 23217:747.021 JLINK_IsHalted()
T3028 23217:747.793 - 0.791ms returns FALSE
T3028 23217:947.423 JLINK_IsHalted()
T3028 23217:948.128 - 0.728ms returns FALSE
T3028 23218:148.339 JLINK_IsHalted()
T3028 23218:149.157 - 0.841ms returns FALSE
T3028 23218:350.881 JLINK_IsHalted()
T3028 23218:352.045 - 1.185ms returns FALSE
T3028 23218:552.667 JLINK_IsHalted()
T3028 23218:553.684 - 1.037ms returns FALSE
T3028 23218:753.692 JLINK_IsHalted()
T3028 23218:754.852 - 1.180ms returns FALSE
T3028 23218:961.130 JLINK_IsHalted()
T3028 23218:962.216 - 1.106ms returns FALSE
T3028 23219:163.437 JLINK_IsHalted()
T3028 23219:164.581 - 1.164ms returns FALSE
T3028 23219:365.536 JLINK_IsHalted()
T3028 23219:366.268 - 0.749ms returns FALSE
T3028 23219:566.938 JLINK_IsHalted()
T3028 23219:567.900 - 0.981ms returns FALSE
T3028 23219:768.191 JLINK_IsHalted()
T3028 23219:769.001 - 0.819ms returns FALSE
T3028 23219:973.105 JLINK_IsHalted()
T3028 23219:973.869 - 0.778ms returns FALSE
T3028 23220:173.806 JLINK_IsHalted()
T3028 23220:175.031 - 1.245ms returns FALSE
T3028 23220:375.393 JLINK_IsHalted()
T3028 23220:376.631 - 1.268ms returns FALSE
T3028 23220:577.184 JLINK_IsHalted()
T3028 23220:578.490 - 1.330ms returns FALSE
T3028 23220:781.353 JLINK_IsHalted()
T3028 23220:782.513 - 1.180ms returns FALSE
T3028 23220:983.366 JLINK_IsHalted()
T3028 23220:984.391 - 1.046ms returns FALSE
T3028 23221:185.461 JLINK_IsHalted()
T3028 23221:186.539 - 1.098ms returns FALSE
T3028 23221:387.064 JLINK_IsHalted()
T3028 23221:388.122 - 1.077ms returns FALSE
T3028 23221:588.883 JLINK_IsHalted()
T3028 23221:590.031 - 1.168ms returns FALSE
T3028 23221:790.417 JLINK_IsHalted()
T3028 23221:791.487 - 1.093ms returns FALSE
T3028 23221:996.222 JLINK_IsHalted()
T3028 23221:996.891 - 0.681ms returns FALSE
T3028 23222:199.711 JLINK_IsHalted()
T3028 23222:200.375 - 0.675ms returns FALSE
T3028 23222:400.135 JLINK_IsHalted()
T3028 23222:400.866 - 0.746ms returns FALSE
T3028 23222:601.417 JLINK_IsHalted()
T3028 23222:602.033 - 0.626ms returns FALSE
T3028 23222:801.751 JLINK_IsHalted()
T3028 23222:802.433 - 0.709ms returns FALSE
T3028 23223:003.591 JLINK_IsHalted()
T3028 23223:004.835 - 1.278ms returns FALSE
T3028 23223:205.301 JLINK_IsHalted()
T3028 23223:205.985 - 0.698ms returns FALSE
T3028 23223:405.587 JLINK_IsHalted()
T3028 23223:406.859 - 1.292ms returns FALSE
T3028 23223:606.547 JLINK_IsHalted()
T3028 23223:607.403 - 0.875ms returns FALSE
T3028 23223:807.710 JLINK_IsHalted()
T3028 23223:808.319 - 0.619ms returns FALSE
T3028 23224:008.969 JLINK_IsHalted()
T3028 23224:009.747 - 0.798ms returns FALSE
T3028 23224:209.199 JLINK_IsHalted()
T3028 23224:210.113 - 0.933ms returns FALSE
T3028 23224:411.326 JLINK_IsHalted()
T3028 23224:412.356 - 1.050ms returns FALSE
T3028 23224:613.167 JLINK_IsHalted()
T3028 23224:614.493 - 1.345ms returns FALSE
T3028 23224:814.291 JLINK_IsHalted()
T3028 23224:815.469 - 1.198ms returns FALSE
T3028 23225:017.762 JLINK_IsHalted()
T3028 23225:018.898 - 1.156ms returns FALSE
T3028 23225:220.072 JLINK_IsHalted()
T3028 23225:220.802 - 0.747ms returns FALSE
T3028 23225:421.515 JLINK_IsHalted()
T3028 23225:422.182 - 0.684ms returns FALSE
T3028 23225:621.689 JLINK_IsHalted()
T3028 23225:622.390 - 0.720ms returns FALSE
T3028 23225:822.604 JLINK_IsHalted()
T3028 23225:823.551 - 0.965ms returns FALSE
T3028 23226:024.439 JLINK_IsHalted()
T3028 23226:025.549 - 1.129ms returns FALSE
T3028 23226:229.268 JLINK_IsHalted()
T3028 23226:230.291 - 1.042ms returns FALSE
T3028 23226:430.608 JLINK_IsHalted()
T3028 23226:431.228 - 0.630ms returns FALSE
T3028 23226:631.389 JLINK_IsHalted()
T3028 23226:632.682 - 1.313ms returns FALSE
T3028 23226:833.285 JLINK_IsHalted()
T3028 23226:834.608 - 1.344ms returns FALSE
T3028 23227:034.912 JLINK_IsHalted()
T3028 23227:035.640 - 0.757ms returns FALSE
T3028 23227:238.335 JLINK_IsHalted()
T3028 23227:238.966 - 0.643ms returns FALSE
T3028 23227:439.851 JLINK_IsHalted()
T3028 23227:440.517 - 0.686ms returns FALSE
T3028 23227:640.813 JLINK_IsHalted()
T3028 23227:641.625 - 0.826ms returns FALSE
T3028 23227:843.241 JLINK_IsHalted()
T3028 23227:843.915 - 0.687ms returns FALSE
T3028 23228:043.358 JLINK_IsHalted()
T3028 23228:044.073 - 0.725ms returns FALSE
T3028 23228:244.921 JLINK_IsHalted()
T3028 23228:245.958 - 1.076ms returns FALSE
T3028 23228:446.072 JLINK_IsHalted()
T3028 23228:447.371 - 1.319ms returns FALSE
T3028 23228:647.369 JLINK_IsHalted()
T3028 23228:648.663 - 1.334ms returns FALSE
T3028 23228:849.486 JLINK_IsHalted()
T3028 23228:850.756 - 1.298ms returns FALSE
T3028 23229:057.786 JLINK_IsHalted()
T3028 23229:058.603 - 0.839ms returns FALSE
T3028 23229:258.583 JLINK_IsHalted()
T3028 23229:259.373 - 0.808ms returns FALSE
T3028 23229:458.735 JLINK_IsHalted()
T3028 23229:459.531 - 0.815ms returns FALSE
T3028 23229:658.898 JLINK_IsHalted()
T3028 23229:659.570 - 0.689ms returns FALSE
T3028 23229:859.530 JLINK_IsHalted()
T3028 23229:860.268 - 0.756ms returns FALSE
T3028 23230:060.627 JLINK_IsHalted()
T3028 23230:061.415 - 0.805ms returns FALSE
T3028 23230:263.322 JLINK_IsHalted()
T3028 23230:264.614 - 1.311ms returns FALSE
T3028 23230:468.347 JLINK_IsHalted()
T3028 23230:468.974 - 0.642ms returns FALSE
T3028 23230:669.417 JLINK_IsHalted()
T3028 23230:670.075 - 0.672ms returns FALSE
T3028 23230:879.438 JLINK_IsHalted()
T3028 23230:884.927 - 5.511ms returns FALSE
T3028 23231:085.363 JLINK_IsHalted()
T3028 23231:085.973 - 0.619ms returns FALSE
T3028 23231:287.417 JLINK_IsHalted()
T3028 23231:288.525 - 1.127ms returns FALSE
T3028 23231:491.482 JLINK_IsHalted()
T3028 23231:492.556 - 1.093ms returns FALSE
T3028 23231:693.624 JLINK_IsHalted()
T3028 23231:694.260 - 0.647ms returns FALSE
T3028 23231:894.979 JLINK_IsHalted()
T3028 23231:895.736 - 0.775ms returns FALSE
T3028 23232:095.845 JLINK_IsHalted()
T3028 23232:097.126 - 1.316ms returns FALSE
T3028 23232:300.554 JLINK_IsHalted()
T3028 23232:301.368 - 0.832ms returns FALSE
T3028 23232:501.326 JLINK_IsHalted()
T3028 23232:501.960 - 0.644ms returns FALSE
T3028 23232:701.407 JLINK_IsHalted()
T3028 23232:702.030 - 0.637ms returns FALSE
T3028 23232:901.799 JLINK_IsHalted()
T3028 23232:902.805 - 1.026ms returns FALSE
T3028 23233:107.355 JLINK_IsHalted()
T3028 23233:108.514 - 1.180ms returns FALSE
T3028 23233:310.162 JLINK_IsHalted()
T3028 23233:311.429 - 1.287ms returns FALSE
T3028 23233:511.540 JLINK_IsHalted()
T3028 23233:512.674 - 1.156ms returns FALSE
T3028 23233:713.348 JLINK_IsHalted()
T3028 23233:713.995 - 0.658ms returns FALSE
T3028 23233:915.308 JLINK_IsHalted()
T3028 23233:915.959 - 0.663ms returns FALSE
T3028 23234:115.636 JLINK_IsHalted()
T3028 23234:116.818 - 1.216ms returns FALSE
T3028 23234:317.192 JLINK_IsHalted()
T3028 23234:318.392 - 1.234ms returns FALSE
T3028 23234:519.148 JLINK_IsHalted()
T3028 23234:520.118 - 0.980ms returns FALSE
T3028 23234:722.033 JLINK_IsHalted()
T3028 23234:723.087 - 1.073ms returns FALSE
T3028 23234:924.802 JLINK_IsHalted()
T3028 23234:925.545 - 0.762ms returns FALSE
T3028 23235:127.120 JLINK_IsHalted()
T3028 23235:128.091 - 0.990ms returns FALSE
T3028 23235:331.429 JLINK_IsHalted()
T3028 23235:332.153 - 0.744ms returns FALSE
T3028 23235:531.904 JLINK_IsHalted()
T3028 23235:532.671 - 0.784ms returns FALSE
T3028 23235:732.458 JLINK_IsHalted()
T3028 23235:733.290 - 0.849ms returns FALSE
T3028 23235:932.678 JLINK_IsHalted()
T3028 23235:933.682 - 1.025ms returns FALSE
T3028 23236:135.288 JLINK_IsHalted()
T3028 23236:136.607 - 1.339ms returns FALSE
T3028 23236:342.050 JLINK_IsHalted()
T3028 23236:342.960 - 0.934ms returns FALSE
T3028 23236:544.205 JLINK_IsHalted()
T3028 23236:545.525 - 1.340ms returns FALSE
T3028 23236:749.257 JLINK_IsHalted()
T3028 23236:750.083 - 0.871ms returns FALSE
T3028 23236:949.473 JLINK_IsHalted()
T3028 23236:950.131 - 0.676ms returns FALSE
T3028 23237:149.718 JLINK_IsHalted()
T3028 23237:150.466 - 0.782ms returns FALSE
T3028 23237:350.646 JLINK_IsHalted()
T3028 23237:351.586 - 0.962ms returns FALSE
T3028 23237:553.679 JLINK_IsHalted()
T3028 23237:555.040 - 1.381ms returns FALSE
T3028 23237:757.590 JLINK_IsHalted()
T3028 23237:758.226 - 0.647ms returns FALSE
T3028 23237:959.413 JLINK_IsHalted()
T3028 23237:960.076 - 0.681ms returns FALSE
T3028 23238:160.186 JLINK_IsHalted()
T3028 23238:160.879 - 0.706ms returns FALSE
T3028 23238:361.189 JLINK_IsHalted()
T3028 23238:362.300 - 1.131ms returns FALSE
T3028 23238:563.673 JLINK_IsHalted()
T3028 23238:564.367 - 0.707ms returns FALSE
T3028 23238:768.316 JLINK_IsHalted()
T3028 23238:769.132 - 0.834ms returns FALSE
T3028 23238:970.240 JLINK_IsHalted()
T3028 23238:971.418 - 1.198ms returns FALSE
T3028 23239:171.013 JLINK_IsHalted()
T3028 23239:172.194 - 1.201ms returns FALSE
T3028 23239:373.267 JLINK_IsHalted()
T3028 23239:374.483 - 1.235ms returns FALSE
T3028 23239:574.992 JLINK_IsHalted()
T3028 23239:575.997 - 1.025ms returns FALSE
T3028 23239:778.809 JLINK_IsHalted()
T3028 23239:779.949 - 1.159ms returns FALSE
T3028 23239:980.007 JLINK_IsHalted()
T3028 23239:981.004 - 1.016ms returns FALSE
T3028 23240:181.285 JLINK_IsHalted()
T3028 23240:182.000 - 0.731ms returns FALSE
T3028 23240:381.678 JLINK_IsHalted()
T3028 23240:382.767 - 1.108ms returns FALSE
T3028 23240:583.965 JLINK_IsHalted()
T3028 23240:585.287 - 1.342ms returns FALSE
T3028 23240:786.798 JLINK_IsHalted()
T3028 23240:787.433 - 0.670ms returns FALSE
T3028 23240:988.099 JLINK_IsHalted()
T3028 23240:989.022 - 0.944ms returns FALSE
T3028 23241:189.521 JLINK_IsHalted()
T3028 23241:190.173 - 0.664ms returns FALSE
T3028 23241:391.890 JLINK_IsHalted()
T3028 23241:392.546 - 0.666ms returns FALSE
T3028 23241:596.013 JLINK_IsHalted()
T3028 23241:597.030 - 1.049ms returns FALSE
T3028 23241:797.004 JLINK_IsHalted()
T3028 23241:798.121 - 1.136ms returns FALSE
T3028 23241:999.000 JLINK_IsHalted()
T3028 23242:000.127 - 1.147ms returns FALSE
T3028 23242:202.144 JLINK_IsHalted()
T3028 23242:203.179 - 1.055ms returns FALSE
T3028 23242:403.602 JLINK_IsHalted()
T3028 23242:404.817 - 1.237ms returns FALSE
T3028 23242:605.363 JLINK_IsHalted()
T3028 23242:606.101 - 0.768ms returns FALSE
T3028 23242:806.245 JLINK_IsHalted()
T3028 23242:807.093 - 0.868ms returns FALSE
T3028 23243:007.109 JLINK_IsHalted()
T3028 23243:007.746 - 0.658ms returns FALSE
T3028 23243:207.329 JLINK_IsHalted()
T3028 23243:208.008 - 0.690ms returns FALSE
T3028 23243:411.074 JLINK_IsHalted()
T3028 23243:412.384 - 1.330ms returns FALSE
T3028 23243:617.007 JLINK_IsHalted()
T3028 23243:618.189 - 1.215ms returns FALSE
T3028 23243:818.206 JLINK_IsHalted()
T3028 23243:818.916 - 0.722ms returns FALSE
T3028 23244:019.043 JLINK_IsHalted()
T3028 23244:020.279 - 1.257ms returns FALSE
T3028 23244:221.387 JLINK_IsHalted()
T3028 23244:222.406 - 1.039ms returns FALSE
T3028 23244:423.364 JLINK_IsHalted()
T3028 23244:424.348 - 1.003ms returns FALSE
T3028 23244:625.045 JLINK_IsHalted()
T3028 23244:626.118 - 1.116ms returns FALSE
T3028 23244:829.519 JLINK_IsHalted()
T3028 23244:830.274 - 0.774ms returns FALSE
T3028 23245:031.393 JLINK_IsHalted()
T3028 23245:032.528 - 1.181ms returns FALSE
T3028 23245:234.719 JLINK_IsHalted()
T3028 23245:235.776 - 1.076ms returns FALSE
T3028 23245:437.773 JLINK_IsHalted()
T3028 23245:438.820 - 1.067ms returns FALSE
T3028 23245:639.828 JLINK_IsHalted()
T3028 23245:640.574 - 0.758ms returns FALSE
T3028 23245:841.630 JLINK_IsHalted()
T3028 23245:842.815 - 1.208ms returns FALSE
T3028 23246:046.165 JLINK_IsHalted()
T3028 23246:047.209 - 1.063ms returns FALSE
T3028 23246:247.365 JLINK_IsHalted()
T3028 23246:248.009 - 0.653ms returns FALSE
T3028 23246:451.242 JLINK_IsHalted()
T3028 23246:451.908 - 0.683ms returns FALSE
T3028 23246:656.377 JLINK_IsHalted()
T3028 23246:657.528 - 1.183ms returns FALSE
T3028 23246:859.334 JLINK_IsHalted()
T3028 23246:860.068 - 0.755ms returns FALSE
T3028 23247:060.822 JLINK_IsHalted()
T3028 23247:061.541 - 0.730ms returns FALSE
T3028 23247:261.229 JLINK_IsHalted()
T3028 23247:262.230 - 1.011ms returns FALSE
T3028 23247:462.982 JLINK_IsHalted()
T3028 23247:463.896 - 0.933ms returns FALSE
T3028 23247:668.421 JLINK_IsHalted()
T3028 23247:669.488 - 1.085ms returns FALSE
T3028 23247:870.221 JLINK_IsHalted()
T3028 23247:871.331 - 1.129ms returns FALSE
T3028 23248:077.406 JLINK_IsHalted()
T3028 23248:078.054 - 0.680ms returns FALSE
T3028 23248:278.360 JLINK_IsHalted()
T3028 23248:279.048 - 0.698ms returns FALSE
T3028 23248:482.598 JLINK_IsHalted()
T3028 23248:483.551 - 0.986ms returns FALSE
T3028 23248:685.689 JLINK_IsHalted()
T3028 23248:686.859 - 1.189ms returns FALSE
T3028 23248:887.104 JLINK_IsHalted()
T3028 23248:887.743 - 0.648ms returns FALSE
T3028 23249:088.120 JLINK_IsHalted()
T3028 23249:088.763 - 0.652ms returns FALSE
T3028 23249:288.375 JLINK_IsHalted()
T3028 23249:289.643 - 1.289ms returns FALSE
T3028 23249:491.667 JLINK_IsHalted()
T3028 23249:492.851 - 1.204ms returns FALSE
T3028 23249:692.911 JLINK_IsHalted()
T3028 23249:694.066 - 1.174ms returns FALSE
T3028 23249:895.344 JLINK_IsHalted()
T3028 23249:895.997 - 0.670ms returns FALSE
T3028 23250:096.008 JLINK_IsHalted()
T3028 23250:096.727 - 0.750ms returns FALSE
T3028 23250:296.380 JLINK_IsHalted()
T3028 23250:297.180 - 0.818ms returns FALSE
T3028 23250:496.448 JLINK_IsHalted()
T3028 23250:497.164 - 0.737ms returns FALSE
T3028 23250:697.453 JLINK_IsHalted()
T3028 23250:698.150 - 0.706ms returns FALSE
T3028 23250:897.804 JLINK_IsHalted()
T3028 23250:898.547 - 0.765ms returns FALSE
T3028 23251:098.778 JLINK_IsHalted()
T3028 23251:100.006 - 1.248ms returns FALSE
T3028 23251:303.371 JLINK_IsHalted()
T3028 23251:304.604 - 1.253ms returns FALSE
T3028 23251:504.379 JLINK_IsHalted()
T3028 23251:505.607 - 1.262ms returns FALSE
T3028 23251:706.083 JLINK_IsHalted()
T3028 23251:707.148 - 1.084ms returns FALSE
T3028 23251:909.345 JLINK_IsHalted()
T3028 23251:910.633 - 1.345ms returns FALSE
T3028 23252:110.917 JLINK_IsHalted()
T3028 23252:112.011 - 1.114ms returns FALSE
T3028 23252:312.853 JLINK_IsHalted()
T3028 23252:314.187 - 1.355ms returns FALSE
T3028 23252:515.119 JLINK_IsHalted()
T3028 23252:515.845 - 0.746ms returns FALSE
T3028 23252:716.093 JLINK_IsHalted()
T3028 23252:716.732 - 0.660ms returns FALSE
T3028 23252:916.671 JLINK_IsHalted()
T3028 23252:917.378 - 0.715ms returns FALSE
T3028 23253:118.383 JLINK_IsHalted()
T3028 23253:119.097 - 0.724ms returns FALSE
T3028 23253:319.330 JLINK_IsHalted()
T3028 23253:320.620 - 1.310ms returns FALSE
T3028 23253:523.317 JLINK_IsHalted()
T3028 23253:523.957 - 0.653ms returns FALSE
T3028 23253:724.594 JLINK_IsHalted()
T3028 23253:725.272 - 0.688ms returns FALSE
T3028 23253:927.268 JLINK_IsHalted()
T3028 23253:928.368 - 1.132ms returns FALSE
T3028 23254:130.360 JLINK_IsHalted()
T3028 23254:131.114 - 0.772ms returns FALSE
T3028 23254:331.311 JLINK_IsHalted()
T3028 23254:331.983 - 0.682ms returns FALSE
T3028 23254:532.891 JLINK_IsHalted()
T3028 23254:534.024 - 1.152ms returns FALSE
T3028 23254:734.408 JLINK_IsHalted()
T3028 23254:735.232 - 0.843ms returns FALSE
T3028 23254:935.768 JLINK_IsHalted()
T3028 23254:937.073 - 1.324ms returns FALSE
T3028 23255:142.344 JLINK_IsHalted()
T3028 23255:143.399 - 1.075ms returns FALSE
T3028 23255:343.494 JLINK_IsHalted()
T3028 23255:344.475 - 0.999ms returns FALSE
T3028 23255:551.251 JLINK_IsHalted()
T3028 23255:552.142 - 0.911ms returns FALSE
T3028 23255:752.442 JLINK_IsHalted()
T3028 23255:753.821 - 1.399ms returns FALSE
T3028 23255:956.424 JLINK_IsHalted()
T3028 23255:957.050 - 0.637ms returns FALSE
T3028 23256:158.164 JLINK_IsHalted()
T3028 23256:158.865 - 0.709ms returns FALSE
T3028 23256:359.624 JLINK_IsHalted()
T3028 23256:360.419 - 0.806ms returns FALSE
T3028 23256:561.545 JLINK_IsHalted()
T3028 23256:562.817 - 1.292ms returns FALSE
T3028 23256:764.461 JLINK_IsHalted()
T3028 23256:765.431 - 1.004ms returns FALSE
T3028 23256:967.246 JLINK_IsHalted()
T3028 23256:967.875 - 0.639ms returns FALSE
T3028 23257:169.988 JLINK_IsHalted()
T3028 23257:170.642 - 0.674ms returns FALSE
T3028 23257:370.880 JLINK_IsHalted()
T3028 23257:371.503 - 0.633ms returns FALSE
T3028 23257:571.526 JLINK_IsHalted()
T3028 23257:572.694 - 1.188ms returns FALSE
T3028 23257:773.737 JLINK_IsHalted()
T3028 23257:774.339 - 0.611ms returns FALSE
T3028 23257:973.847 JLINK_IsHalted()
T3028 23257:974.555 - 0.732ms returns FALSE
T3028 23258:176.780 JLINK_IsHalted()
T3028 23258:177.558 - 0.798ms returns FALSE
T3028 23258:380.865 JLINK_IsHalted()
T3028 23258:381.515 - 0.666ms returns FALSE
T3028 23258:581.016 JLINK_IsHalted()
T3028 23258:582.084 - 1.086ms returns FALSE
T3028 23258:783.002 JLINK_IsHalted()
T3028 23258:783.548 - 0.557ms returns FALSE
T3028 23258:983.273 JLINK_IsHalted()
T3028 23258:983.910 - 0.646ms returns FALSE
T3028 23259:183.717 JLINK_IsHalted()
T3028 23259:184.337 - 0.630ms returns FALSE
T3028 23259:386.005 JLINK_IsHalted()
T3028 23259:386.537 - 0.539ms returns FALSE
T3028 23259:587.984 JLINK_IsHalted()
T3028 23259:589.173 - 1.220ms returns FALSE
T3028 23259:789.207 JLINK_IsHalted()
T3028 23259:789.934 - 0.749ms returns FALSE
T3028 23259:990.155 JLINK_IsHalted()
T3028 23259:990.794 - 0.653ms returns FALSE
T3028 23260:190.418 JLINK_IsHalted()
T3028 23260:191.257 - 0.857ms returns FALSE
T3028 23260:391.883 JLINK_IsHalted()
T3028 23260:392.525 - 0.650ms returns FALSE
T3028 23260:593.970 JLINK_IsHalted()
T3028 23260:594.574 - 0.616ms returns FALSE
T3028 23260:797.210 JLINK_IsHalted()
T3028 23260:797.821 - 0.619ms returns FALSE
T3028 23260:999.416 JLINK_IsHalted()
T3028 23261:000.517 - 1.119ms returns FALSE
T3028 23261:201.229 JLINK_IsHalted()
T3028 23261:202.492 - 1.293ms returns FALSE
T3028 23261:403.241 JLINK_IsHalted()
T3028 23261:404.772 - 1.551ms returns FALSE
T3028 23261:607.108 JLINK_IsHalted()
T3028 23261:607.794 - 0.696ms returns FALSE
T3028 23261:807.933 JLINK_IsHalted()
T3028 23261:808.697 - 0.781ms returns FALSE
T3028 23262:008.306 JLINK_IsHalted()
T3028 23262:009.252 - 0.970ms returns FALSE
T3028 23262:209.649 JLINK_IsHalted()
T3028 23262:210.658 - 1.028ms returns FALSE
T3028 23262:412.547 JLINK_IsHalted()
T3028 23262:413.579 - 1.051ms returns FALSE
T3028 23262:613.967 JLINK_IsHalted()
T3028 23262:615.093 - 1.145ms returns FALSE
T3028 23262:816.816 JLINK_IsHalted()
T3028 23262:817.955 - 1.159ms returns FALSE
T3028 23263:018.219 JLINK_IsHalted()
T3028 23263:019.413 - 1.216ms returns FALSE
T3028 23263:219.550 JLINK_IsHalted()
T3028 23263:220.794 - 1.264ms returns FALSE
T3028 23263:422.634 JLINK_IsHalted()
T3028 23263:423.422 - 0.809ms returns FALSE
T3028 23263:623.386 JLINK_IsHalted()
T3028 23263:624.450 - 1.109ms returns FALSE
T3028 23263:826.033 JLINK_IsHalted()
T3028 23263:826.741 - 0.723ms returns FALSE
T3028 23264:026.784 JLINK_IsHalted()
T3028 23264:027.459 - 0.688ms returns FALSE
T3028 23264:227.148 JLINK_IsHalted()
T3028 23264:227.822 - 0.687ms returns FALSE
T3028 23264:427.475 JLINK_IsHalted()
T3028 23264:428.290 - 0.835ms returns FALSE
T3028 23264:627.788 JLINK_IsHalted()
T3028 23264:628.719 - 0.945ms returns FALSE
T3028 23264:831.008 JLINK_IsHalted()
T3028 23264:831.663 - 0.665ms returns FALSE
T3028 23265:031.386 JLINK_IsHalted()
T3028 23265:032.423 - 1.058ms returns FALSE
T3028 23265:233.031 JLINK_IsHalted()
T3028 23265:234.152 - 1.129ms returns FALSE
T3028 23265:434.974 JLINK_IsHalted()
T3028 23265:436.122 - 1.168ms returns FALSE
T3028 23265:637.538 JLINK_IsHalted()
T3028 23265:638.287 - 0.769ms returns FALSE
T3028 23265:838.930 JLINK_IsHalted()
T3028 23265:840.118 - 1.210ms returns FALSE
T3028 23266:040.748 JLINK_IsHalted()
T3028 23266:041.756 - 1.027ms returns FALSE
T3028 23266:243.009 JLINK_IsHalted()
T3028 23266:244.051 - 1.065ms returns FALSE
T3028 23266:446.114 JLINK_IsHalted()
T3028 23266:447.055 - 0.960ms returns FALSE
T3028 23266:647.409 JLINK_IsHalted()
T3028 23266:648.738 - 1.349ms returns FALSE
T3028 23266:853.574 JLINK_IsHalted()
T3028 23266:854.714 - 1.160ms returns FALSE
T3028 23267:056.318 JLINK_IsHalted()
T3028 23267:056.926 - 0.618ms returns FALSE
T3028 23267:256.607 JLINK_IsHalted()
T3028 23267:257.384 - 0.794ms returns FALSE
T3028 23267:458.679 JLINK_IsHalted()
T3028 23267:459.752 - 1.095ms returns FALSE
T3028 23267:661.443 JLINK_IsHalted()
T3028 23267:662.557 - 1.133ms returns FALSE
T3028 23267:862.983 JLINK_IsHalted()
T3028 23267:863.874 - 0.912ms returns FALSE
T3028 23268:067.454 JLINK_IsHalted()
T3028 23268:068.606 - 1.172ms returns FALSE
T3028 23268:271.307 JLINK_IsHalted()
T3028 23268:272.669 - 1.380ms returns FALSE
T3028 23268:475.398 JLINK_IsHalted()
T3028 23268:476.374 - 0.997ms returns FALSE
T3028 23268:678.769 JLINK_IsHalted()
T3028 23268:679.698 - 0.949ms returns FALSE
T3028 23268:880.106 JLINK_IsHalted()
T3028 23268:881.283 - 1.199ms returns FALSE
T3028 23269:082.421 JLINK_IsHalted()
T3028 23269:083.379 - 0.976ms returns FALSE
T3028 23269:285.298 JLINK_IsHalted()
T3028 23269:285.937 - 0.651ms returns FALSE
T3028 23269:485.474 JLINK_IsHalted()
T3028 23269:486.050 - 0.585ms returns FALSE
T3028 23269:686.221 JLINK_IsHalted()
T3028 23269:687.612 - 1.411ms returns FALSE
T3028 23269:887.901 JLINK_IsHalted()
T3028 23269:888.609 - 0.725ms returns FALSE
T3028 23270:094.066 JLINK_IsHalted()
T3028 23270:095.051 - 1.000ms returns FALSE
T3028 23270:295.167 JLINK_IsHalted()
T3028 23270:296.360 - 1.231ms returns FALSE
T3028 23270:496.941 JLINK_IsHalted()
T3028 23270:497.937 - 1.015ms returns FALSE
T3028 23270:700.062 JLINK_IsHalted()
T3028 23270:700.731 - 0.688ms returns FALSE
T3028 23270:900.815 JLINK_IsHalted()
T3028 23270:902.164 - 1.382ms returns FALSE
T3028 23271:102.259 JLINK_IsHalted()
T3028 23271:103.543 - 1.318ms returns FALSE
T3028 23271:304.256 JLINK_IsHalted()
T3028 23271:304.973 - 0.732ms returns FALSE
T3028 23271:508.161 JLINK_IsHalted()
T3028 23271:509.219 - 1.076ms returns FALSE
T3028 23271:709.402 JLINK_IsHalted()
T3028 23271:710.387 - 1.004ms returns FALSE
T3028 23271:911.301 JLINK_IsHalted()
T3028 23271:912.602 - 1.330ms returns FALSE
T3028 23272:114.367 JLINK_IsHalted()
T3028 23272:115.694 - 1.347ms returns FALSE
T3028 23272:316.784 JLINK_IsHalted()
T3028 23272:317.612 - 0.847ms returns FALSE
T3028 23272:518.042 JLINK_IsHalted()
T3028 23272:519.140 - 1.147ms returns FALSE
T3028 23272:719.663 JLINK_IsHalted()
T3028 23272:720.454 - 0.807ms returns FALSE
T3028 23272:923.072 JLINK_IsHalted()
T3028 23272:924.335 - 1.283ms returns FALSE
T3028 23273:126.542 JLINK_IsHalted()
T3028 23273:127.555 - 1.034ms returns FALSE
T3028 23273:331.880 JLINK_IsHalted()
T3028 23273:332.578 - 0.715ms returns FALSE
T3028 23273:532.169 JLINK_IsHalted()
T3028 23273:533.227 - 1.077ms returns FALSE
T3028 23273:734.700 JLINK_IsHalted()
T3028 23273:735.588 - 0.924ms returns FALSE
T3028 23273:935.803 JLINK_IsHalted()
T3028 23273:936.480 - 0.723ms returns FALSE
T3028 23274:137.508 JLINK_IsHalted()
T3028 23274:138.377 - 0.940ms returns FALSE
T3028 23274:338.832 JLINK_IsHalted()
T3028 23274:339.576 - 0.756ms returns FALSE
T3028 23274:538.797 JLINK_IsHalted()
T3028 23274:539.859 - 1.166ms returns FALSE
T3028 23274:740.698 JLINK_IsHalted()
T3028 23274:741.816 - 1.186ms returns FALSE
T3028 23274:947.474 JLINK_IsHalted()
T3028 23274:957.835 - 10.479ms returns FALSE
T3028 23275:159.450 JLINK_IsHalted()
T3028 23275:160.280 - 0.849ms returns FALSE
T3028 23275:360.970 JLINK_IsHalted()
T3028 23275:361.632 - 0.674ms returns FALSE
T3028 23275:562.184 JLINK_IsHalted()
T3028 23275:562.979 - 0.802ms returns FALSE
T3028 23275:764.516 JLINK_IsHalted()
T3028 23275:765.389 - 0.899ms returns FALSE
T3028 23275:965.282 JLINK_IsHalted()
T3028 23275:966.373 - 1.111ms returns FALSE
T3028 23276:167.403 JLINK_IsHalted()
T3028 23276:168.607 - 1.224ms returns FALSE
T3028 23276:368.578 JLINK_IsHalted()
T3028 23276:369.271 - 0.705ms returns FALSE
T3028 23276:570.003 JLINK_IsHalted()
T3028 23276:571.274 - 1.290ms returns FALSE
T3028 23276:771.881 JLINK_IsHalted()
T3028 23276:772.649 - 0.787ms returns FALSE
T3028 23276:972.065 JLINK_IsHalted()
T3028 23276:972.703 - 0.660ms returns FALSE
T3028 23277:173.042 JLINK_IsHalted()
T3028 23277:173.692 - 0.672ms returns FALSE
T3028 23277:373.644 JLINK_IsHalted()
T3028 23277:374.504 - 0.875ms returns FALSE
T3028 23277:574.769 JLINK_IsHalted()
T3028 23277:575.469 - 0.743ms returns FALSE
T3028 23277:776.326 JLINK_IsHalted()
T3028 23277:776.951 - 0.642ms returns FALSE
T3028 23277:976.895 JLINK_IsHalted()
T3028 23277:977.587 - 0.704ms returns FALSE
T3028 23278:179.752 JLINK_IsHalted()
T3028 23278:180.970 - 1.238ms returns FALSE
T3028 23278:384.726 JLINK_IsHalted()
T3028 23278:385.742 - 1.039ms returns FALSE
T3028 23278:590.060 JLINK_IsHalted()
T3028 23278:591.118 - 1.078ms returns FALSE
T3028 23278:791.318 JLINK_IsHalted()
T3028 23278:792.019 - 0.720ms returns FALSE
T3028 23278:991.562 JLINK_IsHalted()
T3028 23278:992.224 - 0.680ms returns FALSE
T3028 23279:193.504 JLINK_IsHalted()
T3028 23279:194.691 - 1.206ms returns FALSE
T3028 23279:395.151 JLINK_IsHalted()
T3028 23279:396.087 - 0.957ms returns FALSE
T3028 23279:596.892 JLINK_IsHalted()
T3028 23279:597.710 - 0.858ms returns FALSE
T3028 23279:798.815 JLINK_IsHalted()
T3028 23279:799.558 - 0.752ms returns FALSE
T3028 23279:999.499 JLINK_IsHalted()
T3028 23280:000.105 - 0.633ms returns FALSE
T3028 23280:201.673 JLINK_IsHalted()
T3028 23280:202.964 - 1.323ms returns FALSE
T3028 23280:405.050 JLINK_IsHalted()
T3028 23280:406.304 - 1.285ms returns FALSE
T3028 23280:606.333 JLINK_IsHalted()
T3028 23280:606.970 - 0.647ms returns FALSE
T3028 23280:806.598 JLINK_IsHalted()
T3028 23280:807.531 - 0.961ms returns FALSE
T3028 23281:007.501 JLINK_IsHalted()
T3028 23281:008.111 - 0.617ms returns FALSE
T3028 23281:208.249 JLINK_IsHalted()
T3028 23281:209.110 - 0.881ms returns FALSE
T3028 23281:410.608 JLINK_IsHalted()
T3028 23281:411.275 - 0.687ms returns FALSE
T3028 23281:612.572 JLINK_IsHalted()
T3028 23281:613.759 - 1.205ms returns FALSE
T3028 23281:815.452 JLINK_IsHalted()
T3028 23281:816.135 - 0.693ms returns FALSE
T3028 23282:020.021 JLINK_IsHalted()
T3028 23282:020.670 - 0.661ms returns FALSE
T3028 23282:223.273 JLINK_IsHalted()
T3028 23282:224.423 - 1.169ms returns FALSE
T3028 23282:427.155 JLINK_IsHalted()
T3028 23282:427.765 - 0.618ms returns FALSE
T3028 23282:627.650 JLINK_IsHalted()
T3028 23282:628.313 - 0.672ms returns FALSE
T3028 23282:828.184 JLINK_IsHalted()
T3028 23282:828.999 - 0.836ms returns FALSE
T3028 23283:028.727 JLINK_IsHalted()
T3028 23283:029.678 - 0.971ms returns FALSE
T3028 23283:236.884 JLINK_IsHalted()
T3028 23283:237.838 - 0.973ms returns FALSE
T3028 23283:443.070 JLINK_IsHalted()
T3028 23283:444.255 - 1.204ms returns FALSE
T3028 23283:645.013 JLINK_IsHalted()
T3028 23283:646.165 - 1.174ms returns FALSE
T3028 23283:846.364 JLINK_IsHalted()
T3028 23283:847.082 - 0.736ms returns FALSE
T3028 23284:046.968 JLINK_IsHalted()
T3028 23284:047.877 - 0.929ms returns FALSE
T3028 23284:247.924 JLINK_IsHalted()
T3028 23284:249.043 - 1.140ms returns FALSE
T3028 23284:451.328 JLINK_IsHalted()
T3028 23284:452.228 - 0.918ms returns FALSE
T3028 23284:651.761 JLINK_IsHalted()
T3028 23284:652.435 - 0.693ms returns FALSE
T3028 23284:852.955 JLINK_IsHalted()
T3028 23284:854.382 - 1.447ms returns FALSE
T3028 23285:053.827 JLINK_IsHalted()
T3028 23285:054.569 - 0.758ms returns FALSE
T3028 23285:255.385 JLINK_IsHalted()
T3028 23285:256.055 - 0.690ms returns FALSE
T3028 23285:456.340 JLINK_IsHalted()
T3028 23285:457.131 - 0.810ms returns FALSE
T3028 23285:659.124 JLINK_IsHalted()
T3028 23285:660.070 - 0.967ms returns FALSE
T3028 23285:862.146 JLINK_IsHalted()
T3028 23285:862.817 - 0.681ms returns FALSE
T3028 23286:062.203 JLINK_IsHalted()
T3028 23286:062.951 - 0.767ms returns FALSE
T3028 23286:263.395 JLINK_IsHalted()
T3028 23286:264.341 - 0.967ms returns FALSE
T3028 23286:465.447 JLINK_IsHalted()
T3028 23286:466.463 - 1.036ms returns FALSE
T3028 23286:666.654 JLINK_IsHalted()
T3028 23286:667.818 - 1.186ms returns FALSE
T3028 23286:870.389 JLINK_IsHalted()
T3028 23286:871.290 - 0.919ms returns FALSE
T3028 23287:070.539 JLINK_IsHalted()
T3028 23287:071.692 - 1.173ms returns FALSE
T3028 23287:272.523 JLINK_IsHalted()
T3028 23287:273.692 - 1.189ms returns FALSE
T3028 23287:475.325 JLINK_IsHalted()
T3028 23287:476.075 - 0.767ms returns FALSE
T3028 23287:675.984 JLINK_IsHalted()
T3028 23287:677.286 - 1.321ms returns FALSE
T3028 23287:879.401 JLINK_IsHalted()
T3028 23287:880.682 - 1.300ms returns FALSE
T3028 23288:083.398 JLINK_IsHalted()
T3028 23288:084.237 - 0.861ms returns FALSE
T3028 23288:284.533 JLINK_IsHalted()
T3028 23288:285.462 - 0.949ms returns FALSE
T3028 23288:485.531 JLINK_IsHalted()
T3028 23288:486.111 - 0.591ms returns FALSE
T3028 23288:687.313 JLINK_IsHalted()
T3028 23288:688.518 - 1.225ms returns FALSE
T3028 23288:888.573 JLINK_IsHalted()
T3028 23288:889.567 - 1.014ms returns FALSE
T3028 23289:089.545 JLINK_IsHalted()
T3028 23289:090.728 - 1.202ms returns FALSE
T3028 23289:293.841 JLINK_IsHalted()
T3028 23289:294.939 - 1.117ms returns FALSE
T3028 23289:495.011 JLINK_IsHalted()
T3028 23289:495.865 - 0.873ms returns FALSE
T3028 23289:696.167 JLINK_IsHalted()
T3028 23289:697.283 - 1.135ms returns FALSE
T3028 23289:897.793 JLINK_IsHalted()
T3028 23289:898.916 - 1.143ms returns FALSE
T3028 23290:100.206 JLINK_IsHalted()
T3028 23290:101.301 - 1.104ms returns FALSE
T3028 23290:301.771 JLINK_IsHalted()
T3028 23290:302.570 - 0.856ms returns FALSE
T3028 23290:503.101 JLINK_IsHalted()
T3028 23290:503.774 - 0.691ms returns FALSE
T3028 23290:703.234 JLINK_IsHalted()
T3028 23290:704.008 - 0.795ms returns FALSE
T3028 23290:904.112 JLINK_IsHalted()
T3028 23290:904.774 - 0.675ms returns FALSE
T3028 23291:105.425 JLINK_IsHalted()
T3028 23291:106.372 - 0.959ms returns FALSE
T3028 23291:306.983 JLINK_IsHalted()
T3028 23291:307.710 - 0.739ms returns FALSE
T3028 23291:507.628 JLINK_IsHalted()
T3028 23291:508.451 - 0.831ms returns FALSE
T3028 23291:709.145 JLINK_IsHalted()
T3028 23291:709.781 - 0.648ms returns FALSE
T3028 23291:909.492 JLINK_IsHalted()
T3028 23291:910.216 - 0.740ms returns FALSE
T3028 23292:110.294 JLINK_IsHalted()
T3028 23292:111.639 - 1.365ms returns FALSE
T3028 23292:311.999 JLINK_IsHalted()
T3028 23292:313.194 - 1.215ms returns FALSE
T3028 23292:513.363 JLINK_IsHalted()
T3028 23292:514.672 - 1.317ms returns FALSE
T3028 23292:715.586 JLINK_IsHalted()
T3028 23292:716.729 - 1.162ms returns FALSE
T3028 23292:918.655 JLINK_IsHalted()
T3028 23292:919.532 - 0.897ms returns FALSE
T3028 23293:120.832 JLINK_IsHalted()
T3028 23293:122.162 - 1.352ms returns FALSE
T3028 23293:322.321 JLINK_IsHalted()
T3028 23293:323.046 - 0.751ms returns FALSE
T3028 23293:524.609 JLINK_IsHalted()
T3028 23293:525.421 - 0.825ms returns FALSE
T3028 23293:727.885 JLINK_IsHalted()
T3028 23293:728.578 - 0.712ms returns FALSE
T3028 23293:929.254 JLINK_IsHalted()
T3028 23293:930.439 - 1.204ms returns FALSE
T3028 23294:131.741 JLINK_IsHalted()
T3028 23294:132.752 - 1.020ms returns FALSE
T3028 23294:334.111 JLINK_IsHalted()
T3028 23294:334.871 - 0.780ms returns FALSE
T3028 23294:535.757 JLINK_IsHalted()
T3028 23294:536.874 - 1.137ms returns FALSE
T3028 23294:739.051 JLINK_IsHalted()
T3028 23294:740.181 - 1.150ms returns FALSE
T3028 23294:941.146 JLINK_IsHalted()
T3028 23294:942.078 - 0.951ms returns FALSE
T3028 23295:142.287 JLINK_IsHalted()
T3028 23295:142.964 - 0.696ms returns FALSE
T3028 23295:344.425 JLINK_IsHalted()
T3028 23295:345.437 - 1.032ms returns FALSE
T3028 23295:549.075 JLINK_IsHalted()
T3028 23295:550.147 - 1.093ms returns FALSE
T3028 23295:751.951 JLINK_IsHalted()
T3028 23295:752.598 - 0.658ms returns FALSE
T3028 23295:952.969 JLINK_IsHalted()
T3028 23295:953.657 - 0.709ms returns FALSE
T3028 23296:153.588 JLINK_IsHalted()
T3028 23296:154.912 - 1.357ms returns FALSE
T3028 23296:359.357 JLINK_IsHalted()
T3028 23296:360.080 - 0.734ms returns FALSE
T3028 23296:559.751 JLINK_IsHalted()
T3028 23296:561.070 - 1.351ms returns FALSE
T3028 23296:761.650 JLINK_IsHalted()
T3028 23296:763.031 - 1.407ms returns FALSE
T3028 23296:963.119 JLINK_IsHalted()
T3028 23296:964.168 - 1.067ms returns FALSE
T3028 23297:166.172 JLINK_IsHalted()
T3028 23297:167.370 - 1.217ms returns FALSE
T3028 23297:373.188 JLINK_IsHalted()
T3028 23297:374.264 - 1.095ms returns FALSE
T3028 23297:575.409 JLINK_IsHalted()
T3028 23297:576.557 - 1.167ms returns FALSE
T3028 23297:777.502 JLINK_IsHalted()
T3028 23297:778.457 - 0.974ms returns FALSE
T3028 23297:981.440 JLINK_IsHalted()
T3028 23297:982.798 - 1.377ms returns FALSE
T3028 23298:183.360 JLINK_IsHalted()
T3028 23298:184.513 - 1.173ms returns FALSE
T3028 23298:389.347 JLINK_IsHalted()
T3028 23298:390.399 - 1.072ms returns FALSE
T3028 23298:590.945 JLINK_IsHalted()
T3028 23298:591.789 - 0.853ms returns FALSE
T3028 23298:794.960 JLINK_IsHalted()
T3028 23298:795.631 - 0.681ms returns FALSE
T3028 23298:995.865 JLINK_IsHalted()
T3028 23298:996.552 - 0.703ms returns FALSE
T3028 23299:200.314 JLINK_IsHalted()
T3028 23299:200.951 - 0.648ms returns FALSE
T3028 23299:401.214 JLINK_IsHalted()
T3028 23299:402.218 - 1.052ms returns FALSE
T3028 23299:603.425 JLINK_IsHalted()
T3028 23299:604.765 - 1.358ms returns FALSE
T3028 23299:805.377 JLINK_IsHalted()
T3028 23299:806.055 - 0.688ms returns FALSE
T3028 23300:007.396 JLINK_IsHalted()
T3028 23300:008.692 - 1.327ms returns FALSE
T3028 23300:211.373 JLINK_IsHalted()
T3028 23300:212.198 - 0.857ms returns FALSE
T3028 23300:412.915 JLINK_IsHalted()
T3028 23300:413.610 - 0.719ms returns FALSE
T3028 23300:613.974 JLINK_IsHalted()
T3028 23300:614.649 - 0.687ms returns FALSE
T3028 23300:814.124 JLINK_IsHalted()
T3028 23300:814.930 - 0.817ms returns FALSE
T3028 23301:015.425 JLINK_IsHalted()
T3028 23301:016.080 - 0.669ms returns FALSE
T3028 23301:222.097 JLINK_IsHalted()
T3028 23301:223.022 - 0.957ms returns FALSE
T3028 23301:424.073 JLINK_IsHalted()
T3028 23301:425.116 - 1.063ms returns FALSE
T3028 23301:627.643 JLINK_IsHalted()
T3028 23301:628.292 - 0.659ms returns FALSE
T3028 23301:831.155 JLINK_IsHalted()
T3028 23301:831.842 - 0.706ms returns FALSE
T3028 23302:033.361 JLINK_IsHalted()
T3028 23302:034.633 - 1.305ms returns FALSE
T3028 23302:237.924 JLINK_IsHalted()
T3028 23302:238.984 - 1.078ms returns FALSE
T3028 23302:439.163 JLINK_IsHalted()
T3028 23302:440.368 - 1.239ms returns FALSE
T3028 23302:640.418 JLINK_IsHalted()
T3028 23302:641.666 - 1.267ms returns FALSE
T3028 23302:843.882 JLINK_IsHalted()
T3028 23302:844.631 - 0.765ms returns FALSE
T3028 23303:044.002 JLINK_IsHalted()
T3028 23303:045.113 - 1.129ms returns FALSE
T3028 23303:246.189 JLINK_IsHalted()
T3028 23303:247.403 - 1.246ms returns FALSE
T3028 23303:448.294 JLINK_IsHalted()
T3028 23303:448.913 - 0.629ms returns FALSE
T3028 23303:648.787 JLINK_IsHalted()
T3028 23303:649.712 - 0.952ms returns FALSE
T3028 23303:850.036 JLINK_IsHalted()
T3028 23303:850.830 - 0.815ms returns FALSE
T3028 23304:050.877 JLINK_IsHalted()
T3028 23304:051.552 - 0.684ms returns FALSE
T3028 23304:251.183 JLINK_IsHalted()
T3028 23304:251.781 - 0.608ms returns FALSE
T3028 23304:451.369 JLINK_IsHalted()
T3028 23304:452.041 - 0.682ms returns FALSE
T3028 23304:655.157 JLINK_IsHalted()
T3028 23304:656.986 - 1.870ms returns FALSE
T3028 23304:856.614 JLINK_IsHalted()
T3028 23304:857.226 - 0.633ms returns FALSE
T3028 23305:057.076 JLINK_IsHalted()
T3028 23305:057.696 - 0.648ms returns FALSE
T3028 23305:257.684 JLINK_IsHalted()
T3028 23305:258.393 - 0.723ms returns FALSE
T3028 23305:457.732 JLINK_IsHalted()
T3028 23305:458.414 - 0.692ms returns FALSE
T3028 23305:659.364 JLINK_IsHalted()
T3028 23305:660.528 - 1.184ms returns FALSE
T3028 23305:862.640 JLINK_IsHalted()
T3028 23305:863.844 - 1.233ms returns FALSE
T3028 23306:066.563 JLINK_IsHalted()
T3028 23306:067.613 - 1.069ms returns FALSE
T3028 23306:269.276 JLINK_IsHalted()
T3028 23306:269.954 - 0.688ms returns FALSE
T3028 23306:469.868 JLINK_IsHalted()
T3028 23306:470.636 - 0.777ms returns FALSE
T3028 23306:670.086 JLINK_IsHalted()
T3028 23306:670.750 - 0.686ms returns FALSE
T3028 23306:870.659 JLINK_IsHalted()
T3028 23306:871.359 - 0.717ms returns FALSE
T3028 23307:072.063 JLINK_IsHalted()
T3028 23307:073.191 - 1.148ms returns FALSE
T3028 23307:273.294 JLINK_IsHalted()
T3028 23307:273.977 - 0.692ms returns FALSE
T3028 23307:476.503 JLINK_IsHalted()
T3028 23307:477.583 - 1.098ms returns FALSE
T3028 23307:680.483 JLINK_IsHalted()
T3028 23307:681.175 - 0.709ms returns FALSE
T3028 23307:885.302 JLINK_IsHalted()
T3028 23307:885.995 - 0.710ms returns FALSE
T3028 23308:087.379 JLINK_IsHalted()
T3028 23308:088.072 - 0.713ms returns FALSE
T3028 23308:287.805 JLINK_IsHalted()
T3028 23308:288.554 - 0.772ms returns FALSE
T3028 23308:488.049 JLINK_IsHalted()
T3028 23308:488.805 - 0.810ms returns FALSE
T3028 23308:688.218 JLINK_IsHalted()
T3028 23308:688.998 - 0.798ms returns FALSE
T3028 23308:888.714 JLINK_IsHalted()
T3028 23308:889.457 - 0.754ms returns FALSE
T3028 23309:089.245 JLINK_IsHalted()
T3028 23309:090.358 - 1.132ms returns FALSE
T3028 23309:291.002 JLINK_IsHalted()
T3028 23309:292.202 - 1.220ms returns FALSE
T3028 23309:495.358 JLINK_IsHalted()
T3028 23309:496.574 - 1.258ms returns FALSE
T3028 23309:698.066 JLINK_IsHalted()
T3028 23309:699.110 - 1.064ms returns FALSE
T3028 23309:899.444 JLINK_IsHalted()
T3028 23309:900.542 - 1.117ms returns FALSE
T3028 23310:103.408 JLINK_IsHalted()
T3028 23310:104.128 - 0.738ms returns FALSE
T3028 23310:305.020 JLINK_IsHalted()
T3028 23310:306.069 - 1.084ms returns FALSE
T3028 23310:506.523 JLINK_IsHalted()
T3028 23310:507.235 - 0.735ms returns FALSE
T3028 23310:706.666 JLINK_IsHalted()
T3028 23310:707.584 - 0.934ms returns FALSE
T3028 23310:907.435 JLINK_IsHalted()
T3028 23310:908.477 - 1.066ms returns FALSE
T3028 23311:110.477 JLINK_IsHalted()
T3028 23311:111.131 - 0.665ms returns FALSE
T3028 23311:311.459 JLINK_IsHalted()
T3028 23311:312.223 - 0.782ms returns FALSE
T3028 23311:512.478 JLINK_IsHalted()
T3028 23311:513.095 - 0.630ms returns FALSE
T3028 23311:714.102 JLINK_IsHalted()
T3028 23311:714.795 - 0.708ms returns FALSE
T3028 23311:914.994 JLINK_IsHalted()
T3028 23311:915.979 - 1.009ms returns FALSE
T3028 23312:118.002 JLINK_IsHalted()
T3028 23312:118.641 - 0.651ms returns FALSE
T3028 23312:318.362 JLINK_IsHalted()
T3028 23312:319.553 - 1.210ms returns FALSE
T3028 23312:520.541 JLINK_IsHalted()
T3028 23312:521.720 - 1.199ms returns FALSE
T3028 23312:722.659 JLINK_IsHalted()
T3028 23312:723.830 - 1.202ms returns FALSE
T3028 23312:924.633 JLINK_IsHalted()
T3028 23312:925.251 - 0.628ms returns FALSE
T3028 23313:127.888 JLINK_IsHalted()
T3028 23313:128.976 - 1.113ms returns FALSE
T3028 23313:329.619 JLINK_IsHalted()
T3028 23313:330.814 - 1.214ms returns FALSE
T3028 23313:530.913 JLINK_IsHalted()
T3028 23313:531.626 - 0.731ms returns FALSE
T3028 23313:732.022 JLINK_IsHalted()
T3028 23313:733.288 - 1.286ms returns FALSE
T3028 23313:933.326 JLINK_IsHalted()
T3028 23313:934.518 - 1.212ms returns FALSE
T3028 23314:135.486 JLINK_IsHalted()
T3028 23314:136.136 - 0.664ms returns FALSE
T3028 23314:335.930 JLINK_IsHalted()
T3028 23314:337.135 - 1.238ms returns FALSE
T3028 23314:539.848 JLINK_IsHalted()
T3028 23314:541.097 - 1.272ms returns FALSE
T3028 23314:741.657 JLINK_IsHalted()
T3028 23314:742.641 - 0.992ms returns FALSE
T3028 23314:943.225 JLINK_IsHalted()
T3028 23314:944.196 - 1.002ms returns FALSE
T3028 23315:144.937 JLINK_IsHalted()
T3028 23315:145.590 - 0.663ms returns FALSE
T3028 23315:346.685 JLINK_IsHalted()
T3028 23315:347.569 - 0.902ms returns FALSE
T3028 23315:551.255 JLINK_IsHalted()
T3028 23315:552.015 - 0.778ms returns FALSE
T3028 23315:751.258 JLINK_IsHalted()
T3028 23315:752.450 - 1.212ms returns FALSE
T3028 23315:955.166 JLINK_IsHalted()
T3028 23315:956.237 - 1.090ms returns FALSE
T3028 23316:158.067 JLINK_IsHalted()
T3028 23316:159.047 - 1.000ms returns FALSE
T3028 23316:359.352 JLINK_IsHalted()
T3028 23316:360.617 - 1.299ms returns FALSE
T3028 23316:561.397 JLINK_IsHalted()
T3028 23316:562.519 - 1.157ms returns FALSE
T3028 23316:762.685 JLINK_IsHalted()
T3028 23316:763.349 - 0.682ms returns FALSE
T3028 23316:962.936 JLINK_IsHalted()
T3028 23316:963.649 - 0.733ms returns FALSE
T3028 23317:163.014 JLINK_IsHalted()
T3028 23317:163.705 - 0.718ms returns FALSE
T3028 23317:364.344 JLINK_IsHalted()
T3028 23317:365.436 - 1.173ms returns FALSE
T3028 23317:565.561 JLINK_IsHalted()
T3028 23317:566.573 - 1.022ms returns FALSE
T3028 23317:767.033 JLINK_IsHalted()
T3028 23317:767.987 - 0.984ms returns FALSE
T3028 23317:968.934 JLINK_IsHalted()
T3028 23317:970.048 - 1.134ms returns FALSE
T3028 23318:171.230 JLINK_IsHalted()
T3028 23318:171.934 - 0.722ms returns FALSE
T3028 23318:372.987 JLINK_IsHalted()
T3028 23318:373.670 - 0.698ms returns FALSE
T3028 23318:578.689 JLINK_IsHalted()
T3028 23318:579.557 - 0.887ms returns FALSE
T3028 23318:780.978 JLINK_IsHalted()
T3028 23318:781.880 - 0.912ms returns FALSE
T3028 23318:982.241 JLINK_IsHalted()
T3028 23318:983.184 - 0.964ms returns FALSE
T3028 23319:183.343 JLINK_IsHalted()
T3028 23319:183.911 - 0.592ms returns FALSE
T3028 23319:385.484 JLINK_IsHalted()
T3028 23319:386.195 - 0.728ms returns FALSE
T3028 23319:586.523 JLINK_IsHalted()
T3028 23319:587.259 - 0.749ms returns FALSE
T3028 23319:788.918 JLINK_IsHalted()
T3028 23319:789.949 - 1.041ms returns FALSE
T3028 23319:991.310 JLINK_IsHalted()
T3028 23319:992.026 - 0.730ms returns FALSE
T3028 23320:194.562 JLINK_IsHalted()
T3028 23320:195.549 - 1.002ms returns FALSE
T3028 23320:395.740 JLINK_IsHalted()
T3028 23320:396.801 - 1.095ms returns FALSE
T3028 23320:597.248 JLINK_IsHalted()
T3028 23320:597.931 - 0.693ms returns FALSE
T3028 23320:797.887 JLINK_IsHalted()
T3028 23320:799.026 - 1.159ms returns FALSE
T3028 23320:999.770 JLINK_IsHalted()
T3028 23321:000.420 - 0.661ms returns FALSE
T3028 23321:200.264 JLINK_IsHalted()
T3028 23321:200.974 - 0.727ms returns FALSE
T3028 23321:401.069 JLINK_IsHalted()
T3028 23321:401.664 - 0.611ms returns FALSE
T3028 23321:601.119 JLINK_IsHalted()
T3028 23321:601.791 - 0.682ms returns FALSE
T3028 23321:801.400 JLINK_IsHalted()
T3028 23321:802.156 - 0.774ms returns FALSE
T3028 23322:002.039 JLINK_IsHalted()
T3028 23322:002.777 - 0.758ms returns FALSE
T3028 23322:202.706 JLINK_IsHalted()
T3028 23322:203.376 - 0.680ms returns FALSE
T3028 23322:402.904 JLINK_IsHalted()
T3028 23322:403.628 - 0.786ms returns FALSE
T3028 23322:603.417 JLINK_IsHalted()
T3028 23322:604.457 - 1.056ms returns FALSE
T3028 23322:806.217 JLINK_IsHalted()
T3028 23322:806.872 - 0.665ms returns FALSE
T3028 23323:006.579 JLINK_IsHalted()
T3028 23323:007.269 - 0.710ms returns FALSE
T3028 23323:207.207 JLINK_IsHalted()
T3028 23323:207.822 - 0.625ms returns FALSE
T3028 23323:409.119 JLINK_IsHalted()
T3028 23323:409.752 - 0.646ms returns FALSE
T3028 23323:610.350 JLINK_IsHalted()
T3028 23323:611.369 - 1.064ms returns FALSE
T3028 23323:812.906 JLINK_IsHalted()
T3028 23323:813.590 - 0.696ms returns FALSE
T3028 23324:016.551 JLINK_IsHalted()
T3028 23324:017.109 - 0.568ms returns FALSE
T3028 23324:218.764 JLINK_IsHalted()
T3028 23324:219.686 - 0.944ms returns FALSE
T3028 23324:421.216 JLINK_IsHalted()
T3028 23324:421.860 - 0.653ms returns FALSE
T3028 23324:622.214 JLINK_IsHalted()
T3028 23324:622.902 - 0.705ms returns FALSE
T3028 23324:823.230 JLINK_IsHalted()
T3028 23324:823.799 - 0.577ms returns FALSE
T3028 23325:025.441 JLINK_IsHalted()
T3028 23325:026.178 - 0.750ms returns FALSE
T3028 23325:228.990 JLINK_IsHalted()
T3028 23325:229.651 - 0.670ms returns FALSE
T3028 23325:431.775 JLINK_IsHalted()
T3028 23325:432.368 - 0.612ms returns FALSE
T3028 23325:632.882 JLINK_IsHalted()
T3028 23325:633.628 - 0.768ms returns FALSE
T3028 23325:833.714 JLINK_IsHalted()
T3028 23325:834.348 - 0.646ms returns FALSE
T3028 23326:035.730 JLINK_IsHalted()
T3028 23326:036.343 - 0.627ms returns FALSE
T3028 23326:237.513 JLINK_IsHalted()
T3028 23326:238.070 - 0.567ms returns FALSE
T3028 23326:438.858 JLINK_IsHalted()
T3028 23326:439.570 - 0.732ms returns FALSE
T3028 23326:639.945 JLINK_IsHalted()
T3028 23326:640.582 - 0.646ms returns FALSE
T3028 23326:840.582 JLINK_IsHalted()
T3028 23326:841.176 - 0.611ms returns FALSE
T3028 23327:042.583 JLINK_IsHalted()
T3028 23327:043.200 - 0.630ms returns FALSE
T3028 23327:243.458 JLINK_IsHalted()
T3028 23327:244.124 - 0.675ms returns FALSE
T3028 23327:445.892 JLINK_IsHalted()
T3028 23327:446.590 - 0.716ms returns FALSE
T3028 23327:647.484 JLINK_IsHalted()
T3028 23327:648.281 - 0.806ms returns FALSE
T3028 23327:851.655 JLINK_IsHalted()
T3028 23327:852.411 - 0.774ms returns FALSE
T3028 23328:054.780 JLINK_IsHalted()
T3028 23328:055.531 - 0.785ms returns FALSE
T3028 23328:255.863 JLINK_IsHalted()
T3028 23328:256.549 - 0.696ms returns FALSE
T3028 23328:456.647 JLINK_IsHalted()
T3028 23328:457.597 - 0.969ms returns FALSE
T3028 23328:657.382 JLINK_IsHalted()
T3028 23328:658.108 - 0.754ms returns FALSE
T3028 23328:859.237 JLINK_IsHalted()
T3028 23328:860.415 - 1.197ms returns FALSE
T3028 23329:063.163 JLINK_IsHalted()
T3028 23329:063.928 - 0.788ms returns FALSE
T3028 23329:265.653 JLINK_IsHalted()
T3028 23329:266.568 - 0.930ms returns FALSE
T3028 23329:466.780 JLINK_IsHalted()
T3028 23329:467.437 - 0.677ms returns FALSE
T3028 23329:667.036 JLINK_IsHalted()
T3028 23329:668.154 - 1.144ms returns FALSE
T3028 23329:869.620 JLINK_IsHalted()
T3028 23329:870.746 - 1.145ms returns FALSE
T3028 23330:071.145 JLINK_IsHalted()
T3028 23330:071.833 - 0.696ms returns FALSE
T3028 23330:271.973 JLINK_IsHalted()
T3028 23330:272.825 - 0.874ms returns FALSE
T3028 23330:476.798 JLINK_IsHalted()
T3028 23330:477.983 - 1.232ms returns FALSE
T3028 23330:679.677 JLINK_IsHalted()
T3028 23330:680.372 - 0.705ms returns FALSE
T3028 23330:885.922 JLINK_IsHalted()
T3028 23330:887.059 - 1.157ms returns FALSE
T3028 23331:087.596 JLINK_IsHalted()
T3028 23331:088.905 - 1.330ms returns FALSE
T3028 23331:289.332 JLINK_IsHalted()
T3028 23331:289.947 - 0.623ms returns FALSE
T3028 23331:489.645 JLINK_IsHalted()
T3028 23331:490.647 - 1.021ms returns FALSE
T3028 23331:691.530 JLINK_IsHalted()
T3028 23331:692.185 - 0.679ms returns FALSE
T3028 23331:894.399 JLINK_IsHalted()
T3028 23331:895.021 - 0.643ms returns FALSE
T3028 23332:094.972 JLINK_IsHalted()
T3028 23332:095.712 - 0.758ms returns FALSE
T3028 23332:295.822 JLINK_IsHalted()
T3028 23332:296.571 - 0.757ms returns FALSE
T3028 23332:496.971 JLINK_IsHalted()
T3028 23332:497.565 - 0.610ms returns FALSE
T3028 23332:698.958 JLINK_IsHalted()
T3028 23332:699.687 - 0.738ms returns FALSE
T3028 23332:899.317 JLINK_IsHalted()
T3028 23332:900.623 - 1.326ms returns FALSE
T3028 23333:101.489 JLINK_IsHalted()
T3028 23333:102.833 - 1.363ms returns FALSE
T3028 23333:303.338 JLINK_IsHalted()
T3028 23333:304.650 - 1.346ms returns FALSE
T3028 23333:506.599 JLINK_IsHalted()
T3028 23333:507.832 - 1.254ms returns FALSE
T3028 23333:709.473 JLINK_IsHalted()
T3028 23333:710.574 - 1.120ms returns FALSE
T3028 23333:911.378 JLINK_IsHalted()
T3028 23333:912.378 - 1.033ms returns FALSE
T3028 23334:112.732 JLINK_IsHalted()
T3028 23334:113.398 - 0.690ms returns FALSE
T3028 23334:314.501 JLINK_IsHalted()
T3028 23334:315.309 - 0.827ms returns FALSE
T3028 23334:516.611 JLINK_IsHalted()
T3028 23334:517.567 - 0.997ms returns FALSE
T3028 23334:720.430 JLINK_IsHalted()
T3028 23334:721.133 - 0.724ms returns FALSE
T3028 23334:922.253 JLINK_IsHalted()
T3028 23334:922.983 - 0.744ms returns FALSE
T3028 23335:123.336 JLINK_IsHalted()
T3028 23335:123.997 - 0.673ms returns FALSE
T3028 23335:323.808 JLINK_IsHalted()
T3028 23335:324.559 - 0.767ms returns FALSE
T3028 23335:526.954 JLINK_IsHalted()
T3028 23335:527.577 - 0.643ms returns FALSE
T3028 23335:729.146 JLINK_IsHalted()
T3028 23335:729.828 - 0.700ms returns FALSE
T3028 23335:930.039 JLINK_IsHalted()
T3028 23335:930.809 - 0.789ms returns FALSE
T3028 23336:131.922 JLINK_IsHalted()
T3028 23336:132.614 - 0.721ms returns FALSE
T3028 23336:332.004 JLINK_IsHalted()
T3028 23336:332.639 - 0.647ms returns FALSE
T3028 23336:533.813 JLINK_IsHalted()
T3028 23336:535.029 - 1.235ms returns FALSE
T3028 23336:738.974 JLINK_IsHalted()
T3028 23336:739.870 - 0.917ms returns FALSE
T3028 23336:940.066 JLINK_IsHalted()
T3028 23336:940.681 - 0.624ms returns FALSE
T3028 23337:141.928 JLINK_IsHalted()
T3028 23337:142.589 - 0.669ms returns FALSE
T3028 23337:343.930 JLINK_IsHalted()
T3028 23337:344.616 - 0.705ms returns FALSE
T3028 23337:546.114 JLINK_IsHalted()
T3028 23337:546.991 - 0.918ms returns FALSE
T3028 23337:746.561 JLINK_IsHalted()
T3028 23337:747.197 - 0.646ms returns FALSE
T3028 23337:946.703 JLINK_IsHalted()
T3028 23337:947.610 - 0.926ms returns FALSE
T3028 23338:150.848 JLINK_IsHalted()
T3028 23338:151.559 - 0.736ms returns FALSE
T3028 23338:351.783 JLINK_IsHalted()
T3028 23338:352.426 - 0.651ms returns FALSE
T3028 23338:553.920 JLINK_IsHalted()
T3028 23338:554.633 - 0.724ms returns FALSE
T3028 23338:756.846 JLINK_IsHalted()
T3028 23338:758.180 - 1.354ms returns FALSE
T3028 23338:958.807 JLINK_IsHalted()
T3028 23338:959.928 - 1.141ms returns FALSE
T3028 23339:159.734 JLINK_IsHalted()
T3028 23339:160.375 - 0.652ms returns FALSE
T3028 23339:363.125 JLINK_IsHalted()
T3028 23339:363.777 - 0.664ms returns FALSE
T3028 23339:564.235 JLINK_IsHalted()
T3028 23339:564.891 - 0.668ms returns FALSE
T3028 23339:766.552 JLINK_IsHalted()
T3028 23339:767.121 - 0.581ms returns FALSE
T3028 23339:966.743 JLINK_IsHalted()
T3028 23339:967.688 - 0.967ms returns FALSE
T3028 23340:167.873 JLINK_IsHalted()
T3028 23340:168.595 - 0.732ms returns FALSE
T3028 23340:368.362 JLINK_IsHalted()
T3028 23340:369.371 - 1.037ms returns FALSE
T3028 23340:571.042 JLINK_IsHalted()
T3028 23340:571.719 - 0.693ms returns FALSE
T3028 23340:772.744 JLINK_IsHalted()
T3028 23340:774.021 - 1.296ms returns FALSE
T3028 23340:974.271 JLINK_IsHalted()
T3028 23340:974.929 - 0.674ms returns FALSE
T3028 23341:175.330 JLINK_IsHalted()
T3028 23341:176.085 - 0.771ms returns FALSE
T3028 23341:376.258 JLINK_IsHalted()
T3028 23341:377.625 - 1.387ms returns FALSE
T3028 23341:580.397 JLINK_IsHalted()
T3028 23341:581.133 - 0.757ms returns FALSE
T3028 23341:781.263 JLINK_IsHalted()
T3028 23341:782.434 - 1.191ms returns FALSE
T3028 23341:985.559 JLINK_IsHalted()
T3028 23341:986.310 - 0.773ms returns FALSE
T3028 23342:188.740 JLINK_IsHalted()
T3028 23342:189.808 - 1.087ms returns FALSE
T3028 23342:391.004 JLINK_IsHalted()
T3028 23342:391.640 - 0.646ms returns FALSE
T3028 23342:595.602 JLINK_IsHalted()
T3028 23342:596.316 - 0.738ms returns FALSE
T3028 23342:796.587 JLINK_IsHalted()
T3028 23342:797.276 - 0.697ms returns FALSE
T3028 23342:998.548 JLINK_IsHalted()
T3028 23342:999.195 - 0.661ms returns FALSE
T3028 23343:198.870 JLINK_IsHalted()
T3028 23343:199.498 - 0.637ms returns FALSE
T3028 23343:399.027 JLINK_IsHalted()
T3028 23343:400.253 - 1.245ms returns FALSE
T3028 23343:600.748 JLINK_IsHalted()
T3028 23343:601.719 - 1.028ms returns FALSE
T3028 23343:803.590 JLINK_IsHalted()
T3028 23343:804.278 - 0.707ms returns FALSE
T3028 23344:006.696 JLINK_IsHalted()
T3028 23344:007.550 - 0.896ms returns FALSE
T3028 23344:212.479 JLINK_IsHalted()
T3028 23344:213.428 - 0.970ms returns FALSE
T3028 23344:416.735 JLINK_IsHalted()
T3028 23344:417.465 - 0.748ms returns FALSE
T3028 23344:618.825 JLINK_IsHalted()
T3028 23344:619.468 - 0.652ms returns FALSE
T3028 23344:819.045 JLINK_IsHalted()
T3028 23344:820.002 - 0.976ms returns FALSE
T3028 23345:019.161 JLINK_IsHalted()
T3028 23345:020.351 - 1.231ms returns FALSE
T3028 23345:220.484 JLINK_IsHalted()
T3028 23345:221.674 - 1.210ms returns FALSE
T3028 23345:422.183 JLINK_IsHalted()
T3028 23345:423.451 - 1.287ms returns FALSE
T3028 23345:625.563 JLINK_IsHalted()
T3028 23345:626.610 - 1.066ms returns FALSE
T3028 23345:827.628 JLINK_IsHalted()
T3028 23345:828.906 - 1.297ms returns FALSE
T3028 23346:031.811 JLINK_IsHalted()
T3028 23346:033.129 - 1.337ms returns FALSE
T3028 23346:236.385 JLINK_IsHalted()
T3028 23346:237.093 - 0.723ms returns FALSE
T3028 23346:439.417 JLINK_IsHalted()
T3028 23346:440.475 - 1.077ms returns FALSE
T3028 23346:641.828 JLINK_IsHalted()
T3028 23346:642.783 - 0.976ms returns FALSE
T3028 23346:842.568 JLINK_IsHalted()
T3028 23346:843.257 - 0.699ms returns FALSE
T3028 23347:044.426 JLINK_IsHalted()
T3028 23347:045.082 - 0.666ms returns FALSE
T3028 23347:246.479 JLINK_IsHalted()
T3028 23347:247.101 - 0.634ms returns FALSE
T3028 23347:447.418 JLINK_IsHalted()
T3028 23347:448.132 - 0.732ms returns FALSE
T3028 23347:649.542 JLINK_IsHalted()
T3028 23347:650.433 - 0.901ms returns FALSE
T3028 23347:851.516 JLINK_IsHalted()
T3028 23347:852.585 - 1.077ms returns FALSE
T3028 23348:052.931 JLINK_IsHalted()
T3028 23348:054.103 - 1.192ms returns FALSE
T3028 23348:254.127 JLINK_IsHalted()
T3028 23348:254.794 - 0.679ms returns FALSE
T3028 23348:456.300 JLINK_IsHalted()
T3028 23348:457.169 - 0.885ms returns FALSE
T3028 23348:657.013 JLINK_IsHalted()
T3028 23348:657.646 - 0.640ms returns FALSE
T3028 23348:857.192 JLINK_IsHalted()
T3028 23348:857.815 - 0.634ms returns FALSE
T3028 23349:058.644 JLINK_IsHalted()
T3028 23349:059.262 - 0.627ms returns FALSE
T3028 23349:261.931 JLINK_IsHalted()
T3028 23349:262.689 - 0.801ms returns FALSE
T3028 23349:462.131 JLINK_IsHalted()
T3028 23349:462.854 - 0.744ms returns FALSE
T3028 23349:662.196 JLINK_IsHalted()
T3028 23349:662.851 - 0.672ms returns FALSE
T3028 23349:862.473 JLINK_IsHalted()
T3028 23349:863.162 - 0.725ms returns FALSE
T3028 23350:062.713 JLINK_IsHalted()
T3028 23350:063.356 - 0.661ms returns FALSE
T3028 23350:263.284 JLINK_IsHalted()
T3028 23350:263.948 - 0.674ms returns FALSE
T0AF0 23350:276.260 JLINK_Halt()
T0AF0 23350:279.103 - 2.859ms returns 0x00
T3028 23350:464.206 JLINK_IsHalted()
T3028 23350:464.262 - 0.063ms returns TRUE
T3028 23350:464.282 JLINK_GetMOEs(...)
T3028 23350:464.300   CPU_ReadMem(4 bytes @ 0xE000ED30)
T3028 23350:464.868 - 0.597ms returns 0x01
T3028 23350:464.891 JLINK_ReadReg(R15 (PC))
T3028 23350:464.902 - 0.014ms returns 0x004018C4
T6198 23350:465.728 JLINK_ResetPullsRESET(ON)
T6198 23350:465.744 - 0.020ms
T6198 23350:465.754 JLINK_ResetNoHalt()
T6198 23350:467.320   Found SW-DP with ID 0x2BA01477
T6198 23350:471.202   DPIDR: 0x2BA01477
T6198 23350:471.254   AP map detection skipped. Manually configured AP map found.
T6198 23350:471.288   AP[0]: AHB-AP (IDR: Not set)
T6198 23350:472.715   AP[0]: Core found
T6198 23350:472.748   AP[0]: AHB-AP ROM base: 0xE00FF000
T6198 23350:473.471   CPUID register: 0x410FC241. Implementer code: 0x41 (ARM)
T6198 23350:473.510   Found Cortex-M4 r0p1, Little endian.
T6198 23350:575.825   -- Max. mem block: 0x00010AF8
T6198 23350:575.858   CPU_ReadMem(4 bytes @ 0xE000EDF0)
T6198 23350:577.063   CPU_ReadMem(4 bytes @ 0xE0002000)
T6198 23350:578.384   FPUnit: 6 code (BP) slots and 2 literal slots
T6198 23350:578.420   CPU_ReadMem(4 bytes @ 0xE000EDFC)
T6198 23350:579.113   CPU_ReadMem(4 bytes @ 0xE0001000)
T6198 23350:579.858   CPU_ReadMem(4 bytes @ 0xE000ED88)
T6198 23350:580.594   CPU_WriteMem(4 bytes @ 0xE000ED88)
T6198 23350:581.238   CPU_ReadMem(4 bytes @ 0xE000ED88)
T6198 23350:581.816   CPU_WriteMem(4 bytes @ 0xE000ED88)
T6198 23350:582.441   CoreSight components:
T6198 23350:582.465   ROMTbl[0] @ E00FF000
T6198 23350:582.478   CPU_ReadMem(64 bytes @ 0xE00FF000)
T6198 23350:583.443   CPU_ReadMem(32 bytes @ 0xE000EFE0)
T6198 23350:584.133   [0][0]: E000E000 CID B105E00D PID 000BB00C SCS-M7
T6198 23350:584.152   CPU_WriteMem(4 bytes @ 0xE0001000)
T6198 23350:584.699   CPU_ReadMem(32 bytes @ 0xE0001FE0)
T6198 23350:585.401   [0][1]: E0001000 CID B105E00D PID 003BB002 DWT
T6198 23350:585.425   CPU_ReadMem(32 bytes @ 0xE0002FE0)
T6198 23350:586.062   [0][2]: E0002000 CID B105E00D PID 002BB003 FPB
T6198 23350:586.077   CPU_ReadMem(32 bytes @ 0xE0000FE0)
T6198 23350:586.744   [0][3]: E0000000 CID B105E00D PID 003BB001 ITM
T6198 23350:586.759   CPU_ReadMem(32 bytes @ 0xE0040FE0)
T6198 23350:587.427   [0][4]: E0040000 CID B105900D PID 000BB9A1 TPIU
T6198 23350:587.449   JLINK_Reset()
T6198 23350:587.461     CPU_ReadMem(16 bytes @ 0x20000000)
T6198 23350:588.081     CPU_WriteMem(16 bytes @ 0x20000000)
T6198 23350:588.620     CPU_ReadMem(4 bytes @ 0xE000EDFC)
T6198 23350:589.196     CPU_WriteMem(4 bytes @ 0xE000EDFC)
T6198 23350:589.739     CPU_ReadMem(4 bytes @ 0xE0001000)
T6198 23350:605.301     CPU_WriteMem(4 bytes @ 0xE000EDFC)
T6198 23350:606.593     CPU_WriteMem(16 bytes @ 0x20000000)
T6198 23350:611.891     CPU_WriteMem(4 bytes @ 0xE0002000)
T6198 23350:612.867     CPU_ReadMem(4 bytes @ 0xE000EDFC)
T6198 23350:613.536     CPU_ReadMem(4 bytes @ 0xE0001000)
T6198 23350:614.340   - 26.904ms
T6198 23350:614.363   JLINK_Go()
T6198 23350:614.379     CPU_ReadMem(4 bytes @ 0xE0001000)
T6198 23350:615.133     CPU_WriteMem(4 bytes @ 0xE0002008)
T6198 23350:615.157     CPU_WriteMem(4 bytes @ 0xE000200C)
T6198 23350:615.168     CPU_WriteMem(4 bytes @ 0xE0002010)
T6198 23350:615.179     CPU_WriteMem(4 bytes @ 0xE0002014)
T6198 23350:615.189     CPU_WriteMem(4 bytes @ 0xE0002018)
T6198 23350:615.200     CPU_WriteMem(4 bytes @ 0xE000201C)
T6198 23350:616.942     CPU_WriteMem(4 bytes @ 0xE0001004)
T6198 23350:618.995   - 4.642ms
T6198 23350:619.011 - 153.261ms
T6198 23350:624.877 JLINK_Close()
T6198 23350:625.838   CPU is running
T6198 23350:625.869   CPU_WriteMem(4 bytes @ 0xE0002008)
T6198 23350:626.860   CPU is running
T6198 23350:626.880   CPU_WriteMem(4 bytes @ 0xE000200C)
T6198 23350:627.769   CPU is running
T6198 23350:627.792   CPU_WriteMem(4 bytes @ 0xE0002010)
T6198 23350:628.780   CPU is running
T6198 23350:628.800   CPU_WriteMem(4 bytes @ 0xE0002014)
T6198 23350:629.693   CPU is running
T6198 23350:629.716   CPU_WriteMem(4 bytes @ 0xE0002018)
T6198 23350:630.428   CPU is running
T6198 23350:630.455   CPU_WriteMem(4 bytes @ 0xE000201C)
T6198 23350:656.057 - 31.203ms
T6198 23350:656.084   
T6198 23350:656.092   Closed
