T6198 23350:701.978   SEGGER J-Link V7.54c Log File
T6198 23350:702.081   DLL Compiled: Sep 20 2021 13:55:02
T6198 23350:702.194   Logging started @ 2021-10-09 08:14
T6198 23350:702.226 - 77.359ms
T6198 23356:733.932 JLINK_ExecCommand("Device = ATSAM4E8E", ...). 
T6198 23356:734.233   Device "ATSAM4E8E" selected.
T6198 23356:734.570 - 0.608ms returns 0x00
T6198 23356:744.006 JLINK_TIF_Select(JLINKARM_TIF_SWD)
T6198 23356:745.791 - 1.818ms returns 0x00
T6198 23356:745.846 JLINK_SetSpeed(4000)
T6198 23356:746.218 - 0.405ms
T6198 23356:746.270 JLINK_ResetPullsRESET(OFF)
T6198 23356:746.291 - 0.030ms
T6198 23356:746.313 JLINK_Connect()
T6198 23356:747.964   Found SW-DP with ID 0x2BA01477
T6198 23356:752.486   DPIDR: 0x2BA01477
T6198 23356:752.683   Scanning AP map to find all available APs
T6198 23356:753.864   AP[1]: Stopped AP scan as end of AP map has been reached
T6198 23356:753.941   AP[0]: AHB-AP (IDR: 0x24770011)
T6198 23356:753.971   Iterating through AP map to find AHB-AP to use
T6198 23356:755.569   AP[0]: Core found
T6198 23356:755.595   AP[0]: AHB-AP ROM base: 0xE00FF000
T6198 23356:756.418   CPUID register: 0x410FC241. Implementer code: 0x41 (ARM)
T6198 23356:756.443   Found Cortex-M4 r0p1, Little endian.
T6198 23356:858.030   -- Max. mem block: 0x00010C40
T6198 23356:858.515   CPU_ReadMem(4 bytes @ 0xE000EDF0)
T6198 23356:859.109   CPU_WriteMem(4 bytes @ 0xE000EDF0)
T6198 23356:859.726   CPU_ReadMem(4 bytes @ 0xE0002000)
T6198 23356:860.439   FPUnit: 6 code (BP) slots and 2 literal slots
T6198 23356:860.462   CPU_ReadMem(4 bytes @ 0xE000EDFC)
T6198 23356:861.033   CPU_WriteMem(4 bytes @ 0xE000EDFC)
T6198 23356:861.638   CPU_ReadMem(4 bytes @ 0xE0001000)
T6198 23356:862.291   CPU_WriteMem(4 bytes @ 0xE0001000)
T6198 23356:862.912   CPU_ReadMem(4 bytes @ 0xE000ED88)
T6198 23356:863.565   CPU_WriteMem(4 bytes @ 0xE000ED88)
T6198 23356:864.081   CPU_ReadMem(4 bytes @ 0xE000ED88)
T6198 23356:864.620   CPU_WriteMem(4 bytes @ 0xE000ED88)
T6198 23356:865.222   CoreSight components:
T6198 23356:865.248   ROMTbl[0] @ E00FF000
T6198 23356:865.261   CPU_ReadMem(64 bytes @ 0xE00FF000)
T6198 23356:866.080   CPU_ReadMem(32 bytes @ 0xE000EFE0)
T6198 23356:866.817   [0][0]: E000E000 CID B105E00D PID 000BB00C SCS-M7
T6198 23356:866.838   CPU_ReadMem(32 bytes @ 0xE0001FE0)
T6198 23356:867.522   [0][1]: E0001000 CID B105E00D PID 003BB002 DWT
T6198 23356:867.543   CPU_ReadMem(32 bytes @ 0xE0002FE0)
T6198 23356:868.228   [0][2]: E0002000 CID B105E00D PID 002BB003 FPB
T6198 23356:868.254   CPU_ReadMem(32 bytes @ 0xE0000FE0)
T6198 23356:869.038   [0][3]: E0000000 CID B105E00D PID 003BB001 ITM
T6198 23356:869.064   CPU_ReadMem(32 bytes @ 0xE0040FE0)
T6198 23356:869.765   [0][4]: E0040000 CID B105900D PID 000BB9A1 TPIU
T6198 23356:869.796 - 123.486ms returns 0x00
T6198 23356:870.501 JLINK_Halt()
T6198 23356:873.159 - 2.683ms returns 0x00
T6198 23356:873.357 JLINK_BeginDownload(Flags = 0x00000000)
T6198 23356:873.370 - 0.017ms
T6198 23356:873.395 JLINK_WriteMem(0x400E0A04, 0x4 Bytes, ...)
T6198 23356:873.404   Data:  0B 01 00 5A
T6198 23356:873.767   CPU_WriteMem(4 bytes @ 0x400E0A04)
T6198 23356:874.357 - 0.987ms returns 0x4
T6198 23356:874.438 JLINK_EndDownload()
T6198 23356:874.448 - 0.014ms returns 0 (0x0)
T6198 23356:874.458 JLINK_ReadMemHW(0x400E0A08, 0x0004 Bytes, ...)
T6198 23356:874.470   CPU_ReadMem(4 bytes @ 0x400E0A08)
T6198 23356:875.005   Data:  01 00 00 00
T6198 23356:875.035 - 0.582ms returns 0
T6198 23356:875.106 JLINK_SetResetType(JLINKARM_CM3_RESET_TYPE_NORMAL)
T6198 23356:875.120 - 0.019ms returns JLINKARM_CM3_RESET_TYPE_NORMAL
T6198 23356:875.134 JLINK_Reset()
T6198 23356:875.695   CPU_ReadMem(16 bytes @ 0x20000000)
T6198 23356:876.299   CPU_WriteMem(16 bytes @ 0x20000000)
T6198 23356:876.891   CPU_ReadMem(4 bytes @ 0xE000EDFC)
T6198 23356:877.501   CPU_WriteMem(4 bytes @ 0xE000EDFC)
T6198 23356:878.044   CPU_ReadMem(4 bytes @ 0xE0001000)
T6198 23356:893.743   CPU_WriteMem(4 bytes @ 0xE000EDFC)
T6198 23356:894.360   CPU_WriteMem(16 bytes @ 0x20000000)
T6198 23356:897.848   CPU_WriteMem(4 bytes @ 0xE0002000)
T6198 23356:898.396   CPU_ReadMem(4 bytes @ 0xE000EDFC)
T6198 23356:898.956   CPU_ReadMem(4 bytes @ 0xE0001000)
T6198 23356:899.525 - 24.401ms
T6198 23356:901.242 JLINK_JTAG_GetDeviceID(DeviceIndex = 0)
T6198 23356:901.265 - 0.028ms returns 0
T6198 23356:901.279 JLINK_ReadMemU32(0x400E0740, 0x1 Items)
T6198 23356:901.301   CPU_ReadMem(4 bytes @ 0x400E0740)
T6198 23356:901.847   Data:  E1 0C CC A3
T6198 23356:901.870 - 0.596ms returns 1 (0x1)
T6198 23356:901.920 JLINK_ReadMemU32(0x400E0744, 0x1 Items)
T6198 23356:901.942   CPU_ReadMem(4 bytes @ 0x400E0744)
T6198 23356:902.544   Data:  08 02 12 00
T6198 23356:902.566 - 0.650ms returns 1 (0x1)
T6198 23356:902.658 JLINK_BeginDownload(Flags = 0x00000000)
T6198 23356:902.669 - 0.014ms
T6198 23356:902.688 JLINK_WriteMem(0x400E0A04, 0x4 Bytes, ...)
T6198 23356:902.697   Data:  05 00 00 5A
T6198 23356:902.718   CPU_WriteMem(4 bytes @ 0x400E0A04)
T6198 23356:903.256 - 0.586ms returns 0x4
T6198 23356:903.329 JLINK_EndDownload()
T6198 23356:903.343 - 0.019ms returns 0 (0x0)
T6198 23356:903.356 JLINK_ReadMemHW(0x400E0A08, 0x0004 Bytes, ...)
T6198 23356:903.370   CPU_ReadMem(4 bytes @ 0x400E0A08)
T6198 23356:903.909   Data:  00 00 00 00
T6198 23356:903.930 - 0.580ms returns 0
T6198 23356:907.962 JLINK_ReadMemHW(0x400E0A08, 0x0004 Bytes, ...)
T6198 23356:908.000   CPU_ReadMem(4 bytes @ 0x400E0A08)
T6198 23356:908.563   Data:  00 00 00 00
T6198 23356:908.582 - 0.624ms returns 0
T6198 23356:912.916 JLINK_ReadMemHW(0x400E0A08, 0x0004 Bytes, ...)
T6198 23356:912.955   CPU_ReadMem(4 bytes @ 0x400E0A08)
T6198 23356:913.496   Data:  00 00 00 00
T6198 23356:913.512 - 0.599ms returns 0
T45FC 23356:913.535 JLINK_IsHalted()
T45FC 23356:913.554 - 0.025ms returns TRUE
T45FC 23356:913.572 JLINK_GetMOEs(...)
T45FC 23356:913.587   CPU_ReadMem(4 bytes @ 0xE000ED30)
T45FC 23356:914.256 - 0.693ms returns 0x01
T45FC 23356:914.275 JLINK_ReadReg(R15 (PC))
T45FC 23356:914.286 - 0.014ms returns 0x004051E8
T6198 23356:929.898 JLINK_ReadMemHW(0x400E0A08, 0x0004 Bytes, ...)
T6198 23356:929.932   CPU_ReadMem(4 bytes @ 0x400E0A08)
T6198 23356:930.642   Data:  00 00 00 00
T6198 23356:930.659 - 0.765ms returns 0
T6198 23356:994.823 JLINK_ReadMemHW(0x400E0A08, 0x0004 Bytes, ...)
T6198 23356:994.855   CPU_ReadMem(4 bytes @ 0x400E0A08)
T6198 23356:995.589   Data:  00 00 00 00
T6198 23356:995.606 - 0.787ms returns 0
T45FC 23357:114.096 JLINK_IsHalted()
T45FC 23357:114.119 - 0.027ms returns TRUE
T6198 23357:254.849 JLINK_ReadMemHW(0x400E0A08, 0x0004 Bytes, ...)
T6198 23357:254.988   CPU_ReadMem(4 bytes @ 0x400E0A08)
T6198 23357:255.765   Data:  00 00 00 00
T6198 23357:255.785 - 0.941ms returns 0
T45FC 23357:319.625 JLINK_IsHalted()
T45FC 23357:319.660 - 0.040ms returns TRUE
T45FC 23357:521.096 JLINK_IsHalted()
T45FC 23357:521.772 - 0.688ms returns TRUE
T45FC 23357:721.992 JLINK_IsHalted()
T45FC 23357:722.024 - 0.036ms returns TRUE
T45FC 23357:922.109 JLINK_IsHalted()
T45FC 23357:922.169 - 0.069ms returns TRUE
T45FC 23358:122.437 JLINK_IsHalted()
T45FC 23358:123.278 - 0.856ms returns TRUE
T6198 23358:257.664 JLINK_ReadMemHW(0x400E0A08, 0x0004 Bytes, ...)
T6198 23358:257.708   CPU_ReadMem(4 bytes @ 0x400E0A08)
T6198 23358:258.420   Data:  00 00 00 00
T6198 23358:258.437 - 0.776ms returns 0
T6198 23358:258.533 JLINK_ReadMemHW(0x400E0A08, 0x0004 Bytes, ...)
T6198 23358:258.546   CPU_ReadMem(4 bytes @ 0x400E0A08)
T6198 23358:259.215   Data:  00 00 00 00
T6198 23358:259.230 - 0.701ms returns 0
T6198 23358:261.491 JLINK_ReadMemHW(0x400E0A08, 0x0004 Bytes, ...)
T6198 23358:261.510   CPU_ReadMem(4 bytes @ 0x400E0A08)
T6198 23358:262.129   Data:  00 00 00 00
T6198 23358:262.145 - 0.657ms returns 0
T6198 23358:269.471 JLINK_ReadMemHW(0x400E0A08, 0x0004 Bytes, ...)
T6198 23358:269.501   CPU_ReadMem(4 bytes @ 0x400E0A08)
T6198 23358:270.210   Data:  00 00 00 00
T6198 23358:270.228 - 0.760ms returns 0
T6198 23358:286.548 JLINK_ReadMemHW(0x400E0A08, 0x0004 Bytes, ...)
T6198 23358:286.580   CPU_ReadMem(4 bytes @ 0x400E0A08)
T6198 23358:287.468   Data:  00 00 00 00
T6198 23358:287.488 - 0.944ms returns 0
T45FC 23358:322.600 JLINK_IsHalted()
T45FC 23358:322.644 - 0.047ms returns TRUE
T6198 23358:353.812 JLINK_ReadMemHW(0x400E0A08, 0x0004 Bytes, ...)
T6198 23358:353.846   CPU_ReadMem(4 bytes @ 0x400E0A08)
T6198 23358:354.538   Data:  00 00 00 00
T6198 23358:354.561 - 0.757ms returns 0
T45FC 23358:528.999 JLINK_IsHalted()
T45FC 23358:529.026 - 0.031ms returns TRUE
T6198 23358:612.048 JLINK_ReadMemHW(0x400E0A08, 0x0004 Bytes, ...)
T6198 23358:612.082   CPU_ReadMem(4 bytes @ 0x400E0A08)
T6198 23358:613.062   Data:  00 00 00 00
T6198 23358:613.089 - 1.045ms returns 0
T45FC 23358:729.423 JLINK_IsHalted()
T45FC 23358:730.445 - 1.041ms returns TRUE
T45FC 23358:931.337 JLINK_IsHalted()
T45FC 23358:931.366 - 0.033ms returns TRUE
T45FC 23359:131.995 JLINK_IsHalted()
T45FC 23359:132.028 - 0.038ms returns TRUE
T45FC 23359:335.236 JLINK_IsHalted()
T45FC 23359:336.187 - 0.971ms returns TRUE
T45FC 23359:537.480 JLINK_IsHalted()
T45FC 23359:537.507 - 0.031ms returns TRUE
T6198 23359:618.519 JLINK_ReadMemHW(0x400E0A08, 0x0004 Bytes, ...)
T6198 23359:618.553   CPU_ReadMem(4 bytes @ 0x400E0A08)
T6198 23359:619.691   Data:  00 00 00 00
T6198 23359:619.718 - 1.203ms returns 0
T6198 23359:619.827 JLINK_ReadMemHW(0x400E0A08, 0x0004 Bytes, ...)
T6198 23359:619.846   CPU_ReadMem(4 bytes @ 0x400E0A08)
T6198 23359:620.553   Data:  00 00 00 00
T6198 23359:620.578 - 0.755ms returns 0
T6198 23359:622.226 JLINK_ReadMemHW(0x400E0A08, 0x0004 Bytes, ...)
T6198 23359:622.251   CPU_ReadMem(4 bytes @ 0x400E0A08)
T6198 23359:622.888   Data:  00 00 00 00
T6198 23359:622.907 - 0.685ms returns 0
T6198 23359:628.961 JLINK_ReadMemHW(0x400E0A08, 0x0004 Bytes, ...)
T6198 23359:628.991   CPU_ReadMem(4 bytes @ 0x400E0A08)
T6198 23359:629.618   Data:  00 00 00 00
T6198 23359:629.636 - 0.679ms returns 0
T6198 23359:650.790 JLINK_ReadMemHW(0x400E0A08, 0x0004 Bytes, ...)
T6198 23359:650.824   CPU_ReadMem(4 bytes @ 0x400E0A08)
T6198 23359:652.020   Data:  00 00 00 00
T6198 23359:652.059 - 1.273ms returns 0
T6198 23359:719.041 JLINK_ReadMemHW(0x400E0A08, 0x0004 Bytes, ...)
T6198 23359:719.115   CPU_ReadMem(4 bytes @ 0x400E0A08)
T6198 23359:719.878   Data:  00 00 00 00
T6198 23359:719.907 - 0.870ms returns 0
T45FC 23359:737.889 JLINK_IsHalted()
T45FC 23359:737.918 - 0.033ms returns TRUE
T45FC 23359:939.429 JLINK_IsHalted()
T45FC 23359:940.270 - 0.861ms returns TRUE
T6198 23359:976.952 JLINK_ReadMemHW(0x400E0A08, 0x0004 Bytes, ...)
T6198 23359:976.991   CPU_ReadMem(4 bytes @ 0x400E0A08)
T6198 23359:978.267   Data:  00 00 00 00
T6198 23359:978.294 - 1.345ms returns 0
T45FC 23360:139.889 JLINK_IsHalted()
T45FC 23360:139.918 - 0.033ms returns TRUE
T45FC 23360:341.999 JLINK_IsHalted()
T45FC 23360:342.026 - 0.031ms returns TRUE
T45FC 23360:542.305 JLINK_IsHalted()
T45FC 23360:542.951 - 0.657ms returns TRUE
T45FC 23360:743.271 JLINK_IsHalted()
T45FC 23360:743.313 - 0.045ms returns TRUE
T45FC 23360:944.657 JLINK_IsHalted()
T45FC 23360:944.711 - 0.059ms returns TRUE
T6198 23360:978.567 JLINK_ReadMemHW(0x400E0A08, 0x0004 Bytes, ...)
T6198 23360:978.601   CPU_ReadMem(4 bytes @ 0x400E0A08)
T6198 23360:979.535   Data:  01 00 00 00
T6198 23360:979.564 - 1.000ms returns 0
T45FC 23361:144.799 JLINK_IsHalted()
T45FC 23361:145.458 - 0.674ms returns TRUE
T6198 23361:146.560 JLINK_ResetPullsRESET(ON)
T6198 23361:146.585 - 0.030ms
T6198 23361:146.600 JLINK_ResetNoHalt()
T6198 23361:148.425   Found SW-DP with ID 0x2BA01477
T6198 23361:152.269   DPIDR: 0x2BA01477
T6198 23361:152.316   AP map detection skipped. Manually configured AP map found.
T6198 23361:152.356   AP[0]: AHB-AP (IDR: Not set)
T6198 23361:153.770   AP[0]: Core found
T6198 23361:153.815   AP[0]: AHB-AP ROM base: 0xE00FF000
T6198 23361:154.542   CPUID register: 0x410FC241. Implementer code: 0x41 (ARM)
T6198 23361:154.574   Found Cortex-M4 r0p1, Little endian.
T6198 23361:256.206   -- Max. mem block: 0x00010B40
T6198 23361:256.240   CPU_ReadMem(4 bytes @ 0xE000EDF0)
T6198 23361:257.074   CPU_ReadMem(4 bytes @ 0xE0002000)
T6198 23361:257.969   FPUnit: 6 code (BP) slots and 2 literal slots
T6198 23361:258.000   CPU_ReadMem(4 bytes @ 0xE000EDFC)
T6198 23361:258.731   CPU_ReadMem(4 bytes @ 0xE0001000)
T6198 23361:259.415   CPU_ReadMem(4 bytes @ 0xE000ED88)
T6198 23361:260.012   CPU_WriteMem(4 bytes @ 0xE000ED88)
T6198 23361:260.593   CPU_ReadMem(4 bytes @ 0xE000ED88)
T6198 23361:261.154   CPU_WriteMem(4 bytes @ 0xE000ED88)
T6198 23361:261.809   CoreSight components:
T6198 23361:261.833   ROMTbl[0] @ E00FF000
T6198 23361:261.846   CPU_ReadMem(64 bytes @ 0xE00FF000)
T6198 23361:262.706   CPU_ReadMem(32 bytes @ 0xE000EFE0)
T6198 23361:263.430   [0][0]: E000E000 CID B105E00D PID 000BB00C SCS-M7
T6198 23361:263.447   CPU_WriteMem(4 bytes @ 0xE0001000)
T6198 23361:264.089   CPU_ReadMem(32 bytes @ 0xE0001FE0)
T6198 23361:264.777   [0][1]: E0001000 CID B105E00D PID 003BB002 DWT
T6198 23361:264.795   CPU_ReadMem(32 bytes @ 0xE0002FE0)
T6198 23361:265.465   [0][2]: E0002000 CID B105E00D PID 002BB003 FPB
T6198 23361:265.485   CPU_ReadMem(32 bytes @ 0xE0000FE0)
T6198 23361:266.202   [0][3]: E0000000 CID B105E00D PID 003BB001 ITM
T6198 23361:266.220   CPU_ReadMem(32 bytes @ 0xE0040FE0)
T6198 23361:266.907   [0][4]: E0040000 CID B105900D PID 000BB9A1 TPIU
T6198 23361:266.934   JLINK_Reset()
T6198 23361:266.947     CPU_ReadMem(16 bytes @ 0x20000000)
T6198 23361:267.632     CPU_WriteMem(16 bytes @ 0x20000000)
T6198 23361:268.259     CPU_ReadMem(4 bytes @ 0xE000EDFC)
T6198 23361:268.817     CPU_WriteMem(4 bytes @ 0xE000EDFC)
T6198 23361:269.418     CPU_ReadMem(4 bytes @ 0xE0001000)
T6198 23361:269.973     CPU_WriteMem(4 bytes @ 0xE0001004)
T6198 23361:286.216     CPU_WriteMem(4 bytes @ 0xE000EDFC)
T6198 23361:287.250     CPU_WriteMem(16 bytes @ 0x20000000)
T6198 23361:292.776     CPU_WriteMem(4 bytes @ 0xE0002000)
T6198 23361:294.008     CPU_ReadMem(4 bytes @ 0xE000EDFC)
T6198 23361:295.068     CPU_ReadMem(4 bytes @ 0xE0001000)
T6198 23361:296.038   - 29.123ms
T6198 23361:296.067   JLINK_Go()
T6198 23361:296.080     CPU_ReadMem(4 bytes @ 0xE0001000)
T6198 23361:297.115     CPU_WriteMem(4 bytes @ 0xE0001004)
T6198 23361:299.102   - 3.054ms
T6198 23361:299.127 - 152.531ms
T6198 23361:311.691 JLINK_Close()
T6198 23361:355.356 - 43.691ms
T6198 23361:355.393   
T6198 23361:355.401   Closed
